3 0 158 253 
3 1 210 290 
3 2 195 255 
4 3 105 162 245 
4 4 130 190 287 
2 5 125 
3 6 134 254 
3 7 108 138 
3 8 166 247 
3 9 141 285 
2 10 243 
2 11 276 
2 12 207 
3 13 132 256 
3 14 119 298 
2 15 170 
2 16 227 
3 17 131 257 
4 18 173 238 283 
3 19 165 266 
3 20 192 258 
3 21 148 235 
3 22 146 263 
3 23 184 232 
3 24 104 205 
2 25 204 
4 26 117 230 291 
4 27 129 183 213 
2 28 185 
3 29 142 246 
4 30 109 144 214 
2 31 154 
3 32 193 259 
3 34 137 218 
4 35 118 200 280 
3 37 172 233 
2 38 156 
3 39 149 262 
3 40 169 268 
2 41 186 
2 42 242 
3 43 182 278 
3 44 113 201 
4 45 107 202 286 
2 46 177 
2 47 219 
2 48 228 
2 49 240 
4 50 178 251 297 
5 51 122 136 215 281 
3 52 133 248 
3 53 159 269 
2 54 224 
4 55 115 157 260 
3 56 120 196 
3 57 197 294 
3 58 114 225 
2 59 161 
4 60 124 211 279 
4 61 110 147 217 
3 62 139 261 
2 63 220 
3 64 116 273 
3 66 106 267 
2 67 143 
3 68 187 241 
4 69 150 222 231 
3 70 160 271 
3 71 151 244 
3 72 126 284 
3 73 188 265 
2 74 181 
3 75 163 299 
3 76 155 250 
3 77 153 252 
4 78 128 206 293 
2 79 176 
3 80 198 274 
4 81 189 270 295 
3 82 121 282 
2 83 237 
3 84 145 264 
2 85 194 
3 86 123 239 
3 87 164 249 
2 88 203 
2 89 236 
3 90 135 272 
3 91 127 292 
2 92 152 
4 93 103 175 226 
3 94 199 212 
3 95 140 277 
2 96 229 
3 97 191 209 
2 98 171 
3 99 111 223 
3 100 112 288 
2 101 174 
3 102 208 289 
