14 0 732 1026 1384 1703 2015 3397 5051 5404 6086 6561 7151 7978 9465 
8 1 1051 1430 1811 2288 4148 6994 8943 
20 2 595 952 1484 1784 2069 2313 2643 2789 2948 3242 3584 3930 4162 4599 5247 5992 6616 7705 9201 
23 3 730 1084 1293 1494 1737 2083 2340 2552 2841 2914 3036 3320 3943 4406 4920 5088 5505 6166 6494 7050 8676 9876 
17 4 475 688 1326 2025 2437 2798 3049 3342 3694 4395 5052 5739 6443 7032 7953 8837 
13 5 552 884 1546 2931 4560 5098 5666 6051 6792 8041 8797 9573 
19 6 549 1409 1958 2306 2666 2991 3349 3598 4039 4253 4543 4789 5167 5623 6400 6852 7382 8000 
11 7 517 878 1162 1432 1844 3597 5871 6644 8453 9399 
20 8 456 896 1068 1241 1670 2538 2889 3334 3905 4236 4686 5179 5490 6010 6732 7356 8423 9007 9953 
24 9 419 557 809 989 1303 1888 2079 2321 2708 2903 3159 3556 3834 3986 4676 5024 5458 5821 6826 7213 7700 8582 9676 
14 10 601 908 1840 2375 2618 2856 3007 3244 3367 4614 7031 8113 9558 
18 11 539 1182 1439 1889 2438 2822 3179 3748 4221 4620 5015 5336 5928 6449 7095 7842 9831 
7 12 618 873 2386 3669 4138 6623 
11 13 604 1086 1381 3152 4774 5596 6177 6543 7385 8119 
21 14 581 1076 1309 1589 1798 1987 2355 2586 2785 3127 3270 3428 3785 4040 4397 4886 5252 5950 7450 9069 
20 15 534 886 1149 1425 1689 2111 2451 2915 3283 3478 3949 4286 5057 5572 6106 6621 7305 8336 9307 
20 16 546 914 1252 1755 2179 2523 2960 3222 3802 4219 4457 4905 5150 5607 6317 6624 7416 8352 9193 
19 17 565 1015 1756 2395 2613 2759 3374 3663 3983 4147 4690 5020 5536 6347 6779 7388 8095 9326 
22 18 880 1294 1587 1791 2028 2149 2354 2727 2987 3387 3672 3884 4155 4266 4456 4715 5231 5736 6207 7863 9317 
21 19 403 598 879 1458 1946 2380 2792 3047 3273 3591 4014 4106 4351 4841 4929 5459 5905 6191 6830 8723 
19 20 420 655 1072 1361 1541 1870 2148 2540 2805 3427 3965 4383 4810 5867 6256 7526 8468 9674 
15 21 827 1083 1444 1936 2389 2797 3154 3575 3836 4217 4321 5893 8638 9875 
11 22 578 1105 2612 4168 4763 5474 6195 6397 8124 9615 
12 23 1848 3116 3524 4141 4529 5215 6027 6461 6768 7431 8949 
20 24 638 874 1224 1598 1827 2154 2604 2893 3395 3774 4738 5092 5591 6073 6577 7332 7992 9334 9782 
20 25 1132 1647 1876 2068 2256 2441 2683 3121 3335 3453 3815 3947 4362 4865 5344 6266 7281 7530 8714 
15 26 733 994 1396 1733 2067 2297 3804 5640 6276 7185 7708 8337 9339 9956 
15 27 665 912 1379 1763 2517 2781 2994 3300 3766 4097 4326 4734 5361 5979 
14 28 491 713 1034 1475 1963 2187 2372 2677 3113 3638 5290 8543 9781 
19 29 528 996 1295 1700 2051 2376 2811 3164 3470 3704 4012 4595 5095 5665 6432 7136 8114 8701 
22 30 446 1075 1347 1668 1941 2178 2520 2855 3101 3497 3738 4248 4444 4638 5085 5606 5895 6658 7189 8218 9955 
7 31 904 1608 1880 4354 8941 9787 
21 32 661 1057 1254 1463 1636 2007 2679 3042 3326 3656 4123 4596 4801 5074 5385 5851 6568 7369 7780 8319 
16 33 915 1445 1708 2021 2536 2768 3297 3867 4323 4542 5264 5828 6766 8269 9117 
15 34 457 1153 1706 2526 2849 3259 3779 4232 4845 5327 5850 6411 6889 8137 
13 35 955 1171 1447 1679 2092 2453 2867 3207 5283 7593 7904 9308 
15 36 490 895 1209 1625 2119 2579 2851 3354 4204 4827 5128 5298 5742 7950 
9 37 703 920 1159 3345 6127 7184 8279 9214 
19 38 551 791 862 1089 1387 1724 2170 2392 2684 3115 3288 4522 5944 6146 6853 8012 8141 8959 
20 39 687 1327 1897 2162 2497 2761 2977 3858 4098 4336 4770 5031 5446 6082 6365 7533 8280 9215 9759 
14 40 890 1107 1388 1805 2151 2533 2709 4240 6063 6586 7089 8201 9931 
22 41 637 776 1456 1824 2181 2516 3097 3287 3412 3695 3932 4186 4314 4799 5190 5843 6136 6352 6899 7615 8997 
16 42 755 1311 1548 1790 2078 2391 2697 3149 3651 4015 4534 5100 5538 5897 6960 
17 43 850 1359 1739 2094 2470 2869 3322 3810 4459 4778 5288 5720 5883 7218 8499 9834 
15 44 426 710 1116 1377 1742 2030 2255 2626 2857 3407 3711 3919 4487 4793 
21 45 586 1080 1527 1697 2073 2406 2873 3119 3573 3831 4074 4526 4809 5053 5498 6282 6919 7538 8084 8641 
23 46 726 1375 1681 1822 1945 2189 2431 2745 3095 3276 3550 3922 4263 4474 4779 5443 5801 6590 7044 7639 8321 9239 
21 47 885 1292 1531 1752 2150 2401 2704 2877 3364 3525 3872 4227 4430 4846 5452 6210 6748 7042 8106 8862 
16 49 478 766 2128 3889 4460 4828 5487 5738 6242 6675 7300 7755 8053 9005 9818 
12 50 699 974 1225 1871 2172 2675 3177 3403 3696 5515 9635 
22 51 646 934 1139 1468 1823 2122 2531 2691 3045 3336 3637 4250 4518 4573 5276 5731 5993 6534 7124 7898 9448 
17 52 452 789 1420 1983 2398 2539 2801 3141 3530 4069 4714 5126 5671 6088 6600 8538 
19 53 415 1077 1493 1995 2227 2583 2897 3186 3628 3805 4366 5162 5337 5564 6017 6479 7054 7809 
16 54 466 682 835 2260 3606 3863 4120 4335 4769 5106 5428 5820 6406 7087 8070 
18 55 741 1157 1414 1770 2107 2394 2559 2669 3719 4927 5244 5657 6109 6774 7359 8634 9915 
21 56 462 723 1338 1847 2365 2656 2876 3289 3765 3926 4550 4765 5037 5266 5595 5956 6306 7734 8322 9909 
21 57 622 1109 1495 1794 2293 2614 2810 3038 3347 3741 4310 4539 4889 5109 5522 5832 6157 6841 7859 9058 
24 58 644 1007 1497 1650 1896 1979 2318 2504 2784 2909 3094 3352 3579 3734 4024 4401 4876 5611 5876 6281 7069 8138 8971 
9 59 583 1010 1268 1508 1852 2228 2357 2591 
23 60 545 736 1210 1507 1594 2071 2460 2651 3044 3424 3611 4033 4319 4454 4716 5233 5770 6094 6700 7484 8311 9639 
13 61 641 1893 3548 3942 4396 4707 5046 5432 5788 6341 6688 7600 
23 62 418 909 1218 1586 2362 2594 3037 3162 3404 3722 4287 4517 4784 5007 5316 5863 6448 7002 7652 8091 8482 9555 
10 63 476 2795 5726 6097 6683 7409 8022 8384 9220 
23 64 510 830 1121 1329 1707 1997 2417 2762 3185 3631 3948 4216 4508 4675 5072 5826 6344 6790 7509 7905 8522 9591 
22 65 523 662 924 1096 1464 1928 2109 2316 2757 2999 3356 3643 4092 4486 4960 5144 5496 5857 6288 7052 7713 
21 66 671 845 1054 1211 1509 1690 2096 2556 2942 3194 3495 3759 4281 4943 5296 6386 7818 8151 9200 9865 
22 67 851 897 1073 1433 2206 2640 2864 3131 3627 3782 4086 4300 4488 4785 5148 5350 6028 6559 7785 8602 9380 
16 68 449 653 893 1142 1510 1646 1994 2277 2701 2905 3167 3640 4006 6084 9714 
12 69 717 1067 2996 4651 5171 5785 6619 7302 8043 8966 9642 
19 70 658 950 1352 1833 2300 2703 3066 3662 4095 4535 4762 5269 5728 5943 6467 7391 8429 9329 
19 71 1052 1317 1696 2001 2204 2809 3366 3535 3835 4256 4631 4945 5343 6371 7310 8674 9120 9936 
23 72 554 754 891 1053 1242 1569 1843 2333 2566 2901 3280 3594 4114 4906 5221 5681 5960 6444 7336 7855 8122 9350 
18 73 615 822 1285 1925 2493 2834 3110 3330 3918 4231 4768 5168 5798 6142 6775 7822 8581 
17 74 793 1094 1540 1959 2444 3122 3507 4440 4840 5512 5924 6557 7395 7881 9032 9599 
20 75 698 1151 1441 1627 1909 2272 2608 3104 3791 4468 5047 5645 5999 6151 6646 7034 7412 7844 9637 
15 76 753 1256 1599 2000 2459 2719 2846 2961 3323 3701 3882 4209 4868 7338 
19 77 602 917 1189 1567 1669 1799 2084 2361 2638 2853 3054 3239 3460 3670 3964 4624 5280 5886 
18 78 550 1016 1607 2039 2188 2477 2739 3223 3843 4051 4699 4979 5242 5677 6014 7056 8707 
20 79 569 902 1500 1920 2247 2662 2712 3072 3369 3511 3725 4043 4725 5119 5384 6465 7396 8165 9921 
17 80 802 1123 1407 1863 2058 2476 2981 3873 4426 4933 5286 5775 6286 6847 7518 8517 
21 81 627 1005 1371 1806 2243 2512 2844 3338 3876 4130 4348 4509 4649 5261 5587 5776 6635 7437 9115 9488 
16 82 757 943 2231 3600 4004 4374 4512 4883 5217 5859 6372 7315 8398 9088 9792 
23 83 692 859 1065 1389 1583 1746 2126 2350 2599 3020 3547 3921 4316 4384 4881 5194 5694 6113 6770 7591 8320 9476 
18 84 780 1108 1857 2166 2854 3190 3378 3512 3906 4356 4753 5202 5629 5961 6564 7767 9932 
19 85 675 911 1412 1637 1853 2081 2377 2699 2970 3447 3703 4220 4954 5178 5936 6603 7527 8905 
11 86 576 1283 1834 1998 3285 4735 5401 5986 7023 8508 
10 87 438 993 1192 3268 5819 6631 8163 8443 9257 
12 88 417 584 1246 2769 4647 5044 5518 6358 6760 7722 8430 
16 89 1544 2475 2672 3004 3249 3755 4477 4974 5310 5641 5945 6440 6720 8142 9525 
19 90 743 1158 1362 1676 2241 2648 3010 3360 3756 4081 4378 4698 5319 5963 6351 6958 8076 8870 
16 91 505 847 1318 1842 2312 2806 3214 3475 3962 4331 4516 5206 6040 6499 7977 
21 92 632 863 1185 1461 1759 2038 2423 2676 3081 3587 3910 4288 4541 4780 5000 5676 6612 7168 7853 8503 
10 93 773 2859 4851 5297 5688 6468 7074 7717 8251 
22 94 498 901 1336 1528 1717 1943 2275 2629 3059 3304 3683 3935 4393 4572 5271 5659 6074 6949 7618 8308 9119 
17 95 621 778 1136 1321 1658 1968 2177 3652 5274 5455 5823 6275 6827 7625 8396 9413 
18 96 617 867 1547 1776 2464 2890 3143 3691 3851 3898 4389 4582 5155 5604 7161 7718 9049 
23 97 877 1184 1402 1678 1905 2294 2465 2773 3198 3413 3762 3980 4574 4864 5203 5685 6174 6926 7192 8235 9203 9638 
16 98 648 980 1232 1520 1901 2131 2443 2682 3193 4360 6096 6881 7597 8375 8923 
22 99 440 1011 1426 2085 2348 2664 2997 3382 3534 4045 4182 4478 4718 4977 5399 5621 6551 7240 8166 8391 9404 
15 100 588 1042 1719 1803 3175 4463 4909 5110 5438 5653 6434 7030 7485 8139 
18 101 957 1526 1849 2284 2580 2875 3099 3456 3829 4166 4611 5010 5550 6126 6477 7959 9067 
17 102 589 1457 1819 2299 2661 2993 3372 3582 3940 4606 5135 5469 6077 6569 7519 9891 
14 103 404 421 620 1222 1448 1766 2161 2506 2681 2968 3261 3459 3539 
15 104 473 769 872 2564 3916 4066 4482 5251 5791 5989 6464 7165 7964 8663 
15 105 667 981 1170 1451 1653 1973 3422 4898 5778 5977 6791 7517 8078 9146 
15 106 677 788 1404 1566 1786 2077 2249 2572 2916 3355 3635 4489 4818 7814 
17 107 413 579 1048 1129 1736 2332 2972 3440 3746 4134 4523 5643 6530 7472 8507 9765 
14 108 800 1164 1356 1878 2281 2468 2815 3180 3589 3803 4009 4277 4469 
16 109 548 1200 1424 1726 2115 2530 2898 3264 3523 3890 4358 5545 5914 7603 9290 
17 110 740 894 1436 1795 2290 2551 2907 3272 4146 4975 5482 5869 6423 6697 7467 8724 
7 111 719 2334 4060 4308 4838 6955 
10 112 573 820 2850 5048 5683 6224 7219 8540 9776 
18 113 781 888 1280 1702 2057 2542 2862 3218 3515 4189 4806 4857 5370 6291 7349 7800 8921 
19 114 568 1063 1205 1406 1777 2195 2478 2818 3181 3689 4199 4994 5363 5839 6489 7131 8090 8947 
13 115 842 1025 1298 1801 2050 2412 3818 5618 6500 7223 7487 8345 
16 116 702 1199 1687 2026 2596 2963 3311 4054 4746 5107 5571 5900 7036 8008 9398 
18 117 518 860 1354 1688 2059 2349 2597 2998 3419 3883 4177 4817 5532 6460 7753 8942 9773 
21 118 437 1167 1788 2216 2724 3003 3418 3623 3839 4044 4330 4669 4932 5339 5806 5973 6481 7586 8132 8839 
10 119 563 2310 4235 4808 5420 6235 6676 7623 9527 
14 120 747 1001 1216 1675 2307 2381 2828 3151 3441 3824 5521 8541 9484 
21 121 489 999 1276 1613 1939 2435 2665 2941 3195 3308 3621 4037 4181 4918 5563 6112 7375 8385 9545 9937 
12 122 591 839 1165 1446 1740 1924 2155 2763 3211 3760 6152 
24 123 482 935 1550 1972 2123 2469 2775 2882 3454 3893 4192 4551 5016 5321 5547 6016 6728 7473 7845 8036 8442 9059 9794 
13 124 666 2158 3505 3823 4058 4671 5311 5747 6539 7235 8350 8893 
19 125 555 958 1221 1578 1915 2314 2673 3033 3266 3624 4164 4562 4976 5273 5755 6363 7828 9312 
20 126 739 1049 1415 1782 1947 2416 2794 3092 3394 3878 3963 4210 4683 5170 5670 6318 6981 7736 8891 
20 127 838 1009 1516 1981 2219 2472 2690 3100 3482 3787 4142 4670 4923 5125 5330 5940 6348 7688 8885 
15 128 454 1117 1565 2016 2485 2830 3133 3282 3596 3879 4061 4447 5030 5578 
18 129 531 828 1332 1781 2251 2631 3058 3327 3687 4218 4812 5594 6056 6723 6973 7836 9384 
20 130 636 1313 1741 1989 2378 2848 3048 3251 3476 3856 4291 4554 4919 5105 5423 5918 6788 7771 8900 
17 131 533 1058 1612 1828 1955 2276 2436 2814 3135 3789 4315 4571 4897 5118 5586 5975 
20 132 613 1487 1885 2048 2221 2463 3070 3331 3501 3903 4556 5200 5410 5733 6611 7377 7943 8850 9210 
17 133 484 964 1480 1964 2289 2743 2922 3235 3886 3955 4363 4952 5812 6846 7520 8765 
9 134 424 841 1014 1435 1884 2004 2573 5463 
22 135 607 1092 1576 1793 2184 2619 3139 3450 3781 3994 4170 4429 4903 5027 5246 5813 7112 7739 8371 8669 9383 
15 136 447 812 1128 1600 1836 2456 2678 3469 4035 4345 4950 5608 6666 7482 
15 137 1194 2208 2952 3201 3312 3811 4399 4490 4983 5552 6035 6661 7696 7997 
21 138 481 966 1217 1440 1796 1894 2324 2598 2823 3196 3383 3504 4144 4561 5003 5529 6209 6595 7337 8572 
20 139 436 785 1093 1405 1725 2031 2606 2715 3068 3386 3665 3888 4191 4880 5141 6302 6854 7182 9099 
20 140 746 1038 1320 1685 2042 2373 2570 2868 3172 3348 3433 3880 4357 4697 5292 5639 6472 6914 8455 
19 141 775 1154 1373 1643 1929 2164 2396 2588 2753 2928 3163 4101 4492 5435 5911 6230 7160 8411 
18 142 486 1197 1505 1821 2492 3293 3648 4023 4243 4824 5390 5672 5930 6419 7328 8286 9454 
22 143 562 956 1163 1534 1856 2072 2286 2483 2904 3109 3393 3771 4132 4313 4438 5033 5320 5894 6819 7672 8501 
21 144 593 998 1312 1542 1944 2336 2639 2880 3137 3509 3837 4339 4999 5454 5852 6516 7596 7937 9217 9811 
13 145 441 858 1143 2369 3639 3845 4252 4747 5114 5533 6588 7522 
23 146 670 1098 1380 1734 2043 2102 2367 2750 3085 3310 3586 3904 4394 4771 5140 5932 6339 6754 7001 7584 8626 9439 
18 147 684 1333 2011 2434 2558 2747 3117 3671 3970 4472 4926 5284 6045 6510 7288 8054 9532 
19 148 727 1101 1471 1757 2129 2352 2616 2800 2956 3255 3592 3917 4338 4629 5597 7053 8196 8908 
20 149 657 1253 1723 2182 2602 2962 3210 3650 4375 4803 4957 5207 5767 6395 6546 6998 7460 8267 8561 
8 150 507 1091 1575 1817 4416 8374 9854 
20 151 624 1175 1597 1882 2331 2833 3012 3571 3901 4149 4598 4731 4992 5605 5978 6931 7565 8276 9771 
14 152 522 794 1156 1469 1591 1935 2514 2782 3274 3466 3723 4145 4471 
11 153 825 1188 1558 1922 3228 4645 5147 6183 7813 8887 
19 154 408 971 1488 1743 1999 2262 2711 2967 3298 3911 4912 5094 5772 6417 7175 8216 8907 9494 
10 155 592 1206 2120 3178 3819 4096 4405 5248 5985 
17 156 660 907 1277 1557 1695 2561 3503 4158 4506 4861 5103 5830 6660 7289 8058 9391 
21 157 567 813 1502 1744 2322 2455 2734 2965 3284 3684 4038 4215 4465 5429 6007 6458 6810 7345 7973 8934 
13 158 609 1319 2807 4312 4823 5511 5768 6087 6876 7559 8441 9967 
16 159 442 944 1401 1654 2088 2693 3480 3820 4128 4685 5146 5810 6573 7577 8726 
21 160 704 959 1357 1704 1970 2390 2688 2878 3123 3357 3521 3783 4107 4752 5374 6036 6640 6999 7892 8888 
19 161 705 930 1111 1804 2098 2408 2838 3076 3385 3706 3953 4364 4837 5255 6095 6936 8168 9176 
15 162 680 1172 1618 2054 2363 2521 2659 2861 3069 3377 3661 4089 4588 6441 
18 163 540 967 1554 2163 2509 2836 3506 3784 4068 4527 5078 5526 5988 6690 7106 7669 9024 
20 164 435 832 1269 2093 2756 3160 3344 3633 4265 4480 4849 5004 5312 5765 6234 6685 6997 7524 8838 
13 165 975 1187 1529 2689 4275 4961 5396 5790 6005 6941 8677 9323 
12 166 470 963 1161 1344 3191 5341 5664 6668 7386 8123 9131 
24 167 525 856 1364 1727 1942 2304 2537 3077 3260 3463 3793 3945 4283 4640 5079 5270 5499 5797 6093 6950 7489 8234 9206 
18 168 459 605 1145 1411 2198 2555 2874 2966 3275 3653 3959 4553 4660 5061 5260 5927 6143 
22 169 411 796 1090 1530 1953 2303 2557 2871 3243 3517 3712 4003 4484 4911 5580 6390 6861 7035 7604 8046 8777 
22 170 433 511 925 1270 1525 1960 2345 2663 3106 3498 3796 4156 4531 4748 5293 6080 6627 7681 7896 8404 8861 
19 171 406 509 770 1251 1521 1904 2225 2729 3078 3499 3825 4237 4607 5058 5492 6322 7839 8433 
25 172 463 529 689 900 1279 1543 1769 2173 2547 2913 3233 3451 3792 4046 4448 4972 5301 5680 6049 6492 6684 7673 8884 9860 
17 173 742 1368 1635 1748 2095 2402 2760 3430 4261 4712 5349 6212 7111 7644 8260 9061 
13 174 1645 3074 3510 3979 4413 4795 5066 5509 6330 7264 8169 9198 
22 175 544 729 801 945 1204 1652 2426 2732 3041 3473 3664 3788 4436 5127 5592 5935 6295 6626 7251 7991 8490 
18 176 715 1029 1365 1829 2086 2308 2819 3773 4407 4755 5101 5682 6185 6524 7029 7880 8722 
15 177 422 786 1134 1307 1616 1858 2232 2486 3946 5117 5501 6328 6592 6834 
26 178 458 986 1234 1532 1632 1890 2190 2358 2705 2929 3226 3494 3944 4257 4521 4814 5056 5588 5833 6653 7269 7649 8567 9343 9590 
14 179 936 1297 1671 1887 2108 2193 2541 3982 5787 6342 7317 8574 8994 
13 180 2287 4018 4179 4311 4623 5133 5865 6214 7659 8781 9390 9993 
20 181 410 673 1144 1535 1851 2139 2319 2653 3173 3676 4087 4575 4934 5365 6071 6518 7776 8552 9977 
13 182 514 784 1271 1585 1877 2175 2488 2955 3182 3301 3649 4027 
15 183 1040 1722 2413 2702 3161 3961 4860 5039 5427 5774 6032 7262 7917 8770 
18 184 700 1126 1427 2167 2930 3250 3568 3812 3991 4229 4514 4844 5805 6354 7146 8162 9531 
16 185 560 932 1299 1714 1984 2136 2474 3138 3871 4049 4350 4604 6433 8897 9266 
19 186 626 774 1228 1898 2112 2733 2988 3057 3252 3938 4563 5175 5376 6175 7307 7946 8910 9791 
17 187 537 763 1071 1470 1552 1771 1977 2335 2624 2951 4791 6731 7354 7772 8925 9438 
23 188 516 790 991 1345 1660 2091 2433 3013 3307 3658 3847 4293 4446 4600 5253 5528 5923 6241 7049 7607 8377 9172 
10 189 811 1358 1773 2066 2270 2615 3128 3491 5735 
12 190 643 1284 2652 4113 4453 4727 5634 6891 8013 8480 9281 
17 191 871 1296 1655 2138 2498 2817 3030 3742 4425 4878 4997 5542 5917 6895 7589 9004 
22 192 495 864 1649 1950 2045 2234 2565 2731 2989 3458 3553 3899 4198 4739 5176 5697 6193 6599 7163 8178 8718 
21 193 594 1264 1710 1906 2218 2466 2766 2879 3339 3477 3604 3864 4493 5073 5543 5873 6431 7100 7906 8636 
19 194 787 1261 1524 1937 2360 2911 3496 4005 4533 5149 5436 5824 6052 6488 6598 7063 7410 8365 
20 195 634 1070 1596 1990 2273 2590 2755 3000 3376 3641 4002 4385 5062 5921 6368 6954 8131 8535 9432 
19 196 833 1230 1498 1673 1859 2233 2502 3234 3678 3999 4464 4955 5136 5644 6310 6812 7436 9507 
23 197 681 852 1489 1765 2041 2347 2568 2918 3213 3588 3895 4289 4722 5413 5558 5706 6037 6549 7011 7539 8305 8913 
20 198 840 1110 1419 1630 1716 2019 2326 2783 3056 3688 4175 5131 5354 5781 6249 6872 7469 8006 9522 
14 199 803 1106 1437 1633 1949 2337 2837 3002 3176 3614 5342 7744 9196 
21 200 483 808 1055 1434 1641 2014 2230 2496 2680 3316 3479 3552 4193 4597 4993 5439 5750 6421 6917 7784 
23 201 471 815 1316 1807 2118 2482 2544 2885 3315 3838 4163 4619 4783 4834 5314 5789 6104 7202 7869 8467 8847 9648 
23 202 547 823 1081 1255 1443 1826 1975 2366 2645 3065 3405 3790 4187 4451 4790 5249 5407 5646 6867 7832 8217 9387 
10 204 409 824 1061 2403 3481 3808 4185 4317 6046 
10 205 429 652 1082 1278 1428 1907 2292 2736 6246 
23 206 707 1133 1324 1539 1966 2117 2271 2607 2799 2924 3014 3390 3710 4052 5055 5614 6047 6542 7244 7833 8592 9850 
16 207 810 968 1302 1556 1921 2237 2866 4567 6533 6962 7641 8210 8607 9277 9999 
12 208 761 1112 1503 1728 1957 2259 2593 3079 3731 4070 5987 
19 209 685 1291 1519 1891 2224 2548 3011 3317 3636 3915 4119 4473 5152 5796 6225 7216 7806 8778 
21 210 580 1095 1369 1715 2174 2449 2600 2742 3087 3415 3467 3642 4001 4290 4545 4835 5471 6429 7059 8265 
13 211 1403 1913 2201 2577 2826 3136 3487 4041 4343 4745 5067 7667 
20 212 977 1593 1831 2323 2646 2983 3485 3842 4126 4452 4668 5083 5419 5667 6232 6937 7413 8083 9533 
14 213 467 751 916 1382 1712 2211 2610 2926 3408 3848 4515 4800 5071 
20 214 553 1169 1486 1967 2152 2404 2812 3406 3933 4079 4479 4870 4968 5383 6187 6617 7756 8808 9971 
22 215 570 821 938 1422 1954 2168 2440 2886 3309 3493 3753 4016 4432 4956 5392 5687 6374 7084 7697 8473 9786 
12 216 913 1180 1640 2003 2500 2764 3086 4427 6990 7719 9304 
18 217 854 1533 2110 2779 3052 3439 3841 4150 4732 5075 5357 5841 6270 6594 7725 9168 9717 
16 218 1800 3102 3474 3543 3814 4019 4370 4700 5197 5874 6334 6696 7400 7980 8751 
14 219 610 939 1155 1536 2037 2494 2825 3286 3532 3978 4226 4417 6509 
15 220 676 1176 1460 1713 2481 3132 3828 4612 5309 5551 6065 7105 8515 9560 
20 221 635 831 1323 1864 2341 2740 3130 3337 3854 4085 4212 4639 5005 5430 6154 6944 7201 7996 9668 
18 222 460 706 1202 1310 1628 2145 2503 2780 3091 3754 4082 4510 5257 6055 6890 7152 8895 
8 223 630 866 1135 3562 7115 8107 9589 
24 224 720 972 1360 1619 1809 2055 2342 2722 3083 3318 3615 3909 4116 4442 4982 5277 5638 6204 6532 6870 7441 8061 9898 
17 225 513 1004 1325 1881 2113 2278 2563 2627 2944 3682 4680 5199 5506 6427 7068 9677 
13 226 654 1286 1919 2419 2692 2992 3090 3529 3763 4188 4431 4941 
21 227 711 953 1248 1452 1783 2089 2397 2633 2840 3417 3772 4111 4272 4674 4985 5403 5910 7158 7751 8364 
20 228 465 760 1060 1481 1940 2411 2933 3590 3984 4271 4372 4633 4916 5028 5315 5577 5980 6988 8866 
17 229 948 1518 2065 2343 3053 3145 3852 4332 4555 4740 4921 5323 5633 6105 6521 8619 
21 230 949 1274 1639 1971 2097 2351 2637 3060 3436 3610 3853 4318 4538 4892 5485 5842 6844 7611 8180 9775 
12 231 623 919 1219 1568 2032 2471 2751 4000 5877 7426 8417 
22 232 461 947 1289 1910 2103 2317 2422 2726 3064 3313 3776 4230 4591 4978 5388 5627 6034 6495 7642 8717 9690 
14 233 1651 2829 3043 3353 3508 4195 4424 4850 5379 5802 6525 7563 9034 
19 234 596 941 1214 1648 2029 2382 2891 3184 3488 3744 3992 4412 4989 5599 6099 7279 7789 9338 
13 235 651 1074 1617 1785 3062 4461 4899 5334 6373 7138 7731 8554 
15 236 497 1022 2508 3813 4076 4505 4847 5219 5530 6180 6585 7027 7851 8762 
24 237 472 728 892 1148 1305 1514 1797 2203 2479 2787 3206 3489 3728 4152 4616 5006 5267 5590 6070 6906 7157 8226 9184 
20 238 587 979 1392 1705 2142 2723 2984 3452 3923 4259 4504 4743 5164 5752 6323 7215 7955 8275 9614 
10 239 428 819 1491 1674 1895 2146 2353 2660 5508 
14 240 1624 3046 3533 3969 4165 4369 4759 5159 5703 6233 6797 7173 8080 
8 241 664 1002 2267 3291 4900 7239 8972 
4 242 556 978 3341 
17 243 738 1366 1602 1869 2159 2305 2667 2932 3169 3536 4242 4681 4852 5228 5573 8001 
25 244 543 806 865 1119 1753 2252 2405 2808 3112 3306 3446 3554 3745 4099 4581 4874 5180 5415 5637 6350 7419 8710 9427 9940 
20 245 405 640 1031 1328 1537 1867 2400 2671 2778 3050 3618 3877 4320 4946 5484 6217 7257 8082 9703 
7 246 530 764 1201 1606 2053 4337 
14 247 735 1195 1631 1730 1976 2298 2716 3096 3574 3827 5737 8980 9764 
12 248 492 2698 5431 6079 6343 6840 7566 8044 8648 9243 9885 
14 249 804 1417 1563 2946 4547 4890 5036 5531 6364 6535 7304 8666 9906 
17 250 503 818 1056 1467 1701 2049 2421 2765 3114 3644 4340 5032 5412 6145 7733 9294 
23 251 678 954 1226 1560 1985 2567 2959 3144 3429 3757 4072 4491 4678 5239 5822 6144 6436 6918 7537 7834 8479 8618 
9 252 469 718 1000 3455 6219 6578 7242 9443 
12 253 603 933 1331 1638 1912 2220 2445 4172 6787 7825 8755 
10 254 779 1186 1865 2143 2253 2427 2655 2887 5331 
11 255 659 1037 1868 2771 3093 3157 3359 3908 4305 4557 
19 256 558 1122 1421 2127 2730 3140 3421 3518 3740 4125 4570 5145 5456 5630 6072 7166 7714 8414 
21 257 501 1141 1346 1792 2124 2518 2863 3370 3593 3844 4344 4609 4947 5355 5896 6496 6795 8171 8685 9396 
17 258 748 1385 1835 2283 2902 3483 3860 4067 4273 4702 5156 5898 6717 8015 9063 9650 
18 259 861 1085 1666 2125 2649 3391 3822 4296 4415 4904 5561 6289 6651 7096 8002 8756 9749 
21 260 612 868 1150 1455 1590 2134 2605 2974 3256 3666 3993 4297 4578 4820 5467 6100 6506 7132 8096 8920 
21 261 734 1166 1758 2268 2534 3032 3174 3559 3885 4064 4244 4667 4884 5204 5352 5845 6604 7093 7624 8633 
22 262 502 876 1330 1677 1873 2080 2235 2370 2908 3265 3832 4075 4267 4449 5157 5568 5891 7752 8174 8613 9431 
15 263 499 2104 3514 3806 3968 4498 4856 5104 5362 5836 6606 7454 7979 9269 
14 264 619 1181 1564 2156 2609 2910 3296 3801 4304 4766 5185 5661 6090 
20 265 752 1118 1691 1951 2248 2529 2954 3630 4129 4279 4564 4757 5328 5549 6236 7126 7989 9354 9766 
20 266 464 857 1273 1732 2205 2457 2796 3205 3612 4093 4371 4862 5560 6050 6447 7123 8130 8580 9517 
20 267 848 1079 1243 1506 1988 2279 2550 2935 3146 3389 4083 4445 4802 5556 6313 7128 7476 8700 9887 
19 268 694 1393 1861 2238 2554 2725 3018 3576 3770 3920 4238 4641 4996 5916 6369 6911 8327 8877 
23 269 759 992 1231 1614 1812 2070 2511 2925 3229 3617 3937 4176 4466 4691 5225 5555 5912 6892 7544 8386 9126 9604 
17 270 559 982 1442 2063 2553 3031 3443 3700 4007 4280 4723 5475 6435 6959 7983 8948 
13 271 697 883 1308 1832 2171 2858 3698 3934 4202 4730 5254 7820 
19 272 564 905 1573 1974 2246 2623 2953 3204 3602 3799 3952 4365 4773 5373 6267 6992 7601 9154 
7 273 485 577 889 1190 2758 7568 
18 274 512 783 1196 1282 1662 1779 2082 2458 2776 2985 3216 3690 4160 4400 4580 5347 6018 
22 275 585 1039 1235 1450 1579 2017 2407 2839 3150 3414 3659 3928 4183 4530 5111 5732 6401 7082 7721 8295 9296 
13 276 455 767 1517 1899 2215 2549 2919 3075 3230 4750 7297 8156 
24 277 672 970 1239 1523 1665 2035 2250 2442 2700 2938 3080 3343 3736 4102 4381 4930 5489 6057 6508 6702 7083 7742 8879 
18 278 625 849 1258 1775 2192 2617 2964 3227 3733 4295 4621 5019 5294 5942 6211 6823 7458 
14 279 427 960 1238 1499 1778 3437 4967 5493 5953 6671 7144 7766 8623 
12 280 488 951 1260 1604 2223 2620 3967 5745 6470 7404 8304 
12 281 600 1290 1754 2075 2642 3225 4726 7241 8569 9086 9486 
16 282 520 599 846 1288 1408 1789 2480 3767 4737 5209 5651 6124 7181 8333 9739 
22 283 535 1030 1160 1522 1927 2239 2585 2870 3084 3563 3939 4137 4398 4951 5139 5631 6022 6314 6817 7930 9025 
10 284 695 990 1281 1572 1923 2197 2650 2865 3202 
19 285 650 1012 1207 1397 1751 2325 2912 3209 3620 4108 4775 5196 5447 5759 6311 6993 8775 9331 
23 286 448 942 1233 1621 1872 2185 2543 2824 3026 3247 3558 4117 4380 5013 5211 5931 6486 6948 7974 8519 9241 9938 
19 287 814 1088 1657 2245 2388 2584 2852 3361 3622 3702 4241 4971 5814 6111 6408 7390 8147 9721 
17 288 474 1078 1465 1764 2061 2515 2803 2976 3368 3900 4268 4688 4871 5281 6789 8939 
19 289 444 1179 1367 1774 2191 2737 3388 4050 4359 4721 5177 5534 5725 6001 6171 6514 7803 8704 
18 290 541 758 1046 1515 1850 2033 2302 2943 3220 3492 4133 4559 5258 6309 6934 7540 8451 
20 291 708 1193 1538 2036 2499 3029 3379 3716 3902 4178 4422 4701 5108 5740 6294 7290 8222 8964 9829 
16 292 480 645 973 1262 1749 2132 2621 2971 3332 3595 3896 4135 4650 4949 6976 
22 293 582 1033 1553 2008 2513 2630 3023 3720 4026 4222 4391 4566 4729 4915 5398 5673 5889 6637 7079 8120 8865 
12 294 500 799 1478 1980 2240 2754 3215 3861 5476 8532 9726 
16 295 493 1103 1472 1747 2236 2489 2791 3006 3486 3705 4902 6278 6991 8215 9747 
21 296 451 976 1267 1684 1917 2169 2368 2900 3111 3761 4161 4258 4610 4936 5414 6274 7311 7888 8497 9849 
13 297 816 1462 1908 2311 2569 2842 3240 3484 3775 3995 4329 6285 
17 298 631 1272 1485 1875 2327 2636 3040 3248 3751 4617 5450 6075 7026 7758 8523 9808 
21 299 628 1237 1581 1808 2254 2634 2896 3302 3516 4190 4552 4684 4853 5195 5302 5625 6664 7268 8556 9700 
19 300 439 817 1127 1410 1559 1991 2385 2658 2827 3171 3384 3724 3913 4254 4608 5063 5749 6610 
10 301 1064 1720 1918 2461 2777 3295 3583 3936 6300 
21 302 574 1021 1511 1760 2023 2315 2670 3262 3680 4159 4627 4896 5022 5416 5966 6250 7017 7938 8880 9736 
18 303 744 1220 1394 1718 2064 2359 2980 3431 3846 4077 4361 5652 6555 7583 8100 8898 9552 
16 304 566 1003 1492 1874 3107 4386 4787 4963 5422 5524 5925 6687 8126 9369 9990 
25 305 926 1391 1592 1750 1862 2105 2383 2603 2786 2945 3126 3292 3987 4294 4590 4962 5223 5938 6299 6505 7225 7878 8860 9669 
9 306 2721 5647 5951 6134 6781 7313 7801 8622 
7 307 614 1027 2491 4180 4301 6545 
12 308 506 843 1087 1672 2040 2229 2429 2687 2888 3166 3560 
23 309 450 898 1223 1513 2034 2301 2595 2821 2937 3325 3929 4131 4388 4777 5166 5574 5848 6303 7199 7783 8211 8825 
15 310 1683 3073 3396 3809 4587 4901 5364 5854 5974 6511 7371 8527 8957 9606 
13 311 2018 3569 3749 4224 4579 4928 5181 5825 6725 8145 8299 9417 
11 312 714 1017 1100 1370 1479 1902 2160 2528 4859 9616 
22 313 929 1259 1609 1892 2006 2244 2644 2884 3082 3340 3581 3924 4278 4813 5023 5395 5723 6038 6665 8232 9129 
16 314 716 995 1562 2264 3199 3502 4010 4333 4786 5130 5718 6019 6945 7788 9756 
17 315 521 903 1257 1416 2074 2752 3170 3267 3519 4025 4476 5760 6114 7378 8802 9259 
15 316 445 984 1483 1605 1816 2217 2448 3752 5333 5612 6229 7170 7886 8230 
16 317 765 969 1198 1580 1762 2076 2199 2344 2790 3125 3528 3892 4121 4584 5478 
20 318 881 1623 2140 2393 2748 3016 3221 3862 4008 4110 4368 4754 5187 5313 5696 6015 7055 7676 8389 
21 319 663 807 1473 2424 2525 2772 2982 3290 3646 3747 3985 4434 4805 5011 5378 5884 6576 7496 8612 9499 
19 320 722 1512 2052 2462 2741 2990 3258 3449 3673 3859 4197 4569 5077 5488 5763 6501 7481 8202 
13 321 526 906 1146 2601 4013 4213 4613 4925 5461 6782 8331 9430 
21 322 709 1050 1250 1466 1787 2320 2611 3142 3567 3989 4274 4764 5002 5519 5800 6301 7033 7702 8452 9753 
12 323 910 1227 1629 2005 2186 2510 3008 3780 4154 4804 5059 
17 324 772 1125 1287 1682 2099 3416 4831 5121 5421 5617 6011 6650 7590 8684 8927 9895 
21 325 494 1043 1349 1584 1839 2147 2622 2860 3001 3570 4053 4341 4663 4995 5481 6092 6349 7831 9013 9942 
22 326 590 983 1341 1886 2012 2207 2575 2816 3155 3577 3797 4298 4565 4816 5154 5527 6194 6715 7228 8249 9796 
15 327 777 1236 1551 2027 2330 3028 3897 4270 4577 5138 5964 6315 6837 7432 
20 328 668 1036 1343 1721 2261 2707 2969 3271 3713 3973 4439 5099 5616 5984 6693 7350 7995 9014 9770 
14 329 633 1275 1340 1571 1841 1996 2200 2430 4127 7204 7781 8528 9569 
14 330 647 1018 2387 3865 4269 4662 5035 5408 5714 6221 6869 7918 9644 
15 331 496 731 1023 2414 3866 4057 4441 5173 5817 6394 7039 7826 8369 9461 
17 332 762 1438 1663 2100 2574 3019 3399 3727 3941 4458 4658 5142 5346 6148 6935 8397 
14 333 532 1140 2532 3667 4105 4548 5198 6271 6589 7121 8110 9371 9970 
10 334 691 988 1376 3299 5581 6325 7358 8611 9451 
20 335 508 725 1102 1603 1930 2328 2668 3035 3305 3718 4084 4622 5326 6147 7283 7824 8069 8647 9673 
23 336 737 1059 1395 1692 1830 2060 2409 2770 2978 3373 3490 3931 4174 4501 4858 5318 5589 6227 7374 8087 8744 9568 
21 337 686 1069 1496 1845 2339 2546 2957 3217 3423 3542 3798 3927 4423 5065 5322 5949 6769 7606 8589 9389 
13 338 616 1006 1245 1626 3279 5229 5846 6184 6943 7280 8463 9580 
8 339 836 1339 3777 7012 7617 8255 8716 
16 340 768 1768 2527 2975 3263 3634 3977 4285 4500 5389 5784 6259 7057 8409 9600 
21 341 597 795 1028 1429 1615 2157 2484 2835 3124 3246 4118 4497 5041 5325 6215 6439 7051 7795 8460 9577 
16 342 538 1047 1656 2056 2654 3269 3699 4157 4692 5097 5575 6153 6632 7408 8454 
7 343 434 750 1203 1611 1855 4626 
13 344 693 1474 1986 2415 2674 2927 3120 3566 4103 4299 4736 6964 
22 345 414 797 937 1044 1351 1731 1982 2263 2813 3034 3462 3674 3887 4499 4917 5129 5411 5648 6482 7478 8594 
17 346 792 1024 1735 1965 2213 2507 2872 3254 3730 4047 4433 5132 5773 6773 7899 9827 
23 347 432 1062 1322 2046 2183 2446 2562 2696 3015 3401 3538 3717 4030 4382 4751 5434 6083 6487 7303 7932 8654 9351 
17 348 669 1104 1620 1814 2222 2447 2720 2899 3165 3435 3613 4065 5174 6845 8372 8625 
22 349 524 1066 1314 1642 2137 2280 2454 2881 3237 3537 3868 4367 5220 5448 5855 6453 6979 8005 8197 8874 9374 
16 350 1131 1699 2291 2657 3061 3686 4173 4655 5191 5460 5947 6158 7058 8405 9664 
18 351 870 1337 1634 1934 2428 2845 3238 3520 3685 4322 4710 5080 5483 6231 6933 7954 9472 
20 352 805 1152 1453 1698 2144 2647 2906 3118 3448 3726 4073 4470 4991 5570 6240 6750 7514 8152 8658 
12 353 696 1114 2592 4334 4592 5084 5834 6445 7765 8154 9309 
13 354 834 1174 1555 3402 5504 5807 6117 6978 7976 8424 9332 9916 
23 355 425 927 1213 1686 1932 2114 2282 2560 2744 3134 3522 3679 4042 4408 4694 4891 5494 5793 6170 7335 8195 9365 
18 356 844 1147 1588 1866 2450 2728 3021 3277 3874 4276 4419 5153 5926 6346 7233 8206 9211 
21 357 412 962 1454 1659 2165 2473 2947 3420 3668 3881 4306 4797 5186 5613 5965 6522 6860 7660 8301 9178 
17 358 611 782 1137 1431 2047 2226 2589 3303 3857 3997 4167 4390 5278 6118 6701 7376 
22 359 407 575 899 1120 1374 1661 2090 2210 2285 2717 3626 4403 4711 4987 5468 5642 5840 6388 7368 8690 9010 
12 360 642 1020 1390 1818 2309 2694 3089 3432 3998 4483 6995 
13 361 749 1032 1215 1504 1813 2212 3975 6260 6759 7480 8019 9922 
17 362 1113 1745 2135 2364 2831 3278 3800 4136 4519 4760 5102 5470 6383 6796 7258 8278 
21 363 690 1263 1561 1933 2505 2628 2894 3231 3721 4203 4418 4632 5050 5230 5939 6273 6761 7951 8789 9311 
12 364 2013 3907 4196 4540 4964 5546 5811 6528 7424 7720 9536 
7 365 572 1013 1334 1709 2176 4922 
12 366 430 882 1301 1501 1846 2087 2467 2714 2939 5122 9661 
21 367 965 1413 1952 2274 2524 2995 3425 3657 4062 4246 4462 4672 5115 5585 5729 5972 6140 6721 7343 9097 
8 368 1916 3346 3464 3870 5353 7723 8340 
13 369 649 855 1208 2582 4169 4970 5096 5338 5831 6520 8859 9719 
17 370 431 701 931 1212 1545 3241 4634 4741 5093 5275 5544 6108 7022 7238 7969 9253 
21 371 639 1019 1124 1476 1738 1914 2452 2587 2820 3153 3438 3950 4100 4603 5786 6355 7154 8461 8818 9567 
18 372 542 987 1300 1838 2116 2545 2832 3108 3465 3768 4284 4708 5232 5660 6613 7348 8199 
13 373 606 918 1177 1667 1931 2371 2635 2695 3187 3526 4122 4646 
22 374 515 985 1449 1610 2295 2632 3009 3192 3400 3609 4104 4402 4719 5042 5272 6178 6691 7423 7981 8221 9123 
19 375 875 1304 1574 1879 2258 2713 2973 3158 3601 3894 3957 4625 5329 5691 5997 7214 8313 9145 
15 376 504 923 2257 3850 4324 5081 5761 6130 6553 7221 7402 7985 9227 9960 
22 377 745 1168 1348 1595 1802 2121 2495 2921 3203 3351 3707 3956 4124 4409 4822 5151 5610 6287 7821 8526 9601 
22 378 536 826 1130 1355 1490 1837 2194 2522 2958 3212 3350 3645 3960 4251 4628 4931 5624 6335 7670 8282 8863 
13 379 961 1418 1622 1911 2044 2209 2793 3088 4908 6986 7393 8349 
18 380 423 656 1041 1459 2130 2374 2847 3183 3565 3714 4032 4568 5224 5669 6391 7127 8332 
11 381 756 1229 1780 2346 4055 6176 6628 7405 7968 8683 
19 382 853 1191 1398 1549 1825 2062 2214 2804 3039 3324 3971 4392 4811 5758 6405 7008 8097 9056 
20 383 468 771 1045 1247 1400 1969 2501 2686 3022 3677 4022 4589 5345 5922 6490 6828 7252 8098 8740 
19 384 1249 1883 2141 2420 2685 2950 3063 3328 3561 3794 4239 4776 5068 5236 5753 7024 7748 8753 
19 385 487 940 1372 1694 2010 2338 2706 3224 3625 4303 4695 5165 5397 5707 6103 6614 8488 9716 
21 386 479 674 922 1306 1582 2196 2641 2895 3189 3500 3737 4342 4618 4988 5268 5705 6396 7571 8238 9918 
26 387 721 997 1099 1244 1353 1577 1772 2133 2490 2749 3363 3769 4036 4262 4576 4893 5038 5368 5795 6226 7447 7545 8185 8712 9336 
16 388 1115 1680 1962 2379 2802 3098 3365 3619 3974 4292 4830 5619 6060 6968 8048 
13 389 1097 1477 1820 2024 2439 2936 3434 3764 4234 4524 4942 5513 
19 390 453 683 921 1315 1729 1948 2269 2767 3750 4211 4373 5076 5449 5754 6384 8392 8558 9250 
17 391 527 712 1386 1601 1767 1938 2101 2425 2746 2940 3232 3826 4091 4325 6257 9878 
21 392 608 798 1482 1926 2202 2578 3071 3545 3912 3981 4264 4682 5026 5259 5372 5609 5937 6428 7295 8606 
18 393 629 946 1378 1644 1860 2329 2625 3027 3599 3914 4201 4513 4728 5029 5303 5722 5969 
22 394 416 829 1240 1570 1961 2410 2738 2923 3319 3531 3807 3925 4140 4549 5216 5418 5762 6667 7183 7986 9048 
20 395 561 1008 1342 1854 2266 2892 3105 3380 3660 3996 4443 4758 5183 5348 6091 6454 7038 8057 8738 
13 396 402 571 1035 1711 1903 2153 2399 2710 3472 3954 4420 6507 
10 397 443 887 1265 1399 3551 6531 7073 8089 9271 
25 398 519 724 1183 1363 1761 2020 2180 2535 2843 3148 3314 3461 3681 4151 4503 4798 5265 5741 6258 6878 7133 8066 8735 9608 
20 399 477 928 1383 1693 2022 2242 2487 2979 3392 3715 4029 4635 5116 5502 5946 6679 7459 8183 9467 
9 400 869 1173 1350 1810 2002 2265 3709 7261 
15 401 679 1266 1423 1956 3219 4998 5462 5804 6107 6673 7427 8363 8919 9711 
