21 0 514 1102 1697 2270 2646 3110 3528 3855 4345 4860 5441 5842 6321 6749 7271 7830 8317 8832 9237 9512 
23 1 365 551 1081 1484 1705 2041 2445 2716 3225 3542 4142 4692 5042 5406 5971 6500 6862 7263 7920 8276 8901 9597 
23 2 789 964 1365 1806 2274 2482 2915 3315 3895 4185 4618 5047 5497 6000 6435 7225 7620 8192 8629 9048 9359 9603 
26 3 371 550 943 1277 1549 1971 2562 2987 3536 3957 4333 4604 5317 5701 6230 6589 7105 7615 8123 8484 8630 8915 9135 9517 9877 
23 4 409 844 1194 1712 2102 2616 2902 3587 4209 4625 4954 5446 5774 6259 6606 7378 7926 8217 8533 8926 9510 9998 
21 5 732 1220 1601 1937 2210 2914 3167 3545 4095 4547 4857 5035 5527 5928 6715 7165 7635 7945 8752 9431 
24 6 570 873 1242 1580 1908 2136 2530 3148 3524 3791 4100 4457 4734 5232 5933 6353 6777 7188 7763 8228 8616 9078 9637 
23 7 394 701 1073 1902 2568 2867 3252 3779 4144 4465 4785 5347 5708 5995 6502 6744 7072 7792 8402 9158 9613 9952 
25 8 684 1106 1398 1840 2186 2383 2687 3199 3651 4111 4323 4902 5424 5725 5807 6358 6593 6941 7130 7588 8008 8806 9153 9427 
23 9 736 1135 1584 1897 2100 2453 2932 3283 3663 4475 4813 4946 5397 5694 5957 6178 6535 7195 7623 8263 8974 9680 
21 10 521 961 1224 1373 1700 2355 3003 3435 3757 4158 4356 4955 5277 5530 5991 6662 7457 7795 8321 9026 
26 11 506 807 1085 1351 1668 2069 2486 3107 3317 3834 4148 4443 4777 5170 5558 6054 6486 6892 7465 7733 8061 8853 9110 9450 9982 
24 12 546 918 1358 1578 2065 2512 2695 2935 3136 3349 3742 4086 4424 4735 5399 5909 6361 6882 7272 7691 8142 8878 9598 
25 13 435 676 1151 1590 1868 2175 2385 2721 3174 3531 3795 4265 4608 5320 5620 6069 6287 6894 7446 7860 8181 8457 8768 9448 
25 14 380 874 1036 1359 1956 2281 2533 3009 3466 3623 3810 4306 4800 5255 5681 5932 6364 6768 7307 7534 7949 8376 8842 9318 
25 15 427 563 886 1249 1683 2114 2447 2541 2782 3219 3539 3939 4603 5182 5509 5709 5969 6405 6954 7425 7994 8676 9114 9569 
21 16 805 1128 1626 2000 2401 2826 3443 3713 4004 4307 4858 5401 5911 6855 7726 8137 8614 9169 9576 9924 
23 17 866 1369 1865 2564 3056 3274 3459 3840 4274 4537 5295 5732 6142 6480 6839 7227 7593 7962 8392 8603 8810 9473 
24 18 635 852 1261 1952 2473 2611 2860 3048 3354 3998 4350 4600 4962 5544 5851 6023 6181 6665 6989 7748 8318 9161 9886 
22 19 562 775 1175 1535 2025 2668 3402 3798 4084 4515 5044 5335 5689 6094 6409 7024 7171 7553 8602 9453 9805 
24 20 759 1089 1343 1643 2053 2394 2954 3350 3843 4231 4484 4843 5430 5792 6022 6372 6652 7274 7811 8200 8463 9004 9657 
20 21 541 1066 1465 2051 2296 2725 2991 3612 4032 4874 5425 6127 6685 6951 7316 7800 8371 8845 9728 
26 22 515 713 826 880 1120 1400 1777 2099 2829 3138 3573 3960 4652 5017 5319 5692 6153 6612 7045 7696 7966 8301 8702 9414 9833 
25 23 389 766 1304 1720 1757 1994 2359 2664 3186 3706 4048 4288 4633 4981 5216 6169 6733 6944 7194 7711 8247 8563 9298 9593 
23 24 381 1030 1480 1911 2276 2943 3189 3607 3956 4282 4478 4818 5161 5473 5956 6641 7111 7541 7647 8208 8722 9377 
24 25 758 1115 1419 1607 1923 2294 2558 2794 3011 3298 3707 4011 4317 4647 5506 5982 6302 6847 7480 7774 8496 9210 9659 
25 26 448 656 993 1229 1827 2124 2521 2798 3124 3337 3711 4273 4410 5019 5405 5652 6204 6712 7013 7473 7869 8497 9124 9748 
28 27 414 685 865 1209 1634 1796 2119 2411 2779 3017 3279 3700 4121 4440 4799 5360 6311 6518 6977 7414 7557 8109 8388 8731 9126 9481 9900 
21 28 526 892 1252 1686 2019 2705 2985 3462 3953 4276 4706 5223 5386 5872 6462 6912 7549 8138 8720 9713 
23 29 423 756 1172 1395 1772 2126 2444 3133 3336 3701 4206 4635 4952 5393 5854 6776 7108 7743 7875 8306 8799 9529 
26 30 390 690 909 1253 1439 2013 2297 2511 2771 3415 3837 4261 4743 4950 5169 5443 5875 6189 6501 6988 7314 7832 8113 8707 9545 
26 31 489 711 1123 1367 1713 1995 2284 2492 2846 3303 3865 4194 4987 5203 5789 6301 6660 6829 7218 7578 7893 8332 9098 9668 9999 
25 32 575 898 1092 1383 1708 1991 2224 2549 3065 3447 3868 4308 4919 5365 5782 6140 6558 6851 7187 7597 8357 8775 9296 9671 
24 33 644 890 1221 1513 1947 2329 2748 3227 3477 3871 4268 4567 4835 5302 5501 5750 6288 6804 7417 8216 8748 9424 9766 
21 34 647 925 1067 1633 1915 2242 2543 3127 3664 4201 4672 4911 5296 6104 6800 7332 7854 8889 9614 9828 
20 35 669 1185 1749 2282 2617 2984 3625 4020 4673 5123 5436 6246 6955 7536 8059 8583 8880 9173 9574 
23 36 730 1326 1818 2020 2389 2927 3403 3804 3971 4367 4722 5165 5539 5844 6141 7069 7776 8002 8436 8918 9767 9849 
24 37 393 917 1197 1504 1945 2499 2919 3146 3523 3686 4382 4646 5102 5548 5935 6203 6594 6872 7618 8110 8753 9209 9602 
25 38 395 809 1181 1880 2251 2624 3053 3661 3852 4310 4563 5070 5659 5894 6327 6546 6848 7215 7619 7916 8244 8643 9369 9908 
25 39 359 704 1014 1362 1659 2059 2434 2790 2997 3149 3633 4136 4326 4585 5053 5596 6268 6773 7348 7770 8283 9036 9626 9935 
25 40 628 911 1382 1664 2039 2489 2857 3309 3634 3685 4040 4255 4426 4811 5126 5273 5720 6413 6818 7220 7717 8164 8474 9297 
22 41 652 1028 1264 1616 1990 2188 2347 2796 3548 4187 4464 4783 5344 5712 6106 6755 7243 7938 8945 9410 9846 
23 42 869 1116 1670 1858 2082 2361 2703 2917 3200 3690 3919 4456 5105 5561 5994 6314 6771 7312 8194 8433 8973 9830 
24 43 739 1107 1403 1732 1963 2304 2709 3035 3281 3778 4248 4770 5151 5536 6395 6701 7344 7486 8020 8333 8611 9023 9521 
23 44 569 1048 1381 1684 1972 2309 2831 3290 3738 4058 4698 5016 5850 6121 6609 6858 7505 7848 8367 8815 9600 9873 
26 45 355 734 1096 1330 1856 2200 2469 2813 3244 3697 3828 4395 4533 5314 5864 6264 6626 6990 7431 7852 8087 8661 8839 9138 9793 
23 46 717 1038 1416 1916 2343 2797 3090 3655 4159 4544 4864 5404 5975 6324 6978 7270 7641 8079 8298 8776 9326 9724 
22 47 837 1192 1433 1917 2379 2757 3164 3579 4014 4362 4693 5088 5662 6128 6517 7056 7779 8272 8587 8879 9611 
24 48 401 731 1207 1487 1736 2190 2565 3052 3306 3696 4055 4432 4845 5402 5904 6053 6625 7131 7565 8159 8518 9043 9905 
22 49 665 963 1279 1475 1910 2649 3006 3427 3880 4380 4680 5099 6059 6455 6709 7142 7547 7947 8054 8931 9550 
24 50 386 650 1298 1733 2109 2302 2450 3030 3362 3809 4096 4414 4921 5297 5754 6280 6807 7152 7714 8140 8784 9118 9580 
24 51 444 633 851 1255 1376 1774 2105 2460 2847 3293 3677 3988 4601 4819 5715 6564 7126 7477 7913 8309 8664 9028 9901 
21 52 817 1129 1623 2027 2436 3097 3355 3901 4421 4709 4986 5328 5816 6477 7137 7577 7868 8175 8738 9269 
25 53 788 1075 1424 1699 2092 2258 2327 2606 2825 3106 3421 3853 4774 5287 5543 5686 5893 6491 6920 7521 8212 9032 9630 9852 
25 54 441 785 1007 1449 1789 2050 2483 2723 3108 3428 3768 4199 4569 5249 5947 6451 6725 7209 7391 7870 8469 9017 9177 9474 
25 55 576 804 915 1101 1519 1887 2628 2903 3112 3305 3333 3854 4146 4524 4941 5551 5863 6388 6932 7732 8132 8712 9170 9628 
24 56 670 1078 1656 1922 2206 2412 2620 2955 3484 3891 4526 4681 5055 5221 6049 6436 7258 7522 7961 8319 8847 9101 9730 
23 57 848 1164 1598 2227 2283 2816 3203 3490 3715 4039 4504 4866 5741 6438 7129 7559 8088 8334 8588 8782 9228 9758 
22 58 530 814 1401 1734 2031 2348 2778 3417 4290 4903 5238 5661 6029 6285 6650 7290 7836 8435 8713 9204 9667 
22 59 564 979 1405 1595 2164 2407 2781 3390 3695 4031 4470 5219 5643 6087 6267 6867 7617 8258 8606 9086 9726 
23 60 525 781 1233 1489 1773 2084 2451 2663 3275 3753 4377 5039 5429 5745 6222 6691 7353 7598 8238 8452 9208 9682 
23 61 375 654 1097 1292 1745 1984 2112 2596 2885 3368 3879 4498 4918 5329 6116 6573 7207 7573 7885 8555 9316 9664 
24 62 622 1047 1505 1814 2174 2898 3251 3465 3629 3839 4496 4844 5179 5737 6298 6569 7005 7722 8024 8487 8788 9203 9776 
23 63 453 793 1295 1559 2026 2424 2660 2966 3521 3951 4512 4983 5415 5972 6484 6873 7330 7820 8758 8921 9332 9802 
23 64 668 1098 1841 2501 2766 3438 3648 3923 4328 4731 5189 5517 5802 6291 6846 7133 7341 7799 8236 8633 9271 9653 
29 65 374 660 1099 1438 1597 1949 2330 2560 2900 3381 3716 4164 4654 4970 5192 5504 5647 5728 6282 6675 6921 7376 7791 8165 8521 8997 9376 9731 
25 66 803 1167 1421 1573 1740 2075 2317 2459 2806 3270 3541 4075 4658 5166 5427 5767 6126 6689 7062 7596 7997 8668 9007 9482 
25 67 648 960 1254 1696 2040 2455 2957 3100 3454 3721 4233 4725 5107 5490 5759 6182 6843 7211 7599 8038 8519 9047 9348 9847 
23 68 686 1054 1350 1825 2192 2579 3134 3504 3821 4309 4788 5438 5923 6384 6736 7081 7509 7888 8359 8548 9292 9402 
25 69 536 651 1144 1273 1554 1655 1976 2141 2691 3094 3436 4108 4413 4685 4880 5512 5849 6447 7212 7802 8124 8900 9463 9978 
21 70 528 1050 1771 2194 2702 3594 4047 4550 5056 5306 5790 6098 6706 7189 7291 7680 8260 8780 9430 9641 
23 71 591 770 1318 1649 1968 2346 2555 2738 2974 3488 3977 4430 4810 5341 5631 6274 6719 7507 7943 8482 9127 9686 
27 72 540 824 1012 1481 1729 2207 2777 3010 3217 3442 3670 3970 4378 4459 4885 5259 5809 6175 6724 6987 7692 8391 8760 8881 9163 9835 
22 73 378 678 893 1337 1523 1940 2430 2930 3652 4181 4780 5763 6192 6404 6708 7631 7978 8498 8708 9347 9783 
26 74 674 1176 1384 1795 2008 2472 2773 3221 3494 3822 4291 4593 4895 5217 5378 5699 6167 6732 6913 7266 7823 8195 8855 9218 9800 
23 75 612 1006 1422 1791 1997 2277 2689 3215 3378 3955 4183 4609 5022 5242 5787 6118 6604 7071 7374 8186 8876 9681 
26 76 472 802 1136 1644 1962 2239 2561 2840 3091 3420 3912 4120 4396 4596 4975 5355 5655 5929 6587 6782 7182 8028 8621 9012 9525 
21 77 516 1349 1727 2096 2941 3118 3569 4177 4525 4873 5104 5450 5758 6048 6952 7506 8157 8508 8925 9233 
20 78 617 1160 1517 1807 2292 3114 3744 4135 4538 4984 5389 5843 6522 7090 7687 8180 8759 9065 9370 
23 79 594 970 1394 1955 2475 2655 3092 3604 3954 4297 4792 5252 5623 6109 6730 7128 7493 7745 8338 8981 9501 9801 
25 80 501 662 994 1267 1454 2149 2481 3034 3673 3993 4489 4644 5447 5814 5988 6545 7094 7807 8131 8337 8747 9090 9285 9893 
25 81 689 1263 1603 1889 2095 2323 2884 3408 3872 4002 4402 4689 5351 5570 5687 6064 6276 6391 6924 7401 7816 8218 9330 9729 
22 82 483 870 1361 1743 2467 3129 3449 3851 4223 4763 5144 5362 5830 6221 6958 7470 7806 8252 8691 9283 9855 
24 83 714 1271 1600 2083 2333 2759 3088 3311 3556 3898 4293 4798 5194 5549 5918 6360 7007 7659 8231 8824 9091 9471 9995 
23 84 589 906 1166 1728 2123 2344 2581 2920 3558 3882 4299 4702 5171 5817 6521 6830 7077 7411 7656 8221 8955 9567 
26 85 710 1001 1429 1792 2328 2576 3044 3388 3540 3904 4076 4427 4542 4869 5212 5507 6307 6833 7261 7386 7872 8390 9020 9373 9631 
26 86 364 749 1246 1502 1735 2236 2595 2918 3067 3331 3814 4140 4388 4666 5172 5618 6180 6758 7122 7655 8196 8692 9087 9337 9759 
22 87 740 1203 1627 1779 2264 2656 3343 3614 3989 4559 5059 5414 5820 6457 7018 7304 7595 8446 8682 9429 9931 
24 88 464 1200 1551 1871 2111 2500 2926 3213 3591 4013 4626 4823 5228 5633 6038 6548 6835 7447 7646 7815 8576 9003 9634 
22 89 547 1053 1576 1852 2228 2745 3071 3276 3599 3928 4821 5547 5793 6337 6801 7388 7919 8219 8808 9171 9819 
26 90 439 933 1274 1511 1823 2249 2592 2774 3159 3510 3847 4198 4555 4961 5546 5808 6236 6581 6717 7445 7624 8094 8373 8866 9375 
23 91 481 816 1201 1506 1874 2393 2693 3054 3373 4023 4329 4444 5080 5464 5978 6511 6905 7627 8005 8360 9085 9539 
25 92 581 1051 1499 1920 2248 2326 2638 2843 3223 3418 3992 4184 4482 4899 5622 6028 6469 7000 7683 8209 8510 9119 9472 9932 
24 93 366 460 903 1288 1648 2005 2456 2942 3513 3999 4321 4554 4791 5163 5550 5916 6381 6831 7104 7503 8160 8476 9651 
25 94 368 495 867 1110 1431 1820 2386 2694 2973 3212 3638 4090 4514 5060 5267 5478 6077 6443 7134 7518 7939 8340 9108 9876 
23 95 440 823 1218 1483 1815 2097 2203 2508 3058 3458 4045 4343 4789 5023 5439 6101 6466 7064 7923 8509 9162 9711 
25 96 853 1260 1536 1862 1983 2060 2212 2644 2776 3530 4205 4583 5037 5202 5704 6086 6524 6676 7420 7936 8384 8770 9784 9944 
24 97 757 1046 1685 1964 2388 2910 3439 3724 4266 4546 4991 5103 5285 6138 6628 7150 7616 7882 8734 8899 9256 9426 9840 
22 98 426 698 887 1216 1992 2363 2897 3266 3615 4109 4749 5117 5426 6131 6805 7228 7510 8129 8660 8944 9434 
25 99 400 630 1093 1498 1677 1919 2532 2682 3230 3555 3945 4352 4598 4728 5119 5403 6097 6412 6960 7772 7998 8477 8965 9633 
23 100 548 988 1474 1671 1882 2023 2195 2901 3211 3446 3649 4193 4678 5110 5727 6390 6809 7303 8041 8605 9253 9572 
25 101 558 811 1557 1784 2160 2674 3023 3554 3932 4221 4809 5072 5821 6047 6139 6460 7008 7499 8082 8343 8570 8794 9479 9857 
26 102 636 1171 1533 1996 2427 2692 2883 3286 3739 4005 4312 4901 5174 5413 5579 5873 6044 6561 7059 7594 7999 8552 8982 9575 9799 
24 103 505 982 1211 1606 2029 2345 2577 2931 3487 3958 4624 5001 5468 6115 6356 6969 7255 7911 8240 8589 8989 9280 9789 
22 104 580 919 1270 1552 2057 2449 2929 3520 3915 4112 4617 5106 5440 5890 6170 6568 7079 7459 8007 8877 9604 
24 105 352 476 924 1306 1730 2306 2666 2979 3365 3635 3913 4188 4540 5054 5766 6156 6415 7033 7478 8048 8622 9344 9579 
22 106 692 1284 1605 1873 2442 2976 3367 3874 4271 4606 5048 5318 5788 6434 6585 7159 7657 8004 8811 9357 9917 
28 107 429 923 1124 1316 1556 1894 2266 2457 2913 3103 3401 3532 3894 4245 4696 5348 5646 6010 6272 6508 6750 7302 7756 8225 9093 9355 9902 
25 108 411 920 1411 1647 1929 2215 2519 2998 3469 3752 4079 4894 5248 5688 6082 6514 6802 7167 7736 8144 8348 8719 9068 9660 
28 109 468 902 974 1588 1890 2165 2356 2754 2962 3264 3414 3595 3857 4226 4675 5137 5717 6162 6544 6947 7628 8015 8480 8704 9265 9649 9923 
22 110 709 847 1114 1527 1797 2506 3295 3723 4452 4853 5116 5736 6202 6614 6877 7163 7645 8139 8763 9778 9964 
25 111 779 1058 1768 1985 2263 2732 3031 3254 3644 3844 4186 4435 4739 5043 5304 6159 6788 7265 7634 8270 8581 8943 9021 9379 
23 112 752 1035 1182 1469 1742 2279 2629 2972 3502 3794 4411 4686 5139 5828 6498 6743 6938 7556 7877 8465 8990 9694 
23 113 422 901 1548 1829 2193 2484 3321 3745 4073 4416 4923 5142 5392 5753 6149 6596 7040 7542 8122 8907 9231 9871 
19 114 615 1084 1704 2049 2657 3231 3717 3994 4332 4806 5554 6359 6723 7213 7921 8335 8996 9642 
24 115 450 839 1251 1494 1978 2585 2912 3226 3926 4342 4893 5214 5586 6216 6692 6906 7405 7718 8163 8475 8647 9199 9650 
28 116 388 926 1190 1675 2183 2536 2708 2819 2983 3250 3429 3754 3965 4348 4641 4882 5449 6013 6224 6803 7070 7525 7912 8382 8670 9088 9647 
26 117 792 1087 1637 1864 2154 2466 2892 3099 3549 3735 3959 4339 4615 4875 5095 5541 5824 6386 6769 7025 7336 7876 8414 9015 9698 
23 118 392 796 1227 1503 1731 2286 2645 3062 3360 3675 4145 4898 5491 5839 6333 6661 7155 7551 7661 8091 8618 9331 
21 119 598 1191 1609 2132 2608 2937 3325 3771 4113 4561 4840 5236 5445 5878 6366 7027 7591 8300 9116 9693 
23 120 356 913 1287 1629 2155 2509 2828 3287 3672 4064 4438 5121 5597 5702 6199 6898 7571 7814 8084 8617 9167 9841 
24 121 595 1149 1348 1604 2204 2582 2662 3163 3514 3764 4191 4337 4928 5229 5568 6122 6492 6926 7095 7821 8378 9001 9409 
24 122 428 945 1064 1530 1870 2189 2443 2751 3194 3557 3825 4124 4428 4827 5190 6057 6432 7019 7685 7967 8522 8979 9505 
24 123 786 1033 1280 1674 2066 2463 2739 2949 3535 4227 4665 4939 5288 5640 6219 6452 6761 7456 8066 8377 8601 9250 9903 
24 124 488 950 1293 1719 2157 2438 2618 3095 3457 3907 4391 4716 5299 5695 5906 6400 6883 7300 7537 7973 8462 9102 9644 
23 125 478 733 1061 1690 1860 2036 2431 2741 3284 3683 3946 4648 5028 5897 6370 6853 7410 7672 8106 8795 9062 9749 
24 126 493 1041 1238 1528 1611 2054 2527 3078 3722 4082 4423 4879 5093 5649 6312 6690 7196 7889 8147 8694 8843 9399 9985 
24 127 443 813 1112 1407 2037 2551 2838 3158 3574 4022 4287 4736 5120 5610 6161 6296 7063 7512 7839 8303 8658 9050 9760 
27 128 442 1055 1417 1780 2147 2559 2677 2871 3396 3682 3823 3979 4420 4687 4938 5300 5672 6218 6533 7003 7326 7827 8253 8742 9160 9687 
23 129 608 1034 1738 2042 2311 2597 2977 3409 3905 4286 4520 5111 5665 6036 6305 6929 7346 7873 8429 8863 9261 9821 
28 130 391 703 883 1462 1846 2162 2357 2485 2525 2800 3143 3320 3978 4441 4655 4883 5486 5806 6072 6539 7124 7273 7587 7797 8075 8750 9214 
24 131 535 900 1228 1638 1822 2406 2615 2939 3218 3347 3808 4359 4868 5394 5738 6058 6575 7053 7491 7941 8455 8938 9335 
23 132 473 1195 1428 1907 2373 2887 3395 3888 4125 4486 4744 5071 5684 5963 6503 7046 7626 8174 8761 9092 9744 9912 
23 133 667 932 1325 1515 1872 2056 2278 2787 3391 3714 4098 4407 4934 5321 5518 6206 6473 6968 7483 7935 8456 9311 
24 134 469 1165 1500 1673 1977 2470 2876 3196 3413 3774 4275 4816 5025 5457 5825 6380 6863 7043 7237 7834 8385 8871 9353 
25 135 629 1155 1463 1676 2221 2908 3201 3431 3838 4131 4315 4623 5141 5580 5970 6318 6458 6654 6907 7444 7991 8451 8840 9860 
29 136 363 604 1140 1393 1650 1909 2504 2740 2968 3156 3497 3699 4150 4434 4999 5146 5582 6111 6247 6726 6949 7166 7393 8151 8467 9010 9290 9566 
25 137 397 712 936 1241 1628 2287 2684 2958 3192 3565 3949 4173 4865 4998 5611 5901 6329 6644 7050 7605 8107 8524 9008 9588 
23 138 602 978 1467 1881 2125 2340 2727 3229 3525 4270 4846 5292 5993 6565 6821 7197 7472 7701 8351 8779 9249 9757 
25 139 500 910 1286 1566 2071 2441 2658 3102 3869 4319 4592 4814 5368 5785 5861 6368 6550 6908 7264 7838 8361 8685 9025 9661 
27 140 508 838 956 1162 1543 1695 2024 2377 2700 3111 3376 3596 3835 4341 4908 5508 5983 6160 6590 7198 7432 7812 7933 8288 9125 9643 
22 141 645 1043 1265 1619 2211 2924 3374 3654 4056 4669 5412 6172 6740 6999 7247 7697 8071 8355 8628 9072 9523 
24 142 420 836 1230 1315 1698 2176 2367 2495 2630 2965 3784 4171 4454 4888 5380 6066 6787 7202 7808 7895 8527 8887 9904 
26 143 610 1022 1235 1335 1838 2321 2747 3294 3758 4230 4630 4915 5157 5494 5836 6002 6399 6552 7241 7561 7734 8275 8814 9225 9866 
28 144 437 728 1157 1328 1723 1939 2272 2397 2545 2808 2999 3301 3358 4295 4699 5075 5396 5666 6119 6702 7293 7771 8133 8403 8688 9181 9706 
27 145 407 819 1074 1581 1950 2244 2410 2896 3137 3330 3886 4156 4364 4575 4948 5290 5667 6114 6479 6986 7531 7902 8559 8796 9305 9792 
21 146 532 989 1415 1993 2540 2877 3089 3719 4012 4516 5381 5883 6068 6478 7208 7640 8032 8593 8894 9518 
23 147 387 609 983 1410 1744 2048 2300 2834 3173 3870 4258 4842 5155 5706 6084 6450 6772 7275 7805 8491 8922 9201 
24 148 699 1090 1282 1726 2254 2354 2706 3004 3736 4139 4461 4971 5343 5739 6393 7088 7527 7850 8280 8560 8893 9134 9746 
25 149 560 834 1299 1537 2142 2572 2761 2946 3426 3761 4403 4613 4958 5275 5884 6295 7082 7360 7703 8226 8665 9196 9349 9768 
25 150 593 706 1031 1366 1694 2127 2468 2953 3616 3986 4190 4679 4953 5578 6176 6541 6798 7190 7846 8185 8632 9105 9368 9770 
22 151 862 1308 1693 2044 2392 2707 3063 3242 3759 4202 4497 4979 5453 6289 6547 6806 7468 7906 8307 9148 9639 
23 152 555 1024 1507 1776 2312 2756 3161 3370 3708 4043 4450 4947 5177 5592 6249 6786 7145 7601 8115 8413 8868 9645 
23 153 643 1137 1388 1781 2034 2553 3018 3619 3910 4204 4591 4917 5231 5799 6240 6670 7284 7897 8667 9255 9717 9972 
26 154 410 891 1290 1794 2052 2493 2654 2842 3399 3841 4054 4347 4713 5433 5800 6239 6523 6735 7246 7863 8290 8739 9154 9419 9926 
22 155 642 842 1060 1321 1661 2261 2552 3068 3424 4030 4549 4906 5356 5871 6362 6865 7813 8081 8580 9192 9563 
23 156 370 568 1311 1898 2338 2502 3049 3467 3755 4283 4924 5398 6041 6496 6919 7413 7908 8274 8529 9066 9607 9780 
22 157 797 1324 1596 1989 2208 2454 2850 3405 3806 4422 4645 4839 5132 5676 6519 6824 7100 7981 8596 9478 9663 
24 158 522 1025 1385 1710 1921 2062 2685 3120 3702 4176 4492 4847 5032 5353 5487 6007 6252 6697 7285 7879 8425 8972 9388 
24 159 663 856 1082 1312 1875 2371 2951 3359 3613 4062 4490 5076 5352 5619 6148 6512 7029 7311 7765 8312 8882 9312 9894 
22 160 454 784 884 1180 1764 2528 2899 3197 3653 3948 4667 4887 5246 5418 6316 7123 7673 8182 8489 9000 9421 
26 161 573 1020 1409 1763 2047 2547 2736 3191 3577 3974 4289 4691 5094 5294 5796 6088 6437 6887 7250 7801 8014 8642 9174 9433 9794 
24 162 688 1142 1662 2007 2271 2375 2786 3228 3600 4305 4976 5780 6137 6574 6789 7125 7550 8021 8430 8764 8963 9109 9704 
23 163 408 716 1039 1501 1613 2298 2907 3433 3916 4460 4724 5143 5719 6051 6338 7252 7555 7955 8197 8556 8898 9480 
27 164 702 889 1346 1460 1803 2220 2380 2780 3291 3858 4228 4330 4376 4900 5020 5367 5670 6090 6349 6780 7044 7369 7737 8271 8735 9524 
22 165 518 801 1119 1450 1982 2335 3012 3522 3627 3936 4417 4695 5330 6061 6228 6763 7361 7844 8302 9112 9734 
23 166 413 687 1196 1645 2028 2429 2659 2872 3318 3705 4229 4771 5176 5804 6173 6525 7240 7686 8065 8773 9074 9810 
25 167 455 863 1202 1452 1746 2001 2213 2437 2959 3259 3918 4488 4649 4968 5431 5803 6253 6577 7117 7709 8295 8749 9303 9782 
20 168 357 513 942 1569 1811 2423 2733 3176 3546 3925 4334 5006 5660 6210 6957 7803 8029 8640 9195 
23 169 774 1125 1414 1652 2226 2404 2764 3166 3314 3483 3727 4365 4956 5514 5936 6465 7315 7754 8188 8393 9137 9497 
26 170 404 666 939 1040 1307 1437 1721 1842 2178 2613 3077 3257 3474 3846 4208 4828 5513 6426 6841 7356 7666 8112 8536 8935 9578 
24 171 565 1017 1334 1555 1819 1895 2252 2653 3013 3552 3829 4155 4586 5066 5340 5605 6208 6837 7567 8296 8886 9281 9723 
26 172 398 896 1204 1488 1850 2173 2320 2632 3271 3602 3967 4418 4755 5096 5432 5760 6081 6562 6930 7366 7841 8096 8762 9466 9996 
23 173 741 1121 1479 2217 2621 3033 3407 3819 4408 4711 5162 5609 5852 6254 6814 7200 7564 8045 8537 9146 9226 9615 
27 174 682 976 1268 1553 1849 2308 2681 3202 3398 3842 4243 4705 5118 5407 5642 5977 6354 6615 7098 7452 7731 8114 8539 8785 9060 9638 
24 175 458 790 1070 1170 1477 2018 2679 3115 3737 4196 4589 5021 5710 6185 6553 6832 7156 7423 7909 8279 8917 9239 9750 
23 176 538 854 1131 1435 1954 2167 2433 2578 2817 3272 3961 4241 4820 5730 6171 6686 7221 7843 8310 8905 9234 9513 
23 177 552 1057 1518 1847 2214 2488 2967 3461 3793 4137 4973 5419 5735 5980 6679 7093 7409 7560 8035 8686 9207 9487 
25 178 520 778 991 1322 1636 2231 2310 2580 2947 3434 3850 4134 4528 4890 5409 5663 5905 6494 7055 7663 8058 8582 9035 9920 
29 179 523 808 1103 1531 1804 2255 2548 2724 2909 3116 3348 3887 4247 4784 4927 5309 5722 6120 6320 6713 7415 7725 8067 8528 8859 9509 9839 9950 
27 180 510 722 1045 1313 1562 2022 2752 2934 3441 3836 3934 4314 4576 4694 5408 5953 6317 6611 7308 7500 7826 8056 8331 8612 8947 9705 
23 181 833 1276 1542 1702 2352 2720 3005 3453 4097 4393 4990 5510 5907 6184 6826 7321 7780 8145 8608 8960 9418 9843 
25 182 504 845 1236 1509 1665 2196 2464 2821 3080 3380 3692 4094 4782 5366 5635 5874 6705 7114 7532 8187 8499 8883 9260 9582 
26 183 412 715 1117 1657 1859 2398 2753 2802 3450 3657 3820 4269 4653 5083 5693 5860 6233 6672 6900 7466 7630 7777 8241 8542 9262 
22 184 810 1021 1430 1617 1883 2273 2916 3527 3933 4446 4831 5372 5614 5791 6376 6764 7387 7757 8153 8706 9333 
24 185 463 745 1184 1541 1843 2134 2350 2696 3151 3470 3908 4200 4737 5240 5946 6290 7038 7349 8060 8493 8993 9342 9918 
19 186 351 941 1586 1836 2101 2634 3509 4128 4738 5135 5644 6143 6711 7154 7385 8023 8313 9193 
24 187 436 769 957 1491 1681 1928 2341 2722 2992 3445 3816 4035 4518 4914 5257 5896 6571 7041 7778 8520 8792 9444 9869 
21 188 955 1309 1724 2229 2591 2878 3066 3566 3920 4267 4682 5114 5810 6339 6659 7174 7604 7924 8729 9827 
27 189 449 655 885 1130 1546 1886 2408 2529 2894 3422 3896 4344 4642 4854 5280 5902 6357 6572 6937 7231 7785 7892 8401 8683 9082 9862 
25 190 549 905 1289 1714 2219 2571 2982 3583 3762 4174 4740 5327 5671 6107 6529 6722 6991 7354 8001 8483 9005 9244 9502 9922 
24 191 502 878 1391 1943 2245 2669 3121 3262 3564 3826 4053 4207 4832 5211 5627 6085 6471 7121 7786 8191 8787 9306 9823 
23 192 675 1008 1232 1532 1845 2461 3029 3576 4168 4485 5036 5311 5743 5976 6065 6373 6993 7490 8242 8783 8964 9689 
28 193 360 677 795 940 1199 1329 1594 1980 2216 2889 3296 3944 4103 4346 4723 5098 5379 5859 6070 6420 6607 7051 7513 8284 8743 9383 9654 
26 194 557 726 1010 1406 1934 2184 2626 3185 3543 3799 4072 4366 4776 5313 5823 6271 6728 6917 7254 7669 8116 8289 9067 9404 9965 
20 195 738 1068 1442 2055 2680 3220 3412 4081 4621 5279 5515 5869 6375 7135 7570 8158 8325 8650 9018 
27 196 553 953 1320 1622 1861 2250 2405 2770 3043 3307 3817 4222 4817 5000 5374 5590 6020 6456 6757 7260 7983 8379 8830 9293 9527 9948 
26 197 358 574 876 1105 1219 1448 1709 1975 2230 2534 2928 3338 3671 4149 4584 5004 5565 5948 6241 6528 7083 7730 8387 8987 9673 
25 198 729 1076 1231 1639 2384 2730 3082 3344 3725 3985 4117 4463 4855 5312 5697 5899 6345 6911 7262 7681 8531 8862 9367 9605 
23 199 372 653 1300 1834 2290 2868 3207 3662 4476 5007 5428 6018 6323 6738 7092 7362 7958 8203 8767 9063 9341 9837 
24 200 603 1052 1169 1722 1938 2295 2374 2641 3084 3582 3924 4361 4587 4775 5382 5867 6418 7034 7226 7622 7891 8744 9691 
23 201 396 614 975 1387 1930 2339 2697 3329 3805 4129 4405 4595 4905 5316 5542 5879 6279 6893 7563 8358 8728 9381 
21 202 673 1056 1402 2046 2477 2988 3430 4386 4997 5346 5992 6263 6698 7099 7690 8119 8395 9061 9496 9844 
25 203 470 782 1083 1338 1739 2265 2767 2981 3285 3631 3818 4360 4620 4912 5002 5781 6350 6745 7097 7886 8363 9185 9403 9953 
25 204 477 1222 1436 2088 2432 2625 3073 3550 3940 4354 4607 5045 5485 5986 6355 6797 7234 7977 8419 8534 9198 9398 9577 9987 
23 205 828 1042 1473 1837 2128 2400 2614 2989 3464 3947 4215 4590 5050 5560 5987 6515 6904 7404 7788 8591 9325 9973 
23 206 490 588 1016 1174 1423 1663 1961 2538 3214 3601 4027 4772 5167 5885 6099 6260 6646 7515 7965 8449 8916 9564 
27 207 529 835 1134 1689 2129 2497 2762 3182 3319 3668 4250 4619 4988 5282 5853 5985 6303 6962 7296 7562 7989 8171 8703 9069 9596 9928 
25 208 419 861 1163 1425 1762 2235 2573 2718 3000 3506 4024 4383 4876 5422 5805 6251 6759 7085 7357 7658 8055 8347 8817 9701 
23 209 399 631 967 1440 1589 2171 2421 2904 3375 3800 4412 4872 5186 5499 5927 6188 6365 7009 8098 8812 9113 9624 
22 210 384 679 772 1285 1737 2012 2513 3041 3369 3885 4118 4779 5268 5625 6158 6656 6852 7368 8042 8816 9769 
26 211 697 937 1173 1591 2130 2425 2755 3172 3512 4063 4257 4479 4897 5385 5773 6174 6616 6974 7322 8011 8345 8659 8825 9771 9970 
24 212 434 875 1354 1707 2106 2841 3517 3796 4089 4445 4812 5101 5639 5943 6439 6945 7489 7710 7927 8374 8666 9573 9934 
21 213 935 1412 1931 2275 2598 2853 3152 3749 4425 4551 4793 5187 5575 5960 6560 7146 7675 8102 8804 9709 
25 214 485 723 977 1256 1520 1775 2268 2523 2990 3432 3728 4167 4684 5357 5714 6165 6489 6972 7248 7586 8037 8562 8998 9519 
23 215 438 671 971 1353 1778 2110 2744 3046 3499 3861 4370 4752 5301 5786 6406 6901 7217 7583 7971 8405 9051 9906 
26 216 484 763 972 1159 1672 1927 2079 2419 2835 3419 3674 4110 4502 4848 5183 5523 5827 6693 6940 7462 7682 8353 9041 9216 9452 
25 217 641 966 1189 1420 1725 1967 2259 2372 2814 3273 3743 4298 4527 5145 5615 6039 6747 7204 7422 7898 8278 8777 9294 9558 
22 218 496 780 1208 1364 1680 2122 2588 3026 3570 4280 4487 4982 5390 6031 6332 6682 7118 7476 8010 8626 9556 
25 219 638 1002 1296 1801 2314 2701 3027 3308 3787 4163 4374 4767 5281 5600 5779 6419 6896 7170 7524 7951 8505 8826 9490 9879 
22 220 946 1245 1396 1799 2331 2775 3253 4000 4353 4925 5125 5674 6309 6813 7119 7363 8009 8352 8953 9278 9739 
25 221 509 718 1193 1441 1888 2387 2712 3241 3729 3859 4033 4252 4704 4907 5577 6145 6861 7192 7853 8326 8652 9064 9617 9981 
23 222 403 618 1226 1540 1958 2085 2490 2837 3393 3746 4116 4387 5015 5220 5784 6103 6591 6916 7526 8161 8696 9299 
24 223 657 1004 1100 1451 1688 2159 2422 2886 3406 4017 4688 5204 5638 5913 6401 6633 6914 7223 8068 8507 9077 9390 9683 
25 224 445 871 1152 1561 1884 2353 2742 3371 3789 4320 4612 5234 5479 6186 6674 6840 7294 7612 8190 8599 9197 9449 9623 9927 
23 225 533 897 1258 1525 2061 2169 2637 2893 3561 3889 4126 4509 4663 5417 5891 6215 6704 7162 7740 8224 8558 9365 
26 226 620 812 954 1521 1877 2670 2818 3020 3394 3927 4368 4594 5293 5664 5755 5922 6193 6582 7242 7764 7948 8466 8891 9608 9969 
23 227 369 646 934 1344 1988 2168 2399 2487 2925 3588 3931 4369 4838 5358 5641 6146 6741 6948 7652 8117 8771 9081 
22 228 418 832 1404 1912 2238 2439 3085 3593 4080 4588 4913 5124 5342 5682 6043 6637 7169 7727 8127 8684 9557 
22 229 724 1003 1678 1953 2232 2824 3642 4025 4436 4707 5239 5602 5813 6378 6881 7340 7664 8262 8610 8932 9788 
23 230 579 1063 1570 2135 2683 3184 3617 3776 3906 4513 4940 5391 5989 6397 6653 7021 7614 7824 8025 8532 9247 9818 
23 231 754 968 1345 1831 2089 2365 2619 2980 3620 3893 4218 4674 5184 5772 6015 6433 7039 7498 8259 8689 9230 9881 
22 232 524 895 1278 1547 1936 2413 2875 3404 3975 4340 4943 5437 6112 6559 6939 7317 7600 8567 8732 9343 9690 
21 233 519 849 1037 1244 1538 2108 2458 2882 3892 4381 4926 5444 5924 6244 6752 7199 7660 8243 9176 9834 
28 234 451 640 1094 1301 1577 2103 2418 2832 3064 3345 3813 4324 4462 4825 5074 5650 5925 6300 6532 6915 7283 7454 7729 7990 8460 8821 9511 
24 235 616 1168 1310 1620 1848 2201 2575 3081 3584 3863 4277 4677 5090 5488 6004 6454 7012 7365 7610 8210 8637 8985 9327 
26 236 406 762 850 1122 1482 1765 2185 2360 2746 3327 3935 4336 4836 5138 5271 5747 6166 6636 7035 7508 8105 8416 8956 9420 9829 
23 237 659 1127 1567 1767 2349 2861 3079 3335 3812 4449 4786 5283 5656 5795 6336 6943 7438 8013 8444 8892 9301 9863 
23 238 543 776 1079 1443 1615 2035 2366 2788 2945 3239 3718 4102 4474 5164 5563 5962 6281 7048 7504 8199 8485 9386 
20 239 584 986 1146 1455 1832 2222 2810 3785 4242 4758 5063 5540 6108 6899 7671 7925 8222 8929 9532 
22 240 421 727 1000 1302 1754 2104 2315 2948 3386 4028 4225 4571 4841 5225 5746 6293 6751 7796 8675 8975 9530 
24 241 583 858 1091 1281 1413 1905 2370 2812 3170 3537 3767 4263 4536 4942 5384 5778 6238 6632 7074 7289 7497 8189 9276 
24 242 658 827 1213 1642 1766 2137 2593 3086 3515 3909 4539 4862 5276 5921 6505 6934 7460 7632 7857 7963 8716 9144 9666 
23 243 959 1250 1703 1944 2148 2537 3087 3248 3538 4015 4394 4746 5180 5683 5834 6343 6923 7419 7861 8550 9140 9703 
23 244 578 1086 1444 1625 2116 2792 2964 3255 3733 3930 4256 4605 5270 5629 6232 6499 7106 7548 8062 8461 8805 9570 
21 245 830 1363 1618 2131 2269 2784 3238 3485 3731 4018 4534 4762 5470 5964 6429 6815 7602 8254 8836 9620 
32 246 431 582 806 1026 1355 1446 1568 1715 1844 2043 2524 3093 3356 3589 3786 4101 4676 4977 5286 5489 5648 6243 6326 6542 7429 7761 8104 8535 9080 9317 9656 
22 247 818 1319 1565 2006 2426 2911 3366 3586 3984 4281 4553 4886 5332 6026 6667 7153 7942 8700 9002 9422 9919 
24 248 467 742 944 1133 1470 1899 2735 3162 3468 3900 4351 4727 5452 5818 6076 6642 7103 7654 8362 8695 9040 9655 9896 
21 249 544 908 1156 1508 1924 2291 2678 3002 3567 4037 4714 5067 5496 6308 6792 7276 7676 8511 8942 9587 
26 250 479 747 1080 1237 1682 1904 2181 2650 3036 3451 3650 3964 4179 4507 4985 5493 6009 6179 6538 6953 7319 8031 8412 8908 9528 
25 251 507 864 1178 1493 1960 2382 3280 3444 3802 4220 4500 4726 5089 5526 5974 6527 6739 6981 7451 7996 8422 8798 9364 9958 
19 252 474 664 998 1327 1957 2260 3096 3606 3938 4240 4851 5361 6213 7160 7298 7874 8330 9152 
21 253 503 860 1333 1651 2293 2726 3139 3691 4232 4529 5250 5888 6135 6870 7517 8070 8369 8807 9232 9544 
28 254 382 773 1138 1574 1809 2158 2610 2970 3277 3763 3990 4262 4471 4664 4995 5521 5847 6040 6627 6979 7407 7749 8230 8867 9099 9338 9741 
23 255 627 1009 1575 2009 2476 2676 3037 3341 3884 4272 4570 5011 5307 5848 6367 6649 7292 7437 8167 8671 8940 9677 
22 256 632 928 1492 1981 2415 2769 2978 3268 3684 4264 4638 5265 5716 6019 6648 7102 7582 8077 8514 9070 9812 
24 257 725 1371 1529 1935 2253 2583 2895 3278 3807 4105 5009 5395 5593 5931 6470 6854 7278 7629 8249 8772 9541 9807 9976 
22 258 794 1029 1305 1631 2107 2420 2859 3022 3289 3389 3899 4419 4837 5201 5880 6619 7288 7934 8397 8672 9674 
23 259 600 1148 1427 1855 2145 2396 3019 3377 3973 4558 5244 5729 6136 6328 6588 6902 7355 7755 8202 8757 9401 9786 
22 260 571 1011 1456 1892 2280 3282 3397 4147 5003 5291 5519 6091 6468 6793 7172 7649 7917 8656 9071 9616 9859 
26 261 815 930 1205 1522 1854 2233 2510 2750 3008 3475 3876 4127 4296 4720 5261 5581 5996 6341 6506 7224 7492 7953 8473 8857 9346 
18 262 624 1332 1692 2199 2631 3024 3647 4301 4700 5173 5685 6487 7181 7370 7693 8380 9205 
23 263 405 798 1154 1544 1903 2151 2642 3195 3498 3983 4508 5158 5559 6033 6442 6918 7206 7546 7905 8635 9277 9534 
22 264 748 1247 1558 2138 2301 2590 3007 3580 4038 4385 4826 5208 5616 6075 6387 7057 7469 7907 8305 8823 9187 
23 265 680 921 1612 2093 2237 2478 2833 3237 3563 3976 4335 4656 5315 6157 6799 7127 7398 8051 8255 8721 9400 9946 
22 266 572 857 1177 1485 1933 2072 2448 2763 3188 3479 3980 4657 4884 5224 5533 6080 7091 7580 7956 8962 9813 
25 267 537 707 894 1210 1610 1816 2064 2609 3069 3364 3830 4363 4859 5434 5812 6584 6842 7164 7746 8173 8655 9045 9507 9672 
21 268 452 634 980 1223 1770 2362 2880 3263 3769 4399 4761 5029 5857 6194 6383 6673 7287 8043 8409 9542 
22 269 760 1005 1275 1658 2152 2605 2940 3261 3571 3903 4212 4577 5222 5636 6006 6530 6775 7310 8264 9363 9808 
23 270 471 783 1153 1585 1987 2289 2933 3326 3712 4294 4719 4815 5576 5981 6411 6827 7403 7959 8512 8861 9547 9968 
23 271 433 596 1044 1539 1805 2077 2480 2881 3547 4036 4499 5148 5531 6248 6467 6875 7463 7835 8525 8789 9221 9722 
25 272 829 1072 1336 1621 1998 2247 2865 3061 3342 3801 4203 4683 5175 5624 5749 6417 6531 6834 7067 7535 7817 8458 9217 9774 
25 273 447 888 1323 1653 2010 2262 2647 2994 3455 3797 4213 4712 4945 5594 6024 6334 6760 7399 7554 7940 8428 8912 9267 9979 
27 274 416 753 1132 1266 1602 1878 2307 2526 3135 3646 3941 4249 4505 4978 5442 5726 5937 6220 6688 7076 7501 7712 8086 8459 9142 9838 
27 275 432 619 973 1143 1761 2198 2627 2891 3518 3849 4154 4439 4920 5369 5690 6012 6526 7306 7775 8179 8538 8774 9013 9345 9710 9929 
25 276 556 904 1259 1426 1760 2087 2719 3313 3732 4162 4519 5033 5152 5339 5677 5961 6734 7474 7747 8198 8648 9056 9354 9910 
22 277 425 705 996 1257 1464 1876 2180 2520 3050 3560 4254 4566 5199 5783 6286 6784 7670 8064 8294 8755 9458 
26 278 415 721 868 1104 1283 1635 1869 2143 2505 2938 3480 3790 4285 4627 5131 5502 5765 6134 6567 7101 7789 8311 8736 9016 9526 
25 279 554 751 831 1186 1608 2120 2690 3180 3666 3952 4251 4483 4822 5363 5752 6100 6344 6598 7268 7825 8354 8662 9266 9779 
22 280 517 949 1458 1812 2140 2791 3150 3621 4061 4304 4745 4965 5305 5698 6269 6666 7010 7520 8089 8844 9455 
25 281 542 899 1314 1660 2003 2462 2768 3072 3332 3747 4406 4643 5227 5768 6035 6453 6942 7107 7665 7954 8304 8864 9279 9875 
25 282 825 1347 1839 1973 2161 2602 2906 3057 3585 4092 4357 4578 5061 5601 5892 6205 6621 6849 7002 7334 7856 8251 8813 9468 
25 283 354 592 840 1095 1340 1879 2094 2409 2688 3122 3624 4132 4599 5034 5359 6306 6647 6820 6976 7784 7972 8636 9156 9535 
27 284 534 695 958 1370 1534 1970 2074 2544 2815 3193 3507 4133 4729 5084 5762 6124 6576 6762 6994 7328 7766 7970 8705 9132 9483 9895 
23 285 743 1357 1951 2113 2337 3051 3392 3478 3770 4041 4437 4972 5274 5466 5775 6448 6680 7139 7644 7975 8578 9562 
23 286 480 907 1214 1630 2063 2288 2731 3083 3372 3688 4143 4640 4931 5337 5761 6079 6483 6909 7568 8396 8838 9387 
26 287 606 952 1291 1471 1783 2121 2376 2633 2804 3074 3658 4165 4495 4733 4969 5322 5691 6331 6651 7373 7932 8213 8571 9405 9796 
24 288 590 938 1225 1582 1966 2403 2704 3297 3667 4083 4756 5068 5289 5845 6083 6389 6630 7141 7739 8515 8852 9476 9610 
24 289 377 626 914 1158 1461 1718 2531 2729 3568 3864 4300 4668 5159 5573 6132 6495 6721 7036 7345 7753 8341 9094 9715 
24 290 462 765 1023 1476 1752 2166 2313 2848 3130 3626 4021 4697 5108 5589 6017 6352 6631 7110 7301 7705 8437 8928 9389 
24 291 492 931 1390 2002 2491 2811 3232 3578 4085 4379 4690 5018 5474 5838 6217 6422 6695 7032 7758 8034 8631 9259 9921 
23 292 446 1139 1545 1701 2032 2428 2905 3352 3788 4234 4597 4871 5133 5505 5998 6377 7058 7435 7702 8291 8888 9323 
21 293 461 981 1331 1447 1866 2257 2728 3021 3463 4016 4732 5373 5841 6025 6449 6714 7168 7899 9029 9720 
25 294 587 746 916 1380 1748 2117 2319 2507 2961 3208 3609 4044 4582 5052 5587 6225 6608 7238 7484 7904 8323 9143 9707 9959 
23 295 787 1126 1593 1851 2241 2474 2869 3357 3803 4009 4355 4959 5376 5607 6037 6396 6886 7390 8168 8641 9291 9555 
23 296 466 1118 1516 1758 2070 2589 3125 3300 4093 4521 4867 5269 5435 5718 6050 6605 6874 7214 7804 8967 9464 9971 
25 297 379 531 764 1013 1217 1747 2316 2516 3098 3472 3969 4197 4375 4881 5617 6207 6592 6811 7143 7716 8069 8314 8690 9374 
24 298 691 1027 1496 1885 2179 2324 2601 2856 3178 3917 4216 4448 4703 5010 5567 5915 6235 6860 7140 7767 8135 9206 9878 
27 299 376 561 800 1317 1759 2170 2539 2923 3141 3328 3669 3881 4211 4358 4930 5420 5862 6472 6700 6997 7400 7858 8350 8802 9188 9765 
24 300 456 841 1161 1563 1906 2205 2567 2986 3224 3730 4051 4372 5027 5757 6071 6624 7066 7236 7453 7862 8426 9500 9938 
23 301 367 567 927 1303 1687 2076 2256 2643 3154 3575 4070 4371 4636 5100 5637 6266 6825 7325 7809 8674 9432 9945 
22 302 539 843 1150 1550 1914 2243 2737 3243 3777 4130 4628 5205 6034 6335 6696 7350 7837 8101 8895 9313 9548 
26 303 559 929 1212 1583 2004 2336 2845 3165 3379 3605 3824 4292 4552 4992 5495 6052 6446 6737 6996 7428 7819 8265 8800 8988 9309 
24 304 498 995 1294 1560 2045 2390 2801 3304 3741 4138 4530 4795 5215 5556 5811 6201 6586 7037 7450 8100 9030 9372 9700 
26 305 767 1049 1459 1901 2402 2599 3132 3622 3783 3996 4160 4401 4877 5253 5459 5748 6060 6441 7075 7424 8126 8619 9046 9469 9763 
21 306 623 1248 1497 1913 2033 2514 2975 3489 3845 4331 4790 5064 5678 6325 6774 7342 7968 8600 9164 9684 
23 307 799 1418 1782 2068 2671 2971 3269 3597 4313 4562 4750 5243 5711 6191 6602 6965 7502 8268 8585 9011 9516 9977 
21 308 597 948 1368 1706 2118 2479 3045 3792 4178 4477 4670 5200 5630 5819 6369 6663 7339 7881 8680 9438 
22 309 499 872 1069 1453 1979 2325 2710 3059 3486 3680 4253 4829 5191 5469 5833 6256 6998 7783 8408 8984 9712 
22 310 527 859 1234 1478 2081 2622 2809 3113 3400 4059 4302 4602 5218 5840 6196 6716 7061 7592 8269 9103 9845 
23 311 512 1059 1378 1632 1857 2197 2862 3246 3866 4409 4639 5188 5278 5657 6027 6408 6810 7589 8040 8336 8976 9618 
24 312 694 1108 1356 1830 2144 2305 2570 2760 3131 3676 4008 4431 4916 5178 5887 6163 6583 7004 7479 8245 8818 9264 9824 
23 313 577 985 1372 1679 2067 2639 2743 3292 3703 4026 4404 4833 5264 5930 6209 6551 6927 7364 8149 8557 9089 9493 
22 314 385 700 1240 1751 2011 2556 3038 3559 3962 4325 4742 5081 5599 5776 6187 6823 7433 8136 8597 8941 9897 
23 315 821 1377 1946 2364 2661 3144 3382 3751 4224 4389 4850 5058 5484 5900 6226 6490 7269 7847 8169 8488 8856 9586 
26 316 353 497 879 1239 1526 1753 2285 2569 2807 3310 3637 4175 4721 5079 5562 5926 6195 6601 7017 7396 7750 8287 8978 9508 9867 
26 317 605 720 965 1524 1867 2172 2369 2623 3473 3726 4087 4429 4861 5256 5451 5734 6078 6534 7078 7377 7651 8206 8837 9396 9595 
23 318 491 969 1352 1948 2612 2844 3234 3963 4565 4993 5235 5411 6055 6549 7073 7530 8214 8479 8930 9412 9815 9914 
24 319 599 777 1062 1375 1926 2395 2960 3481 3997 4491 4651 4889 5284 5882 6431 6880 7233 7333 7884 8420 8803 9465 9983 
22 320 402 487 822 1147 1379 1667 1793 1932 2240 2594 3109 3416 4003 4453 5198 5866 6403 6971 7495 8308 9275 
25 321 639 1183 1495 1863 2030 2322 2494 2888 3040 3222 3456 3943 4316 4556 5087 5571 5979 6310 7068 7829 8148 8869 9245 9679 
23 322 465 882 1614 2078 2465 2879 3177 3529 3848 4284 4637 5040 5410 5700 6045 6678 7280 7533 8501 8827 9034 9222 
24 323 459 855 1215 1974 2546 3032 3610 3981 4708 5026 5338 5822 6212 6385 6645 6964 7688 7987 8490 8715 9100 9423 9941 
24 324 613 771 1032 1810 1986 2522 2836 3014 3500 3862 4123 4849 5024 5481 5723 6089 6297 6639 7178 7930 8495 9024 9809 
21 325 482 750 1088 1445 1755 1918 2299 2749 3245 3710 4074 4781 5230 5742 6510 7352 7738 8215 9252 9652 
23 326 494 761 1269 1592 2017 2667 3142 3608 4042 4610 5038 5364 5651 6414 6878 7089 7392 7558 8211 8677 9057 9676 
23 327 362 693 912 1262 1756 2566 2799 3168 3351 3740 4069 4278 4778 5092 5572 6008 6707 7001 7887 8398 8951 9486 
24 328 545 708 999 1198 1624 2391 2858 3101 3346 3780 4007 4161 4579 5085 5769 6144 6694 6850 7210 7523 8095 8860 9334 
24 329 350 696 987 1510 1891 2358 2952 3411 3603 3995 4106 4622 5122 5707 6095 6476 6895 7023 7585 8233 8604 8939 9736 
21 330 735 947 1564 2016 2503 2936 3410 3897 4517 4631 5140 5477 6067 6684 7157 7514 8146 8819 9186 9514 
28 331 430 737 1397 1853 2225 2651 2675 3001 3205 3689 4235 4468 4659 4748 5331 5628 6011 6427 6742 7193 7684 7859 7928 8443 8902 9295 9697 
21 332 601 951 1339 1691 2058 2518 2950 3140 3503 4001 4580 4747 5091 5458 6129 6513 7372 8156 8986 9411 
26 333 457 984 1374 1514 1969 2334 2471 2673 2963 3340 3748 4152 4548 5012 5498 5731 6147 6394 6795 7113 7440 8248 8573 9212 9991 
21 334 361 768 1188 1646 1900 2218 2515 2852 3267 3750 4384 4787 5375 5733 6277 6946 7471 7903 8769 9609 
23 335 475 791 1297 1828 2318 2699 3055 3544 4067 4557 4929 5168 5591 5870 6536 6884 7461 7762 8150 8516 9009 9503 
23 336 661 1109 1468 1716 2073 2574 2789 3147 3493 3942 4157 4531 5073 5626 6110 6617 6967 7389 7713 8092 8577 9179 
21 337 566 1019 1640 2115 2827 3526 3966 4210 4614 5150 5569 5958 6270 6838 7443 8018 8448 8923 9358 9962 
24 338 649 1015 1341 1802 2535 2715 2969 3206 3641 4046 4493 4932 5480 5920 6398 6856 7052 7267 7964 8623 9122 9552 9865 
27 339 373 755 922 1077 1399 1490 1786 2303 2498 3015 3299 3639 4104 4545 4936 5323 5621 6183 6836 7281 7677 8155 8344 8574 9178 9916 
22 340 585 997 1486 1654 2015 2351 2866 3105 3508 4153 4564 5350 5950 6371 7049 7455 7831 8342 8999 9560 9947 
23 341 383 611 992 1392 1835 2133 2416 2873 3175 3553 4029 4863 5196 5856 6133 6579 6903 7608 7900 8370 8994 9300 
26 342 637 990 1272 1432 1821 2267 2604 2944 3323 3572 4180 4472 4892 5421 5858 6014 6273 6783 7257 7993 8223 8470 8909 9319 9716 
23 343 511 1071 1599 1800 2014 2587 2839 3126 3495 3773 4237 4532 4856 5065 5606 5951 6555 7282 7810 8411 8809 9536 
28 344 417 621 846 1113 1389 1741 2080 2640 2783 3204 3687 3982 4373 4541 5154 5272 5603 6223 6629 6963 7371 7540 7950 8427 8846 9287 9882 
28 345 672 1065 1206 1571 1790 1941 2187 2435 2714 3047 3437 3678 4019 4451 4963 5538 6164 6537 7112 7434 7818 8047 8554 8801 9083 9553 9993 
25 346 486 625 877 1342 1787 2021 2542 3070 3760 4244 4522 4730 4964 5303 5584 5877 6063 6342 6866 7544 8016 8822 9254 9551 
25 347 607 881 1145 1360 1798 2177 2342 2956 3598 3734 4192 4511 4741 5078 5463 6074 6540 6984 7184 7706 8229 8639 9022 9307 
22 348 424 744 1018 1457 1750 2246 2686 3028 3334 3890 4510 5013 5471 5770 6315 6828 7305 7741 8329 9320 9775 
18 349 683 1243 1669 2153 2665 3157 3645 4010 4572 5193 5764 6346 6727 7700 8030 8959 9911 
