2 299 84 
1 298 
1 297 
1 296 
2 295 132 
1 294 
1 293 
1 292 
1 291 
1 290 
1 289 
1 288 
1 287 
2 286 190 
2 285 154 
1 284 
2 283 143 
1 282 
1 281 
1 280 
1 279 
1 278 
2 277 77 
2 276 105 
2 275 186 
1 274 
2 273 97 
1 272 
1 271 
1 270 
2 269 151 
2 268 130 
1 267 
2 266 9 
2 265 194 
1 264 
2 263 126 
1 262 
1 261 
1 260 
2 259 78 
1 258 
1 257 
1 256 
1 255 
2 254 98 
2 253 48 
1 252 
1 251 
1 250 
1 249 
1 248 
1 247 
2 246 2 
3 245 6 16 
2 244 11 
2 243 1 
1 242 
1 241 
1 240 
1 239 
1 238 
3 237 76 181 
1 236 
1 235 
1 233 
3 232 160 49 
1 231 
1 230 
1 229 
1 228 
2 227 59 
1 226 
2 225 165 
1 224 
2 223 153 
2 222 43 
1 220 
1 219 
2 218 173 
2 217 46 
3 216 115 182 
1 215 
1 214 
1 213 
1 212 
1 211 
3 210 196 141 
2 209 152 
1 208 
2 207 20 
1 206 
1 205 
3 204 3 104 
2 203 169 
2 202 52 
1 201 
2 200 183 
1 199 
3 198 117 94 
