4 9999 8070 5953 3569 
7 9998 9365 8777 8452 7565 6288 4968 
5 9997 7526 7184 6400 5842 
3 9996 9575 9536 
8 9995 8867 8096 7801 7123 6113 4987 3128 
8 9994 9355 9296 7996 6869 5784 5280 3880 
4 9993 6505 6019 4242 
8 9992 9421 9331 9196 7577 6417 5130 1038 
11 9991 8920 8880 8554 8305 8195 7509 7481 7238 6731 5859 
3 9990 4783 4416 
10 9989 8949 8180 7888 7496 6490 5916 5144 3458 2318 
5 9988 9317 6330 5531 2210 
8 9987 9386 9105 8923 7844 6358 6294 5224 
4 9986 7973 7424 7058 
7 9985 9552 7615 7002 6350 2363 1658 
5 9984 8345 7751 6890 6221 
7 9983 9376 9308 8802 8558 8414 2238 
7 9982 8946 8634 8497 8196 8147 913 
7 9981 9495 9467 7824 6177 5244 1577 
6 9980 9425 9120 7533 4922 2746 
4 9979 9590 8582 4145 
5 9978 9221 9129 7375 4193 
5 9977 6955 5935 4568 840 
8 9976 9594 9135 8961 8904 8722 4723 2813 
8 9975 9473 9448 9021 8669 8457 8270 7986 
3 9974 9574 9380 
5 9973 8778 8527 5037 3617 
4 9972 9492 9468 8850 
6 9971 8090 7723 7524 6112 4399 
3 9970 4319 3218 
9 9969 9085 8983 8537 8381 7978 7295 5423 3656 
10 9968 9379 9330 9285 8910 7821 7487 6934 6371 4622 
10 9967 9247 9178 8619 8304 7374 6992 6702 5964 4683 
6 9966 8948 6388 5499 4203 2659 
4 9965 9568 8174 8000 
8 9964 9422 9063 8712 8674 6271 5414 2650 
5 9963 9457 9437 8947 4189 
11 9962 9470 9230 9088 8790 7959 7288 6524 6093 4790 3522 
6 9961 8959 6723 6444 5659 4490 
7 9960 7568 7054 6153 4795 4332 231 
8 9959 9017 8925 7832 7391 6539 5551 4700 
5 9958 9108 8939 6185 797 
11 9957 9142 9074 9040 8780 8234 8126 7283 6507 5399 5063 
6 9956 8163 5476 5068 3871 3021 
7 9955 9307 7257 6933 5937 4916 3978 
1 9954 
6 9953 8411 7828 7051 6154 2914 
5 9952 9456 9154 8019 1207 
8 9951 9543 9526 9433 9387 7087 6701 4901 
6 9950 9441 9413 8770 5682 4091 
11 9949 9501 8781 8723 8473 8162 7603 7131 6074 4474 3172 
2 9948 9472 
7 9947 9553 9390 8107 7402 6766 5653 
7 9946 9148 9004 6148 4803 4103 2450 
5 9945 9094 8690 6096 5020 
8 9944 9557 9531 9025 7001 6295 5629 3934 
5 9943 9240 9146 6477 4554 
4 9942 8532 8120 5173 
8 9941 9348 9257 8087 5434 4424 2563 1247 
3 9940 6439 4041 
6 9939 9253 8655 8467 8336 8154 
4 9938 6278 5446 3928 
4 9937 5931 4978 2508 
2 9936 7472 
5 9935 9583 9311 6152 1293 
5 9934 9385 9310 8808 5561 
11 9933 9086 9064 8944 8769 8706 8508 7241 6302 4531 3346 
7 9932 8865 6573 5524 4841 4271 3562 
5 9931 8463 6458 5563 1107 
6 9930 9215 7163 6423 5504 2816 
8 9929 9096 8985 8738 8581 6795 4156 142 
6 9928 9469 9442 9241 6889 1120 
1 9927 
4 9926 9560 6405 3523 
1 9925 
7 9924 8811 8676 8538 7235 5857 4812 
6 9923 9505 9449 8726 5819 2457 
6 9922 8260 7639 7244 6355 4641 
4 9921 8106 6136 5248 
8 9920 9571 9259 6595 5398 4732 3517 623 
7 9919 9300 9266 8066 7688 6226 2853 
4 9918 5974 5753 3237 
2 9917 9326 
2 9916 2764 
4 9915 4393 3378 2224 
3 9914 6384 4488 
9 9913 9562 9537 9502 8636 7623 6487 5714 3380 
6 9912 9439 8286 8008 6559 5198 
5 9911 9431 9123 7152 5084 
1 9910 
6 9909 7183 6210 5454 4186 2824 
7 9908 9356 8839 8567 8375 5077 4077 
4 9907 8861 7881 5950 
2 9906 3897 
8 9905 8707 8251 7559 7084 6623 6170 452 
8 9904 8741 8491 8384 7625 7038 5791 4592 
7 9903 8834 8276 7813 6631 5410 3665 
4 9902 9243 8433 1691 
11 9901 9588 8853 8657 7964 7596 7215 6748 5407 5055 3514 
7 9900 9481 9446 7642 7053 5225 1185 
5 9899 9061 7527 4951 3727 
7 9898 8320 7696 7303 6569 5555 4961 
10 9897 9471 8963 8866 8222 7917 7251 6715 5707 626 
5 9896 9427 8089 7896 7115 
5 9895 8742 8648 7783 4799 
12 9894 9245 8818 8577 8528 8333 8012 7855 7826 7268 6311 2038 
5 9893 8891 7950 7566 7049 
8 9892 8887 8759 8468 7851 7358 6158 3644 
5 9891 8398 8098 5788 4538 
3 9890 9558 5586 
8 9889 9491 8704 8267 7985 6918 6010 3286 
9 9888 9597 9110 9041 8895 8308 6943 6365 4239 
4 9887 8313 7825 3080 
6 9886 9235 9014 7597 5274 4269 
6 9885 8441 7979 7338 6782 5404 
2 9884 9360 
10 9883 8908 8393 8130 7898 7029 6087 4378 2252 632 
8 9882 9383 7382 6667 5973 4695 1507 980 
6 9881 9418 7992 7204 6453 3224 
7 9880 9250 9185 9122 8966 8870 3440 
4 9879 9328 9304 2408 
3 9878 6616 4095 
3 9877 9227 4324 
4 9876 7034 6613 3838 
5 9875 8405 8097 7460 3412 
8 9874 9561 9463 9400 9143 9009 8957 2521 
5 9873 8429 6624 5331 3107 
13 9872 9518 9034 8912 8863 8689 8427 8341 7904 6840 5775 4725 1898 
7 9871 9534 9337 9261 8941 5633 3618 
6 9870 9206 8641 5865 4962 2873 
10 9869 9554 9302 9244 9147 8124 7718 7057 5696 3914 
1 9868 
5 9867 9279 8756 8543 1336 
8 9866 9115 8871 8797 8013 7586 5817 4931 
5 9865 8975 8622 6212 4891 
1 9864 
4 9863 9214 6339 5493 
6 9862 9124 8649 8611 8301 480 
6 9861 8053 7593 6994 5432 3275 
3 9860 4861 3812 
3 9859 9430 1740 
12 9858 9482 9420 9378 9351 9318 9201 8974 8860 8594 5665 2625 
4 9857 8754 8535 3279 
4 9856 8825 8131 1958 
5 9855 8971 8847 4473 1881 
5 9854 8387 8080 6911 2103 
6 9853 9091 8997 8936 8552 5461 
4 9852 9582 8836 8069 
6 9851 9577 5855 4446 2770 325 
5 9850 7335 6315 5361 3110 
6 9849 9398 8709 8579 8319 5003 
9 9848 9208 9193 9080 9008 8580 7408 6520 2169 
10 9847 9595 9579 9455 8899 8592 8211 6999 5544 3723 
6 9846 9486 7708 7161 4778 2358 
3 9845 9556 9530 
9 9844 9438 9410 9353 9298 9222 9183 9097 4983 
4 9843 9334 5390 3922 
9 9842 9493 7839 7540 6981 6461 5415 4719 3032 
4 9841 8608 8369 8022 
7 9840 8230 7350 6775 5264 3950 2909 
6 9839 8897 7083 6770 6291 3886 
11 9838 9381 9269 9231 8992 8911 8734 8647 7476 6193 5669 
4 9837 9428 9271 8556 
4 9836 9451 6349 3586 
10 9835 9149 8765 8623 8186 7983 7539 7154 5512 4662 
3 9834 5408 4577 
4 9833 9465 8350 1662 
6 9832 9511 9494 7310 6465 3836 
3 9831 5723 587 
7 9830 9549 9525 8678 8337 5312 3456 
2 9829 4996 
11 9828 9204 9027 8964 8525 8216 7834 7264 6368 5157 729 
2 9827 5232 
5 9826 9338 8299 8061 7239 
8 9825 9066 8764 8638 8515 8371 7676 7093 
1 9824 
8 9823 9419 9388 9361 9340 8185 5443 4298 
7 9822 9392 9323 8977 8862 3713 2208 
7 9821 9233 9157 9050 8942 8517 5048 
5 9820 9585 7771 6348 3350 
12 9819 9513 9366 9293 9126 8743 8417 8152 7744 6690 6032 2321 
5 9818 6687 4445 1653 955 
6 9817 9397 9301 7733 4305 2628 
7 9816 9335 9234 9173 8907 8775 8700 
7 9815 9548 9077 9001 8898 5798 5376 
8 9814 8295 7969 7290 6364 5266 4501 2170 
7 9813 9567 7951 7302 6978 5731 4750 
6 9812 9462 9277 6964 5960 3313 
4 9811 6433 5273 4157 
7 9810 9372 8900 8570 8332 6051 4817 
7 9809 9478 9404 8755 8480 3857 2322 
7 9808 8386 8218 7814 7393 5127 4197 
5 9807 8958 8683 7997 6870 
6 9806 9565 9032 8884 5718 4766 
8 9805 9566 9453 8809 8451 8078 6448 5883 
5 9804 9521 8374 5758 2618 
1 9803 
6 9802 8980 6586 5848 5111 3819 
2 9801 9049 
7 9800 9375 9333 9268 9188 9062 8921 
13 9799 9593 9342 8972 8919 8223 8002 7705 6993 6045 5456 5065 3899 
8 9798 9258 8875 8604 8500 8169 7991 7467 
2 9797 7700 
2 9796 3386 
3 9795 9532 3954 
6 9794 8561 8139 7182 2090 1425 
5 9793 7604 7126 6534 5618 
4 9792 7485 6959 5828 
8 9791 8846 8696 8082 7436 5939 5606 2750 
3 9790 9374 4649 
6 9789 9417 8541 7089 5977 4556 
4 9788 8943 7833 7223 
6 9787 7748 7311 6676 5471 1084 
9 9786 9051 8482 6828 6492 6233 5449 5125 3712 
5 9785 9369 7011 5825 3543 
7 9784 9332 8859 8569 8483 8210 4243 
9 9783 9357 9295 9057 8221 7906 6995 5044 1288 
6 9782 7032 6390 5854 5596 4341 
6 9781 7721 7416 6246 5538 4023 
4 9780 9260 8331 3048 
7 9779 9343 8685 8226 6761 4865 3883 
4 9778 9358 9294 8330 
8 9777 8461 8380 7863 7307 6693 6285 4747 
4 9776 5275 4374 44 
5 9775 7756 7105 6514 2152 
2 9774 9287 
8 9773 8041 7660 7371 6944 6314 4509 939 
5 9772 8423 8232 7450 6441 
6 9771 8166 8057 5179 4160 2868 
2 9770 1375 
5 9769 9555 8001 5474 2138 
4 9768 9578 8718 3762 
3 9767 9329 391 
2 9766 4040 
4 9765 6230 4760 3484 
5 9764 6819 5253 4631 3000 
7 9763 8753 8533 8396 6632 5942 5672 
4 9762 9016 8735 7173 
4 9761 9497 9479 9359 
3 9760 8436 8119 
4 9759 8364 8122 3698 
5 9758 9344 8982 7228 6300 
6 9757 9540 8043 7192 5790 3797 
11 9756 8776 8680 8455 8365 7878 6700 5814 5438 4908 4268 
5 9755 9029 8893 8054 20 
6 9754 9336 7831 7368 5459 4133 
3 9753 5961 4116 
10 9752 9598 9013 8205 7869 7589 6585 5876 5035 1254 
6 9751 9496 9454 7304 5978 4650 
6 9750 8264 8046 7943 6260 2273 
4 9749 7437 6241 4057 
7 9748 9107 8888 7426 6419 5354 2427 
5 9747 7517 7136 5666 4757 
5 9746 8281 7946 7410 4640 
5 9745 8701 5439 3035 124 
6 9744 9539 9477 9445 8837 8377 
6 9743 9527 9512 9461 6637 5877 
8 9742 9489 8663 8404 7261 6612 5697 4192 
5 9741 9391 8354 8113 4158 
3 9740 6521 2671 
5 9739 9210 7624 7111 5202 
6 9738 9522 9048 7669 6322 3064 
3 9737 9474 9377 
3 9736 5293 2617 
7 9735 9510 9203 8385 7024 6242 5010 
8 9734 9382 9352 8879 7133 5647 4883 3115 
6 9733 9586 9541 9281 4296 3781 
5 9732 9007 8278 6099 4047 
8 9731 9475 9458 9423 9095 7221 7059 5597 
4 9730 9131 4545 3349 
8 9729 9414 8714 8607 7281 7017 5661 3745 
5 9728 8858 7767 5895 3274 
7 9727 9299 9197 8488 7836 6895 5549 
5 9726 8598 8178 5030 644 
9 9725 9093 8934 8249 7151 6522 5874 5333 3545 
9 9724 9403 9098 8684 8321 8171 4348 3369 925 
1 9723 
6 9722 9200 8372 6827 6191 4310 
2 9721 6063 
10 9720 9435 9119 9005 8503 7776 7590 6931 5685 5078 
8 9719 8499 8479 8322 7995 7459 5460 3969 
5 9718 9218 9113 9024 7036 
4 9717 6817 5230 2185 
8 9716 9315 8914 8724 7953 7518 6717 4759 
7 9715 8771 8613 7348 6919 4918 1950 
6 9714 6958 5894 4729 3860 86 
7 9713 8732 8625 8363 6289 5840 1680 
9 9712 9519 8156 6266 5720 5149 4383 2862 60 
2 9711 7252 
7 9710 9509 8716 8349 8123 5836 4363 
6 9709 9312 9076 8717 7673 6467 
8 9708 9069 8474 8352 8141 7742 6750 5543 
7 9707 9596 7955 7766 5110 4185 3500 
9 9706 9327 9125 8810 8572 8048 6606 5547 3711 
7 9705 9546 9499 7166 6792 5364 3858 
11 9704 9212 9181 9081 8849 8006 7175 6500 6073 5046 2276 
7 9703 8091 7537 6721 5175 3626 1718 
4 9702 9517 5270 4120 
8 9701 9432 8269 8142 7820 7758 5542 4292 
3 9700 5587 4671 
4 9699 9010 7974 7713 
5 9698 9589 6867 5918 4691 
6 9697 9211 8905 8654 6250 4540 
3 9696 9564 9483 
7 9695 8913 8197 7968 6917 5190 2658 
6 9694 9395 9184 7918 7202 6479 
1 9693 
6 9692 8311 7168 5987 4923 3971 
10 9691 9576 9485 9460 9290 7739 7035 6258 5485 2554 
5 9690 8168 7591 6626 1157 
7 9689 8280 8138 7160 6354 5311 4124 
5 9688 9092 8931 8740 1829 
6 9687 9371 7356 5873 4308 1244 
6 9686 9053 8845 8424 5850 4013 
5 9685 9580 8430 5159 2253 
7 9684 9490 9320 9309 8327 6675 6111 
8 9683 9163 9058 8279 7138 6685 6022 4929 
5 9682 9176 5269 4018 2786 
7 9681 9516 9426 8409 8206 7772 6342 
5 9680 9545 6011 5545 3588 
7 9679 9599 8487 7752 7219 6518 900 
8 9678 9508 9367 8935 8519 6084 5536 2188 
1 9677 
6 9676 8132 7667 7044 5988 4108 
9 9675 9591 9036 8589 7989 7530 6545 5286 1510 
9 9674 9170 8999 8165 7725 7039 6533 5926 4846 
3 9673 3984 3033 
2 9672 8618 
3 9671 9324 9252 
10 9670 9584 9405 9384 9248 9232 9028 8924 8490 4600 
3 9669 7068 5348 
3 9668 7899 5501 
5 9667 9415 8822 8443 8217 
3 9666 9573 757 
2 9665 9117 
2 9664 8994 
9 9663 8829 8677 8501 8100 7803 7390 6445 4972 
4 9662 8794 8710 4741 
4 9661 9236 8874 1575 
4 9660 8397 5592 5362 
10 9659 9368 9350 9145 8495 8256 8084 7842 7146 4716 
9 9658 9239 9132 9083 8885 8626 8282 7681 7441 
11 9657 9529 8729 8460 8215 7427 6878 6273 5884 4909 2704 
7 9656 7818 7343 6227 5395 4726 144 
2 9655 9476 
10 9654 9535 8757 8565 8110 7611 7337 5760 4484 2878 
9 9653 9047 8828 8523 8265 6568 5778 5047 2130 
13 9652 9436 9237 9174 8894 8522 8238 7977 7722 7042 5735 5265 2055 
9 9651 9162 9073 9006 8751 8612 6194 5726 5412 
4 9650 6997 4350 3987 
8 9649 9581 9570 9484 7784 6644 4338 2606 
5 9648 8036 7845 7714 5370 
9 9647 9480 9280 8015 7300 7052 5896 4425 1972 
2 9646 7600 
6 9645 9488 9059 8929 7181 6127 
7 9644 9373 8391 7702 7315 6603 5294 
6 9643 9275 9161 8838 7214 6470 
6 9642 7806 7185 6872 6124 790 
7 9641 9443 8639 8540 8340 7359 6665 
10 9640 9551 8762 8201 7649 6844 6079 5588 3956 2307 
7 9639 9416 9169 7670 7069 5575 4354 
2 9638 3884 
4 9637 7349 7189 5176 
5 9636 9542 9251 5616 3238 
3 9635 6060 1452 
6 9634 9533 9223 8083 5652 562 
4 9633 9559 9538 9515 
7 9632 9440 9396 6434 5749 3780 1403 
7 9631 9547 9217 8574 8453 5150 3631 
7 9630 9242 9168 7781 7395 6853 5841 
6 9629 9198 7519 5607 4392 479 
3 9628 9563 9520 
3 9627 9569 1823 
7 9626 9587 8815 8202 7720 6650 4755 
9 9625 9528 8478 8151 7954 7008 6317 5944 5108 
10 9624 9408 9407 9363 9177 9067 8114 7641 4178 749 
10 9623 9434 8183 7981 7822 7489 7100 5435 3931 3185 
5 9622 8317 8199 7731 4614 
7 9621 8998 8633 8275 7980 7242 5776 
9 9620 9524 9500 8746 8621 8507 8095 7404 3153 
8 9619 9592 9399 8805 8526 8044 6016 5174 
9 9618 8927 8752 8454 8255 8076 7789 5416 431 
8 9617 9506 9189 7800 7112 6789 6229 4542 
8 9616 9155 8986 8658 8472 8235 7795 2961 
7 9615 8602 7976 7753 6080 5599 3402 
5 9614 6351 5631 4315 1136 
6 9613 9507 7079 6104 3069 526 
7 9612 9444 9322 9220 6935 4955 868 
8 9611 9424 9389 8969 8812 8606 5508 3985 
8 9610 9498 9339 8442 8356 7719 6991 5571 
4 9609 7074 6768 5821 
6 9608 7405 7157 5745 4277 3945 
4 9607 9354 4886 616 
7 9606 8392 8358 8137 6257 5467 3087 
7 9605 9056 8877 7617 7289 6494 758 
6 9604 9487 9447 9172 3664 1547 
8 9603 8744 8666 7938 7201 6323 5029 3589 
7 9602 9572 9099 8702 8389 7601 2818 
3 9601 7937 3097 
7 9600 8058 7606 6976 5688 4129 2848 
