8 9999 9144 9025 7788 7518 7178 3279 1289 
5 9998 9074 7997 5729 4901 
5 9996 9298 8785 8736 7774 
2 9995 4131 
5 9994 9483 9205 8470 2894 
6 9993 9398 6755 6217 5227 2895 
4 9992 9615 6371 5885 
3 9991 6490 5988 
6 9990 9497 9369 8664 8589 5690 
6 9989 9530 9009 8880 7089 6588 
7 9988 9640 9562 9444 5915 5204 2423 
5 9987 6783 6325 5681 2668 
6 9986 9512 8881 8731 6955 3952 
7 9985 9004 8202 8092 5375 3913 2942 
9 9984 9596 9142 8863 8744 5559 4881 3021 1445 
4 9983 9400 9208 7652 
1 9982 
3 9981 9099 7264 
4 9980 9560 9152 5644 
3 9979 9404 1791 
3 9978 8011 6576 
4 9977 8241 7772 5921 
9 9976 9455 9325 9206 8695 7713 7424 4962 3570 
3 9975 9514 8311 
6 9974 9563 7270 4097 2952 694 
6 9973 9432 8922 8393 8180 1993 
4 9972 8535 8002 7649 
4 9971 6074 5418 2494 
3 9970 9434 9346 
1 9969 
3 9968 5513 3748 
6 9967 9570 9198 8374 6240 4361 
7 9966 9588 9253 7861 5928 5361 3399 
3 9965 8879 2497 
6 9964 9377 8376 7261 6737 5255 
4 9963 9554 9493 8753 
5 9962 7789 6561 3668 1946 
8 9961 9532 8900 8809 8747 8062 5410 2565 
3 9960 9633 7722 
8 9959 9316 9005 8929 8268 4353 3381 2155 
1 9958 
11 9957 9625 9552 9299 9276 9164 6637 6159 5050 4712 1793 
6 9956 9590 9548 9433 8351 697 
3 9955 9531 9478 
6 9954 9482 9405 9100 4923 4625 
3 9953 7996 825 
6 9952 9389 9323 9181 8167 2791 
5 9951 9610 8585 6264 3767 
6 9950 8225 6303 5787 5280 3436 
4 9949 9486 8542 7917 
4 9948 8243 8100 7364 
2 9947 7326 
4 9946 8935 7677 7134 
5 9945 8515 7885 4556 3006 
7 9944 8947 8893 6972 6633 5851 4037 
7 9943 9518 8985 8305 6843 2007 63 
5 9942 9618 9353 7729 6301 
1 9941 
9 9940 9605 8596 6573 5960 5527 4364 1990 496 
7 9939 9505 6404 6012 5365 3769 1154 
3 9938 8789 8392 
7 9937 9553 9124 7938 5953 4502 2634 
3 9936 9516 8909 
6 9935 9294 8959 6435 5562 3386 
2 9934 7641 
2 9933 9600 
1 9932 
4 9931 9296 4339 3517 
7 9930 9598 9210 8632 8287 8110 7540 
5 9929 9036 8514 4419 2367 
4 9928 9016 8941 5666 
3 9927 7004 5453 
4 9926 8763 8236 6202 
3 9925 9643 531 
2 9924 8009 
5 9923 9305 8637 7730 7577 
6 9922 9020 7972 7718 1954 124 
5 9921 9449 8648 8117 7527 
3 9920 8979 7559 
3 9919 9452 6055 
2 9918 2980 
3 9917 9427 9154 
4 9916 6480 2213 419 
7 9915 9545 9411 9313 8719 8682 6575 
1 9914 
9 9913 9622 9525 9140 9108 8412 4635 2594 233 
2 9912 7460 
6 9911 8930 8822 8802 8037 5823 
4 9910 9423 6776 6207 
5 9909 9534 9083 8978 5987 
7 9908 9409 9171 8891 6498 5398 4087 
2 9907 9558 
5 9906 9364 8443 3540 1991 
4 9905 8219 7738 7368 
3 9904 6673 6172 
5 9903 8218 7100 6442 6090 
6 9902 9312 9214 9162 9045 7021 
4 9901 8996 8898 2217 
5 9900 7470 5618 4699 3375 
9 9899 9569 8408 8302 8045 7903 4956 3472 2103 
4 9898 9511 8986 6413 
6 9897 8951 8626 8433 8307 1773 
6 9896 9032 7856 6883 6390 4275 
1 9895 
4 9894 7066 4512 2907 
2 9893 9138 
4 9892 9519 8768 4331 
6 9891 9586 6821 6235 4708 3595 
5 9890 9637 8164 7362 4171 
6 9889 9464 9341 8803 7478 7063 
4 9888 9644 8932 6091 
10 9887 9626 9063 8411 8275 8077 7094 6524 5712 5392 
2 9886 7911 
5 9885 9472 8635 8559 7502 
2 9884 9577 
5 9883 9465 9064 6942 2810 
2 9882 2528 
3 9881 8068 7417 
4 9880 9509 9071 6148 
3 9879 8555 7887 
4 9878 7817 6271 5674 
4 9877 9244 7123 5065 
2 9876 9255 
5 9875 8994 7791 7474 5517 
3 9874 9546 9527 
2 9873 2786 
7 9872 9639 8777 7978 3857 2969 1851 
7 9871 9373 8748 8660 7106 6663 2406 
5 9870 9469 9161 4998 4347 
2 9869 6216 
8 9868 9619 9500 9438 5859 5231 3530 592 
4 9867 9015 3555 1533 
3 9866 5481 5107 
6 9865 7801 6320 5849 5042 3504 
6 9864 9523 8075 7839 5551 4300 
2 9863 7471 
5 9862 9396 8916 6751 6135 
4 9861 9638 8715 3048 
2 9860 2716 
4 9859 8567 7850 5193 
4 9858 9634 9463 6614 
5 9857 9379 8619 5273 447 
7 9856 9539 8409 7174 5779 4058 1627 
8 9855 9372 9367 9326 9285 7655 2957 1921 
6 9854 9474 6722 6038 3080 1635 
4 9853 9495 9479 8694 
6 9852 9199 8895 6960 5473 973 
6 9851 9490 9348 8306 7843 6491 
4 9850 9620 8187 5707 
3 9849 8479 2349 
3 9848 9501 9343 
3 9847 3024 283 
5 9846 8981 7294 4762 3116 
7 9845 9335 8174 7923 7705 7555 1027 
8 9844 9331 8622 8252 8112 7991 7593 4964 
3 9843 8782 7456 
4 9842 9450 8265 1199 
2 9841 2288 
2 9840 8696 
6 9839 9419 9146 8658 6842 5208 
2 9838 2681 
1 9837 
4 9836 9573 6088 1212 
3 9835 9431 2661 
4 9834 8776 6806 711 
5 9833 9355 9262 9109 1428 
4 9832 9646 9608 8465 
6 9831 9540 9536 8363 7966 6246 
6 9830 9195 8945 4965 3580 2134 
4 9829 5991 2532 1177 
4 9828 7107 6881 6479 
2 9827 977 
6 9826 9623 8416 6810 3188 537 
6 9825 9541 8779 7921 5470 1778 
4 9824 9330 4690 647 
7 9823 9174 9082 7852 6157 4875 1363 
6 9822 9647 9085 9001 7413 7207 
6 9821 9387 9169 9143 7618 7234 
5 9820 9621 9574 8743 6164 
6 9819 8228 6496 6008 5002 2016 
10 9818 9453 9290 9252 9232 9201 8160 8058 7854 2783 
7 9817 9578 8811 8146 7683 7520 7215 
4 9816 9572 8024 6596 
4 9815 9429 8964 1397 
5 9814 9636 9582 7747 2254 
5 9813 8195 6732 3120 98 
5 9812 9426 9112 7731 7010 
7 9811 9595 9269 8836 8165 7165 2451 
5 9810 9209 9167 8360 3642 
5 9809 9374 8516 7315 2630 
6 9808 9487 9065 8018 7568 1651 
9 9807 8955 7895 7770 7399 4135 3529 2879 503 
3 9806 9580 6051 
2 9805 7688 
8 9804 9599 9528 9070 9041 7371 6133 2623 
3 9803 9535 7162 
2 9802 870 
6 9801 8921 8846 7608 4014 845 
4 9800 9306 8548 4977 
1 9799 
5 9798 9473 8997 8973 8887 
2 9797 9604 
7 9796 9295 9134 7435 6542 4418 2296 
3 9795 9517 7414 
2 9794 9204 
4 9793 9403 4437 1648 
8 9792 9337 8987 7246 6513 5621 4771 969 
5 9791 9617 9225 8582 6632 
3 9790 9564 9192 
2 9789 8395 
4 9788 7537 4585 1522 
7 9787 9609 9266 9048 8749 7717 7534 
3 9786 5240 75 
4 9785 9592 9583 9510 
1 9784 
3 9783 9003 6422 
3 9782 3403 1911 
3 9781 9496 8618 
3 9780 9399 8629 
4 9779 9034 7951 6835 
2 9778 7272 
5 9777 9544 4235 2809 946 
4 9776 9105 8830 7049 
4 9775 8770 7908 1637 
2 9774 6730 
9 9773 9547 9283 9230 8905 8539 5591 4871 722 
5 9772 9566 8918 6377 5738 
6 9771 9430 9265 8772 8247 7775 
1 9770 
6 9769 9345 9062 8729 8554 7820 
2 9768 519 
3 9767 6546 2504 
4 9766 7930 7153 2388 
3 9765 6784 6405 
7 9764 9631 8485 8290 6061 3285 2518 
5 9763 9318 8487 6598 2249 
7 9762 9502 9402 8706 8272 6647 2611 
4 9761 9555 3808 85 
4 9760 9421 9259 8636 
3 9759 7741 6906 
3 9758 9018 4789 
2 9757 9212 
6 9756 9611 9028 8818 8192 8096 
5 9755 9603 8606 8043 7796 
4 9754 9571 9524 7899 
5 9753 9508 8298 5836 2659 
5 9752 9565 9526 9422 6787 
3 9751 9576 7756 
4 9750 9370 9349 5320 
5 9749 8998 8690 8151 5044 
3 9748 6173 1298 
3 9747 9613 7187 
3 9746 8868 8799 
4 9745 9521 8902 8194 
6 9744 8716 8484 6932 6184 6017 
8 9743 9614 8928 6149 4832 3901 2901 470 
5 9742 9641 9000 8838 8314 
1 9741 
7 9740 9632 9593 9414 9342 8032 7886 
2 9739 9354 
5 9738 9648 9507 9188 4576 
6 9737 9466 9359 9293 6656 2678 
3 9736 9334 9307 
6 9735 9585 9529 9424 9234 8816 
5 9734 9170 7810 7533 819 
7 9733 9471 9114 8735 8647 8317 6121 
5 9732 9602 8527 7965 5561 
2 9731 6014 
5 9730 9023 7164 6898 1864 
5 9729 9239 8953 6952 3082 
5 9728 9401 8962 8402 4978 
7 9727 9627 9567 9088 8888 8583 5033 
5 9726 9022 8105 6537 126 
5 9725 9503 8387 3870 2107 
2 9724 2480 
4 9723 6189 5285 3531 
4 9722 8640 5698 4916 
5 9721 9542 7194 3970 2149 
8 9720 9448 9320 7223 6830 4063 2587 960 
7 9719 9550 8576 8132 4643 2582 1596 
3 9718 9629 9556 
7 9717 9125 8853 8522 7806 4256 2338 
7 9716 9271 8825 8784 5635 4707 3708 
4 9715 8672 7841 4747 
7 9714 9642 7319 5897 4685 3444 1665 
4 9713 7805 2561 578 
4 9712 9277 7947 900 
3 9711 8845 7690 
5 9710 7542 7192 6974 4188 
5 9709 9080 6947 4775 2925 
5 9708 9551 9086 8683 3232 
4 9707 9297 9163 411 
7 9706 9061 8533 7807 7697 4963 3227 
7 9705 7517 7156 7029 6680 4254 2291 
7 9704 9381 9301 8270 6029 5789 4644 
3 9703 9388 5638 
8 9702 9587 9101 8323 8179 8081 7553 6279 
4 9701 9013 8631 1868 
1 9700 
7 9699 9606 9597 8965 8240 4767 2994 
2 9698 7260 
2 9697 4329 
8 9696 9635 9612 9579 7214 6650 4111 2936 
10 9695 9616 9264 9193 8308 8084 7858 7521 6969 4594 
7 9694 9333 8712 7631 6142 2956 1268 
5 9693 8923 8708 7726 6804 
9 9692 9630 9176 8556 8197 7746 7654 3918 3143 
3 9691 8574 5723 
8 9690 9458 9347 6988 6823 6332 5950 4915 
3 9689 9410 3634 
8 9688 9628 9365 9344 9291 7934 5432 4539 
3 9687 6639 4184 
5 9686 8070 6269 5178 3057 
3 9685 9607 3107 
9 9684 8739 8343 7804 6447 5372 4793 3334 1185 
4 9683 9156 9069 7907 
2 9682 8670 
5 9681 9245 8742 8244 7341 
3 9680 8510 8114 
2 9679 7492 
4 9678 9557 7926 5211 
7 9677 9383 6094 5717 4526 3554 582 
4 9676 9026 8819 3818 
6 9675 9499 9476 7604 7422 3810 
7 9674 9132 8738 8633 8353 5948 5486 
5 9673 9226 8823 7900 6511 
6 9672 9319 8792 6564 4605 119 
5 9671 9094 5970 5284 2719 
5 9670 9645 5007 3159 2436 
3 9669 9575 9418 
5 9668 9237 8940 8203 7936 
4 9667 7837 6179 2084 
5 9666 9275 8771 5774 4821 
7 9665 9533 9513 9148 7322 3422 1766 
4 9664 9386 8852 8385 
5 9663 8788 7968 6865 849 
5 9662 9624 9113 6762 6627 
3 9661 8216 3876 
2 9660 9481 
6 9659 9137 8806 8750 7008 6441 
7 9658 9480 9030 7002 6587 3106 1508 
4 9657 8501 6626 5269 
6 9656 8810 7764 5930 3826 2507 
5 9655 9357 8774 5507 4678 
9 9654 9390 9292 9221 8060 6833 6266 5877 4659 
3 9653 9102 8805 
5 9652 8520 7970 7595 7348 
3 9651 9358 6065 
4 9650 5054 3071 341 
5 9649 8685 8061 7050 6625 
