3 0 1 2 
3 1 9 2 
1 2 
4 3 1 49 2 
4 4 1 77 2 
4 5 1 84 2 
4 6 1 94 2 
3 7 1 130 
4 8 1 132 183 
2 9 130 
4 10 1 149 130 
4 11 1 151 183 
4 12 1 153 130 
3 13 1 165 
4 14 1 169 2 
4 15 1 173 2 
3 16 1 175 
3 17 1 183 
4 18 1 208 130 
4 19 1 211 2 
4 20 1 247 2 
4 21 1 257 183 
4 22 1 274 130 
3 23 1 2 
5 24 1 9 132 183 
4 25 1 49 2 
4 26 1 77 130 
4 27 1 84 2 
4 28 1 94 2 
3 29 1 130 
4 30 1 132 183 
4 31 1 149 132 
4 32 1 151 183 
5 34 0 1 153 130 
3 35 1 165 
2 37 2 
4 38 1 169 130 
4 39 1 173 2 
3 40 1 175 
3 41 1 183 
4 42 1 208 130 
4 43 1 211 130 
4 44 1 247 169 
4 45 1 257 183 
3 46 1 2 
3 47 1 2 
4 48 1 274 183 
2 49 2 
3 50 1 2 
4 51 1 9 151 
2 52 2 
4 53 1 49 2 
4 54 1 77 151 
4 55 1 84 2 
4 56 1 94 2 
3 57 1 130 
4 58 1 132 183 
4 59 1 149 130 
4 60 1 151 183 
4 61 1 153 130 
3 62 1 165 
4 63 1 169 183 
4 64 1 173 2 
3 66 1 175 
3 67 1 183 
4 68 1 208 130 
2 69 2 
4 70 1 211 151 
4 71 1 247 274 
4 72 1 257 183 
4 73 1 274 130 
3 74 1 2 
4 75 1 9 165 
4 76 1 49 2 
2 77 165 
4 78 1 77 169 
4 79 1 84 2 
4 80 1 94 2 
3 81 1 130 
4 82 1 132 183 
4 83 1 149 132 
2 84 2 
4 85 1 151 183 
4 86 1 153 130 
3 87 1 165 
4 88 1 169 274 
4 89 1 173 2 
3 90 1 175 
3 91 1 183 
4 92 1 208 130 
4 93 1 211 165 
2 94 2 
4 95 1 247 2 
4 96 1 257 183 
3 97 1 2 
4 98 1 274 183 
3 99 1 2 
5 100 1 9 169 274 
4 101 1 49 2 
4 102 1 77 175 
