56 0 1 81 82 84 85 86 87 88 90 91 92 94 96 98 99 101 102 103 105 106 107 108 109 110 111 112 113 114 115 116 120 123 124 125 126 127 128 130 132 134 135 136 137 138 139 141 142 143 144 146 147 149 151 153 173 
54 1 2 81 83 85 86 87 88 91 92 93 94 96 98 99 101 102 103 104 105 107 108 109 111 112 113 114 115 118 120 123 124 125 126 128 130 131 133 134 135 136 138 139 140 141 142 143 144 146 147 149 151 153 173 
55 2 3 81 82 84 85 86 87 88 90 91 92 94 96 98 99 101 102 103 104 106 107 108 109 110 111 112 113 114 115 116 120 122 124 125 126 128 130 131 133 134 135 136 138 139 140 141 143 144 145 146 147 149 182 459 
57 3 9 81 82 84 85 86 87 88 91 92 93 94 96 98 99 101 102 103 104 105 107 108 109 110 111 112 113 114 116 118 119 122 123 124 125 126 127 128 130 132 133 134 135 136 137 138 139 141 142 143 144 145 147 149 153 2288 
57 4 0 1 82 84 85 86 87 88 90 91 92 94 96 98 99 101 102 103 104 105 107 108 109 111 112 113 114 116 118 119 122 123 124 125 126 127 128 130 132 133 134 135 136 137 138 139 141 142 143 144 145 146 147 149 182 459 
54 5 1 82 84 85 86 87 88 90 91 92 94 96 98 99 101 102 103 104 105 107 108 109 111 112 113 114 116 118 119 120 123 124 126 127 128 130 132 134 135 136 138 139 140 141 142 143 144 145 146 147 149 182 459 
56 6 0 67 82 85 86 87 88 90 91 92 93 94 96 98 99 101 102 103 104 106 107 108 109 110 111 112 113 114 115 116 120 122 124 125 126 128 130 132 133 134 135 136 137 138 139 141 142 143 144 145 146 147 149 182 459 
57 7 3 81 82 83 85 86 87 88 91 92 93 94 96 98 99 101 102 103 104 105 107 108 109 110 111 112 113 114 116 118 119 122 123 124 125 126 127 128 130 132 133 134 135 136 138 139 140 141 142 143 144 145 146 147 149 173 
58 8 0 9 82 84 85 86 87 88 91 92 93 94 96 98 99 101 102 103 104 105 107 108 109 110 111 112 113 114 116 118 119 122 123 124 125 126 127 128 130 132 133 134 135 136 137 138 139 141 142 143 144 145 146 147 149 182 459 
54 9 67 83 85 86 87 88 91 92 93 94 96 98 99 101 102 103 104 105 107 108 109 110 111 112 114 115 117 116 120 122 124 125 126 128 130 132 133 134 135 136 137 138 139 141 142 143 144 145 146 147 149 182 459 
56 10 0 3 81 82 83 85 86 87 88 91 92 93 94 96 98 99 101 102 103 104 105 107 108 109 110 111 112 114 115 116 118 120 123 124 125 126 128 130 131 133 134 135 136 138 139 140 141 142 143 144 145 147 149 153 2288 
56 11 15 81 82 84 85 86 87 88 90 91 92 94 96 98 99 101 102 103 105 106 107 108 109 110 111 112 113 114 115 116 120 122 124 125 126 128 130 132 133 134 135 136 137 138 139 141 142 143 144 145 146 147 149 182 459 
55 12 1 82 84 85 87 88 90 91 92 95 94 96 98 99 101 103 104 105 106 107 108 109 110 111 112 113 114 115 118 120 123 124 125 126 128 130 131 133 134 135 136 138 139 140 141 142 143 144 146 147 149 151 153 173 
56 13 0 1 82 83 85 86 87 88 91 92 93 94 96 98 99 101 102 103 104 105 107 108 109 110 111 112 114 115 116 118 120 123 124 125 126 127 128 130 132 134 135 136 138 139 140 141 142 143 144 145 146 147 149 182 459 
54 14 0 67 82 85 86 87 88 90 91 92 93 94 96 98 99 101 102 103 104 106 107 108 109 110 111 112 113 114 115 116 120 122 124 125 126 128 130 131 133 134 135 136 138 139 140 141 143 144 145 147 149 153 2209 
52 15 9 82 85 86 87 88 90 91 92 94 96 98 99 101 102 103 104 106 107 108 109 110 111 112 113 114 115 116 120 122 124 125 126 128 130 131 133 134 135 136 138 139 140 141 143 144 145 147 149 153 2209 
56 16 1 82 83 85 86 87 88 91 92 93 94 96 98 99 101 102 103 104 105 107 108 109 110 111 112 113 114 116 118 119 122 123 124 125 126 127 128 130 132 133 134 135 136 138 139 140 141 142 143 144 145 146 147 149 173 
54 17 0 67 82 85 86 87 88 90 91 92 94 96 98 99 101 102 103 104 106 107 108 109 110 111 112 113 114 115 116 120 122 124 125 126 128 130 131 133 134 135 136 138 139 140 141 143 144 145 146 147 149 182 459 
55 18 0 1 82 84 85 86 87 88 90 91 92 94 96 98 99 101 102 103 104 106 107 108 109 110 111 112 113 114 115 116 120 122 124 125 126 128 130 131 133 134 135 136 138 139 140 141 143 144 145 146 147 149 182 459 
54 19 1 82 83 85 86 87 88 91 92 93 94 96 98 99 101 102 103 104 105 107 108 109 110 111 112 114 115 116 118 120 123 124 125 126 128 130 131 133 134 135 136 138 139 140 141 142 143 144 145 147 149 153 2288 
54 20 1 82 84 85 86 87 88 91 92 93 94 96 98 99 101 102 103 104 105 107 108 109 110 111 112 113 114 116 118 119 120 123 124 126 127 128 130 132 134 135 136 137 138 141 142 143 144 145 146 147 149 153 173 
56 21 0 3 81 82 83 85 86 87 88 91 92 93 94 96 98 99 101 102 103 104 105 107 108 109 110 111 112 114 115 116 118 120 123 124 125 126 128 130 131 133 134 135 136 138 139 140 141 142 143 144 145 147 149 153 2288 
55 22 0 2 81 83 85 86 87 88 91 92 93 94 96 98 99 101 102 103 104 105 107 108 109 111 112 113 114 115 118 120 123 124 125 126 128 130 131 133 134 135 136 138 139 140 141 142 143 144 146 147 149 151 153 173 
55 23 0 67 82 85 86 87 88 90 91 92 94 96 98 99 101 102 103 105 106 107 108 109 110 111 112 113 114 115 116 120 122 124 125 126 128 130 132 133 134 135 136 137 138 139 141 142 143 144 145 146 147 149 182 459 
55 24 1 81 82 83 85 87 88 90 91 92 94 96 98 99 101 102 103 104 106 107 108 109 110 111 112 113 114 115 116 120 122 124 125 126 128 130 132 133 134 135 136 137 138 139 141 142 143 144 145 146 147 149 182 459 
54 25 0 1 82 84 85 86 87 88 90 91 92 94 96 98 99 101 102 103 104 105 107 108 109 111 112 113 114 116 118 119 120 123 124 126 127 128 130 132 134 135 136 138 139 140 141 142 143 144 145 146 147 149 173 
58 26 0 1 82 83 85 86 87 88 91 92 93 94 96 98 99 101 102 103 104 105 107 108 109 110 111 112 113 114 116 118 119 122 123 124 125 126 127 128 130 132 133 134 135 136 137 138 139 141 142 143 144 145 148 147 150 151 603 
55 27 1 82 84 85 86 87 88 90 91 92 94 96 98 99 101 102 103 105 106 107 108 109 110 111 112 113 114 115 116 120 122 124 125 126 128 130 132 133 134 135 136 137 138 139 141 142 143 144 145 146 147 149 182 459 
55 28 0 1 82 84 85 86 87 88 90 91 92 94 96 98 99 101 102 103 104 105 107 108 109 111 112 113 114 116 118 119 120 123 124 126 127 128 130 132 134 135 136 138 139 140 141 142 143 144 145 146 147 149 182 459 
55 29 1 82 84 85 86 87 88 91 92 93 94 96 98 99 101 102 103 104 105 107 108 109 110 111 112 114 115 116 118 120 123 124 125 126 127 128 130 132 134 135 136 138 139 140 141 142 143 144 145 146 147 149 182 459 
58 30 9 81 82 84 85 86 87 88 91 92 93 94 96 98 99 101 102 103 104 105 107 108 109 110 111 112 113 114 116 118 119 122 123 124 125 126 127 128 130 132 133 134 135 136 137 138 139 141 142 143 144 145 146 147 149 182 459 
55 31 3 82 83 85 86 87 88 91 92 93 94 96 98 99 101 102 103 104 105 107 108 109 110 111 112 114 115 116 118 120 123 124 125 126 128 130 131 133 134 135 136 138 139 140 141 142 143 144 146 147 149 151 153 173 
54 32 0 67 82 85 86 87 88 90 91 92 94 96 98 99 101 102 103 104 106 107 108 109 110 111 112 113 114 115 116 120 122 124 125 126 128 130 131 133 134 135 136 138 139 140 141 143 144 145 146 147 149 182 459 
55 33 0 3 81 82 83 85 86 87 88 91 92 93 94 96 98 99 101 102 103 104 105 107 108 109 111 112 113 114 115 119 120 122 123 124 126 127 128 130 132 134 135 136 138 139 140 141 142 143 144 145 146 147 149 173 
56 34 0 67 82 85 86 87 88 90 91 92 94 96 98 99 101 102 103 104 106 107 108 109 110 111 112 113 114 115 116 120 122 124 125 126 128 130 132 133 134 135 136 137 138 139 140 142 143 144 145 146 147 149 153 214 1084 
56 35 1 81 82 84 85 86 87 88 90 91 92 94 96 98 99 101 102 103 105 106 107 108 109 110 111 112 113 114 115 116 120 122 124 125 126 128 131 132 133 134 135 136 137 138 139 140 141 143 144 146 147 149 151 153 173 
56 36 0 3 81 82 83 85 86 87 88 91 92 93 94 96 98 99 101 102 103 104 105 107 108 109 110 111 112 114 115 116 118 120 123 124 125 126 128 130 131 133 134 135 136 138 139 140 141 142 143 144 145 147 149 153 2288 
55 37 3 81 82 83 85 86 87 88 91 92 93 94 96 98 99 101 102 103 104 105 107 108 109 111 112 113 114 115 118 120 123 124 125 126 128 130 131 133 134 135 136 138 139 140 141 142 143 144 146 147 149 151 153 173 
55 38 0 3 67 83 85 86 87 88 91 92 93 94 96 98 99 101 102 103 104 105 107 108 109 110 111 112 113 114 116 118 119 120 123 124 126 127 128 130 132 134 135 136 138 139 140 141 142 143 144 145 146 147 149 173 
57 39 0 1 82 83 85 86 87 88 91 92 93 94 96 98 99 101 102 103 104 105 107 108 109 110 111 112 113 114 116 118 119 122 123 124 125 126 127 128 130 132 133 134 135 136 137 138 139 141 142 143 144 145 147 149 153 2288 
58 40 0 9 82 84 85 86 87 88 91 92 93 94 96 98 99 101 102 103 104 105 107 108 109 110 111 112 113 114 116 118 119 122 123 124 125 126 127 128 130 132 133 134 135 136 137 138 139 141 142 143 144 146 147 149 151 153 173 
53 41 9 82 85 86 87 88 90 91 92 94 96 98 99 101 102 103 104 105 107 108 109 111 112 113 114 115 118 120 123 124 125 126 128 130 131 133 134 135 136 138 139 140 141 142 143 144 146 147 149 151 153 173 
55 42 0 67 82 84 85 87 89 88 91 92 93 94 96 98 99 101 102 103 104 105 107 108 109 110 111 112 114 115 116 118 120 123 124 125 126 128 130 131 133 134 135 136 138 139 140 141 142 143 144 145 147 149 153 2288 
58 43 0 9 82 84 85 86 87 88 91 92 93 94 96 98 99 101 102 103 104 105 107 108 109 110 111 112 113 114 116 118 119 122 123 124 125 126 127 129 128 130 132 134 135 136 138 139 140 141 142 143 144 145 146 147 149 182 459 
54 44 1 82 84 85 86 87 88 91 92 93 94 96 98 99 101 102 103 104 105 107 108 109 110 111 112 113 114 116 118 119 120 123 124 126 127 128 130 132 134 135 136 138 139 140 141 142 143 144 145 146 147 149 173 
57 45 0 2 82 84 85 86 87 88 91 92 93 94 96 98 99 101 102 103 104 105 107 108 109 110 111 112 113 114 116 118 119 122 123 124 125 126 127 128 130 132 133 134 135 136 137 138 139 141 143 144 145 146 147 149 153 2288 
56 46 0 67 82 84 85 86 87 88 91 92 93 94 96 98 99 101 102 103 104 105 107 108 109 110 111 112 114 115 116 118 120 123 124 125 126 128 130 131 133 134 135 136 138 139 140 141 142 143 144 145 146 147 149 182 459 
55 47 1 82 84 85 86 87 88 90 91 92 94 96 98 99 101 102 103 104 106 107 108 109 110 111 112 113 114 115 116 120 122 124 125 126 128 130 132 133 134 135 136 137 138 139 141 142 143 144 145 146 147 149 182 459 
58 48 0 9 82 84 85 86 87 88 91 92 93 94 96 98 99 101 102 103 104 105 107 108 109 110 111 112 113 114 116 118 119 122 123 124 125 126 127 128 130 132 133 134 135 136 137 138 139 141 142 143 144 146 147 149 151 153 173 
56 49 0 9 82 84 85 86 87 88 91 92 93 94 96 98 99 101 102 103 104 105 107 108 109 110 111 112 114 115 116 118 120 123 124 125 126 127 128 130 132 134 135 136 138 139 140 141 142 143 144 145 146 147 149 182 459 
58 50 0 9 82 84 85 86 87 88 91 92 93 94 96 98 99 101 102 103 104 105 107 108 109 110 111 112 113 114 116 118 119 122 123 124 125 126 127 128 130 132 133 134 135 136 137 138 139 141 142 143 144 145 146 147 149 182 459 
57 51 0 67 82 84 85 86 87 88 91 92 93 94 96 98 99 101 102 103 104 105 107 108 109 110 111 112 113 114 116 118 119 122 123 124 125 126 127 128 130 132 133 134 135 136 138 139 140 141 142 143 144 145 146 147 149 173 
56 52 0 67 82 84 85 86 87 88 91 92 93 94 96 98 99 101 102 103 104 105 107 108 109 110 111 112 114 115 116 118 120 123 124 125 126 127 129 128 130 132 134 135 136 138 139 140 141 143 144 145 146 147 149 182 459 
54 53 1 82 84 85 86 87 88 90 91 92 94 96 98 99 101 102 103 105 106 107 108 109 110 111 112 113 114 115 116 120 122 124 125 126 128 130 132 133 134 135 136 137 138 139 141 143 144 145 146 147 149 153 214 
54 54 0 67 82 85 86 87 88 90 91 92 94 96 98 99 101 102 103 104 105 107 108 109 111 112 113 114 115 118 120 123 124 125 126 128 130 131 133 134 135 136 138 139 140 141 143 145 146 147 149 151 153 173 333 
52 55 9 82 85 86 87 88 90 91 92 94 96 98 99 101 102 103 104 105 107 108 109 111 112 113 114 116 118 119 120 123 124 126 127 128 130 132 134 135 136 138 139 140 141 142 143 144 145 146 147 149 173 
57 56 0 1 82 83 85 86 87 88 91 92 93 94 96 98 99 101 102 103 104 105 107 108 109 110 111 112 113 114 116 118 119 122 123 124 125 126 127 128 130 132 133 134 135 136 137 138 139 141 143 144 145 146 147 150 151 603 
54 57 0 1 82 84 85 86 87 88 90 91 92 94 96 98 99 101 102 103 104 105 107 108 109 111 112 113 114 116 118 119 120 123 124 126 127 128 130 132 134 135 136 138 139 140 141 142 143 144 145 146 147 149 173 
56 58 0 3 81 82 83 85 86 87 88 91 92 93 94 96 98 99 101 102 103 104 105 107 108 109 111 112 113 114 115 118 120 123 124 125 126 128 130 131 133 134 135 136 138 139 140 141 142 143 144 146 147 149 151 153 173 
55 59 0 67 82 84 85 86 87 88 91 92 93 94 96 98 99 101 102 103 104 105 107 108 109 110 111 112 114 115 116 118 120 123 124 125 126 128 130 131 133 134 136 137 138 139 140 141 142 143 144 145 146 147 149 173 
54 60 1 82 83 85 87 88 90 91 92 94 96 98 99 101 102 103 104 106 107 108 109 110 111 112 113 114 115 116 120 122 124 125 126 128 130 132 133 134 135 136 137 138 139 141 142 143 144 145 146 147 149 182 459 
56 61 3 81 82 84 85 86 87 88 90 91 92 94 96 98 99 101 102 103 104 106 107 108 109 110 111 112 113 114 115 116 120 122 124 125 126 128 130 132 133 134 135 136 137 138 139 141 142 143 144 145 146 147 149 182 459 
55 62 1 82 84 85 86 87 88 90 91 93 94 96 98 99 101 102 103 105 106 107 108 109 110 111 112 113 114 115 116 120 123 124 125 126 127 128 130 132 134 135 136 137 138 139 141 142 143 144 146 147 149 151 153 173 
53 63 3 82 84 85 86 87 88 90 91 92 94 96 98 99 101 102 103 104 105 107 108 109 111 112 113 114 115 118 120 123 124 125 126 128 130 131 133 134 135 136 138 139 140 141 143 144 145 146 147 149 182 459 
58 64 3 81 82 84 85 86 87 88 90 91 92 94 97 96 99 100 101 102 103 104 105 106 107 108 109 110 111 112 113 114 115 116 120 123 124 125 126 128 130 131 133 134 135 136 138 139 140 141 142 143 144 145 146 147 149 182 459 
58 65 9 82 84 85 86 87 88 91 92 93 94 96 98 99 101 102 103 104 105 107 108 109 110 111 112 113 114 116 118 119 122 123 124 125 126 127 128 130 132 133 134 135 136 137 138 139 141 142 143 145 146 147 149 151 153 173 2745 
54 66 0 1 82 84 85 86 87 88 90 91 92 94 96 98 99 101 102 103 104 105 107 108 109 111 112 113 114 116 118 119 120 123 124 126 127 128 130 132 134 135 136 138 139 140 141 142 143 144 145 146 147 149 173 
53 67 78 84 85 87 88 90 91 92 94 96 98 99 101 102 103 104 106 107 108 109 110 111 112 113 114 115 116 120 122 124 125 126 128 130 132 133 134 135 136 137 138 139 141 142 143 144 145 146 147 149 182 459 
56 68 0 3 81 82 83 85 86 87 88 91 92 93 94 96 98 99 101 102 103 104 105 107 108 109 110 111 112 114 115 117 116 120 123 124 125 126 127 128 130 132 134 135 136 137 138 140 141 143 144 146 147 149 153 173 2745 
54 69 0 67 82 85 86 87 88 90 91 92 94 96 98 99 101 102 103 104 105 107 108 109 111 112 113 114 116 118 119 120 123 124 126 128 130 131 132 134 135 136 138 139 140 141 142 143 144 146 147 149 151 153 173 
54 70 1 82 83 85 86 87 88 91 92 93 94 96 98 99 101 102 103 104 105 107 108 109 110 111 112 114 115 116 118 120 123 124 125 126 127 128 130 132 134 136 137 138 139 140 141 142 143 144 145 146 147 149 173 
54 71 0 1 82 84 85 86 87 88 90 91 92 94 96 98 99 101 102 103 104 105 107 108 109 111 112 113 114 116 118 119 120 123 124 126 127 128 130 132 134 135 136 138 139 140 141 142 143 144 145 146 147 149 173 
55 72 0 1 82 83 85 86 87 88 91 92 93 94 96 98 99 101 102 103 104 105 107 108 109 111 112 113 114 115 119 120 122 123 124 126 127 128 130 132 134 135 136 137 138 139 141 142 143 144 146 147 149 151 153 173 
54 73 2 82 85 86 87 88 90 91 92 95 96 98 99 100 101 102 103 104 105 106 107 108 109 110 111 112 113 114 115 118 120 123 124 125 126 128 130 131 133 134 135 136 138 139 140 141 143 144 145 146 147 149 173 
58 74 0 9 82 84 85 86 87 88 91 92 93 94 96 98 99 101 102 103 104 105 107 108 109 110 111 112 113 114 116 118 119 122 123 124 125 126 127 128 130 132 133 134 135 136 137 138 139 141 142 143 144 146 147 149 151 153 173 
55 75 1 82 83 85 86 87 88 91 92 93 94 96 98 99 101 102 103 104 105 107 108 109 110 111 112 113 114 116 118 119 120 123 124 126 127 128 130 132 134 135 136 138 139 140 141 142 143 144 145 146 147 149 182 459 
56 76 1 82 84 85 86 87 88 90 91 92 94 96 98 99 101 103 104 105 106 107 108 109 110 111 112 113 114 115 118 120 123 124 125 126 128 130 131 133 134 135 136 138 139 140 141 142 143 145 146 147 149 151 153 173 2745 
54 77 0 67 82 85 86 87 88 90 91 92 94 96 98 99 101 102 103 104 105 107 108 109 111 113 114 115 116 120 122 124 125 126 128 130 131 133 134 135 136 138 139 140 141 142 143 145 146 147 149 151 153 173 2745 
54 78 81 82 83 85 87 88 90 91 92 94 96 98 99 101 102 103 104 106 107 108 109 110 111 112 113 114 115 116 120 122 124 125 126 128 130 132 133 134 135 136 137 138 139 141 142 143 144 145 146 147 149 182 459 
53 79 1 82 84 85 86 87 88 90 91 92 94 96 98 99 101 102 103 104 105 107 108 109 111 112 113 114 116 118 119 120 123 124 126 127 128 130 132 134 135 136 138 139 140 141 142 143 144 145 146 147 149 173 
54 80 0 1 83 84 85 86 87 88 90 91 92 94 96 98 99 101 102 103 104 105 107 108 109 111 112 113 114 115 118 121 120 124 125 126 128 130 131 133 134 136 137 138 139 140 141 142 143 144 145 146 147 149 173 
