4 0 20 142 2318 
6 1 0 59 20 142 2554 
6 2 0 136 142 3458 8942 
4 3 0 142 4393 
2 4 6 
5 5 0 144 142 2554 
3 6 142 4803 
4 7 0 170 224 
3 8 0 1038 
4 9 0 20 4277 
4 10 0 181 2090 
5 11 0 224 2090 2210 
3 12 0 142 
4 13 0 2625 2862 
5 14 0 20 142 8648 
5 15 0 231 20 626 
3 16 0 142 
3 17 0 247 
3 18 6 4795 
5 19 0 263 144 2090 
3 20 142 8684 
4 21 0 295 142 
5 22 0 321 181 2322 
6 23 0 325 20 142 8942 
5 24 0 327 142 2318 
4 25 0 343 181 
6 26 0 391 20 142 3458 
4 27 0 392 142 
5 28 0 398 900 8499 
5 29 0 406 20 142 
4 30 0 410 2252 
4 31 0 20 4277 
5 32 0 418 142 2554 
4 33 0 421 142 
5 34 0 424 20 626 
7 35 0 430 20 142 3458 8942 
5 36 0 431 142 4393 
5 37 0 432 142 2554 
5 38 4 20 144 2090 
5 39 0 438 142 4803 
4 40 0 443 142 
6 41 0 451 20 142 8648 
6 42 0 452 20 142 3458 
3 43 0 455 
5 44 0 465 224 2090 
6 45 0 472 20 142 8684 
5 46 0 479 20 142 
6 47 0 480 20 142 8942 
5 49 0 488 142 2318 
4 50 0 495 1680 
5 51 0 504 142 3458 
5 52 0 522 142 2554 
6 53 0 526 20 142 3458 
6 54 0 532 142 3458 8942 
4 55 0 535 142 
4 56 0 20 4277 
4 57 0 548 181 
4 58 0 142 3458 
4 59 20 181 2090 
5 60 0 556 224 2252 
4 61 0 557 142 
5 62 0 562 20 181 
5 63 0 566 142 2554 
6 64 0 571 144 2090 2521 
6 65 0 573 20 142 4393 
5 66 0 579 142 4803 
6 67 0 587 20 144 2090 
5 68 0 590 142 8648 
5 69 0 603 142 8684 
3 70 0 1038 
5 71 0 611 20 144 
4 72 0 616 224 
5 73 0 20 142 2554 
4 74 0 623 181 
4 75 0 626 2659 
5 76 0 630 142 8942 
6 77 0 632 20 142 2318 
6 78 0 635 20 142 2554 
6 79 0 638 142 3458 8942 
5 80 0 644 142 4393 
5 81 0 653 142 4803 
3 82 6 9005 
7 83 0 662 20 181 2252 4841 
5 84 0 664 224 2252 
5 85 0 667 142 8648 
3 86 0 1038 
5 87 0 669 142 8684 
4 88 0 685 2185 
1 89 
4 90 0 690 2038 
4 91 0 702 224 
4 92 0 706 2554 
4 93 0 707 2650 
4 94 0 710 557 
4 95 0 722 4277 
6 96 0 729 20 142 8942 
5 97 0 731 142 2318 
5 98 0 737 142 3458 
5 99 0 746 142 2554 
4 100 0 747 181 
6 101 0 748 142 3458 8942 
5 102 0 749 142 3458 
4 103 0 750 1038 
6 104 0 757 20 142 4393 
4 105 0 758 181 
5 106 0 759 144 224 
4 107 0 20 626 
3 108 0 20 
4 109 0 762 181 
4 110 0 763 181 
5 111 0 764 2038 2363 
5 112 0 770 181 3517 
5 113 0 784 142 3458 
5 114 0 790 142 3458 
5 115 0 792 142 3458 
4 116 0 794 142 
5 117 0 795 181 2252 
6 118 0 797 20 142 3458 
4 119 0 805 2090 
5 120 0 811 142 4803 
4 121 0 818 181 
5 122 0 828 142 8648 
5 123 0 831 2038 2363 
4 124 0 836 3931 
6 125 0 840 20 142 8684 
5 126 0 845 20 626 
4 127 0 859 142 
5 128 0 868 142 8942 
4 129 0 869 2090 
4 130 0 888 1134 
4 131 0 20 2659 
5 132 0 899 142 2318 
4 133 0 900 626 
6 134 0 901 20 142 3458 
5 135 0 906 142 2554 
3 136 181 3517 
6 137 0 910 20 142 2554 
4 138 0 913 181 
6 139 0 914 142 3458 8942 
5 140 0 925 142 4393 
4 141 0 926 2625 
2 142 4803 
5 143 0 936 142 8648 
4 144 224 2090 2521 
3 145 0 939 
4 146 0 948 1680 
6 147 0 953 20 142 8684 
4 148 0 20 2659 
6 149 0 954 20 142 8942 
5 150 0 955 20 626 
6 151 0 966 20 142 2554 
5 152 0 971 142 2318 
4 153 0 973 181 
4 154 0 976 3931 
5 155 0 980 142 2554 
6 156 0 994 142 3458 8942 
4 157 0 998 2318 
5 158 0 1001 142 3458 
5 159 0 1003 2090 2521 
4 160 0 1006 626 
5 161 0 1019 142 4393 
4 162 0 1020 626 
5 163 0 1035 181 3517 
4 164 0 1038 2090 
5 165 0 1043 142 4803 
5 166 0 1052 142 3458 
5 167 0 1055 224 2090 
5 168 0 1056 142 2554 
4 169 0 1060 8942 
4 170 20 142 8648 
5 171 0 1064 1038 2307 
5 172 0 1076 142 8684 
4 173 0 1080 1150 
4 174 0 142 3458 
6 175 0 1082 20 410 2322 
5 176 0 20 142 8942 
5 177 0 1083 142 2318 
5 178 0 1084 142 2554 
5 179 0 1086 142 3458 
1 180 
3 181 2252 4841 
4 182 0 1087 2130 
4 183 0 1088 181 
6 184 0 1089 20 142 8942 
4 185 0 1091 557 
5 186 0 1093 181 3517 
6 187 0 1095 142 3458 8942 
3 188 0 1038 
3 189 0 1107 
5 190 0 1115 181 3517 
5 191 0 1120 142 3458 
5 192 0 1128 142 3458 
7 193 2 3 4 59 20 224 
4 194 0 1134 2318 
6 195 0 1136 20 142 4393 
5 196 0 1137 142 4803 
5 197 0 20 142 3458 
5 198 0 1139 224 2252 
6 199 0 1147 20 142 3458 
5 200 0 1149 181 3517 
4 201 0 1150 2210 
5 202 0 1153 142 8648 
5 204 0 1156 142 3458 
6 205 0 1157 20 142 8684 
6 206 0 1158 20 142 8942 
5 207 0 1164 20 2659 
4 208 0 1173 443 
6 209 0 1174 20 142 2318 
4 210 0 1185 626 
4 211 0 1191 181 
7 212 0 1195 20 431 142 3458 
5 213 0 1202 142 2554 
5 214 0 1204 142 2554 
6 215 0 1207 142 3458 8942 
6 216 0 1210 20 142 4393 
3 217 0 1212 
1 218 
4 219 0 1225 1134 
6 220 0 1226 136 142 2554 
4 221 0 20 142 
5 222 0 1230 142 3458 
4 223 0 1242 142 
2 224 2130 
5 225 0 1244 20 142 
5 226 0 1247 142 4803 
4 227 0 1249 142 
6 228 0 1254 20 142 8648 
4 229 0 20 142 
6 230 0 1258 20 144 9931 
3 231 142 8684 
5 232 0 1261 142 8942 
6 233 0 1277 20 142 2318 
3 234 0 1038 
5 235 0 1285 181 3517 
6 236 0 1288 20 144 2130 
5 237 0 1293 181 3517 
3 238 0 1300 
4 239 0 1301 181 
1 240 
4 241 0 1304 2252 
5 242 0 1306 142 2554 
5 243 0 1327 557 2090 
6 244 0 1336 142 3458 8942 
4 245 0 1343 626 
5 246 0 1350 224 2252 
1 247 
4 248 0 1356 1691 
5 249 0 1359 224 2090 
5 250 0 1360 224 2090 
3 251 0 1038 
6 252 0 1366 20 443 142 
4 253 0 1374 4399 
4 254 0 1375 1134 
5 255 0 1377 142 3458 
4 256 0 1378 2090 
4 257 0 1385 3517 
4 258 0 20 626 
4 259 0 20 626 
6 260 0 1403 20 142 2554 
6 261 0 1404 20 142 4393 
4 262 0 1408 142 
4 263 20 142 4803 
3 264 0 1410 
5 265 0 20 142 8648 
5 266 0 1425 20 455 
3 267 0 1426 
5 268 0 1437 142 8684 
3 269 0 1439 
4 270 0 1446 2090 
6 271 0 1452 20 142 8942 
5 272 0 1454 20 626 
4 273 0 1456 2862 
4 274 0 1472 142 
6 275 0 1473 20 142 2318 
3 276 0 1478 
4 277 0 1479 431 
5 278 0 1483 20 142 
5 279 0 1495 142 2554 
5 280 0 1507 20 465 
6 281 0 1510 142 3458 8942 
6 282 0 1526 142 3458 8942 
5 283 0 1540 142 4393 
3 284 0 1542 
6 285 0 1547 20 142 4803 
4 286 0 1549 181 
5 287 0 1552 142 3458 
3 288 0 1558 
4 289 0 1559 626 
4 290 0 1569 4023 
5 291 0 1570 142 3458 
4 292 0 1573 2038 
5 293 0 1574 142 8648 
4 294 0 1575 626 
4 295 20 142 3458 
5 296 0 20 142 3458 
5 297 0 1576 142 2554 
2 298 6 
6 299 0 1577 20 142 8684 
5 300 0 1599 142 3458 
3 301 0 1038 
3 302 0 1038 
5 303 0 1602 20 626 
5 304 0 1615 181 2273 
6 305 0 1619 20 142 3458 
3 306 0 1038 
4 307 0 1622 626 
5 308 0 20 181 3517 
3 309 0 1633 
4 310 0 1636 2138 
4 311 0 1642 795 
5 312 0 1643 181 2252 
4 313 0 1645 2130 
4 314 0 1646 2617 
4 315 0 1652 142 
3 316 0 20 
4 317 0 1038 6492 
6 318 0 1653 20 142 8942 
5 319 0 1658 20 495 
6 320 0 1662 20 410 3517 
3 321 6 4795 
5 322 0 1663 142 3458 
5 323 0 1677 142 2318 
4 324 0 1680 2659 
3 325 20 247 
3 326 0 1682 
2 327 6 
4 328 0 1691 3664 
3 329 6 4374 
4 330 0 1694 2055 
4 331 0 1701 224 
5 332 0 1704 142 2554 
5 333 0 1708 142 3458 
3 334 0 1713 
6 335 0 1718 20 504 142 
5 336 0 1722 557 2090 
7 337 0 1726 20 142 3458 8942 
5 338 0 1730 142 4393 
4 339 0 1731 181 
4 340 0 1732 1038 
4 341 0 20 626 
5 342 0 1740 20 626 
3 343 142 3458 
5 344 0 1744 142 4803 
5 345 0 1758 142 8648 
5 346 0 1788 224 2090 
6 347 0 1801 20 557 2090 
4 348 0 1805 142 
4 349 0 20 939 
3 350 0 1808 
5 351 0 1809 142 8684 
5 352 0 1813 142 3458 
6 353 0 1822 20 603 2307 
4 354 0 1823 939 
4 355 0 1825 224 
6 356 0 1829 20 142 8942 
4 357 0 1837 1006 
6 358 0 1848 20 181 2322 
6 359 0 1851 20 616 4841 
4 360 0 2625 2862 
5 361 0 1858 224 2090 
5 362 0 1865 142 3458 
5 363 0 1868 181 3517 
3 364 0 1878 
6 365 0 1881 20 142 2554 
4 366 0 1887 1038 
6 367 0 1892 20 623 2090 
6 368 0 1898 20 142 3458 
4 369 0 1905 2090 
4 370 0 1923 2307 
4 371 0 20 626 
4 372 0 1929 9931 
4 373 0 1931 1134 
3 374 0 1935 
4 375 0 1938 224 
4 376 0 1939 2038 
3 377 0 1948 
5 378 0 1950 142 2318 
6 379 0 1951 20 142 2554 
6 380 0 1952 142 3458 8942 
6 381 0 1958 20 142 4393 
5 382 0 1961 142 3458 
3 383 0 20 
4 384 0 1962 142 
6 385 0 1966 224 2252 4841 
5 386 0 1972 142 4803 
5 387 0 1976 181 3517 
4 388 0 1982 2170 
4 389 0 20 2659 
5 390 0 20 142 8648 
3 391 142 8684 
2 392 6 
5 393 0 1987 142 8942 
4 394 0 2002 747 
5 395 0 2010 142 2318 
5 396 0 2019 142 2554 
4 397 0 2029 224 
2 398 6 
7 399 3 0 2030 20 181 3517 
4 400 0 2032 2038 
3 401 0 2307 
