7 0 1 6 12 24 63 4329 
8 1 7 6 20 12 47 63 4329 
6 2 0 6 24 75 592 
10 3 0 7 10 6 31 12 24 85 3143 
9 4 0 8 6 41 24 98 63 4329 
12 5 0 9 1 8 7 11 6 44 12 63 4329 
6 6 47 24 119 63 4329 
7 7 12 65 24 120 63 4329 
5 8 10 12 75 647 
4 9 6 63 4329 
5 10 18 12 85 3227 
7 11 10 20 24 124 63 4329 
4 12 98 85 3227 
7 13 0 10 24 126 63 4329 
10 14 1 10 25 12 103 24 145 63 4329 
8 15 0 11 12 119 75 1627 2107 
7 16 0 12 120 75 1766 2107 
7 17 6 65 24 202 63 4329 
4 18 6 75 2107 
7 19 6 77 12 124 85 4087 
6 20 31 24 212 63 4329 
9 21 1 11 18 12 126 75 2504 2107 
7 22 1 12 127 24 63 4329 
9 23 0 14 6 79 12 145 63 4329 
4 24 224 63 4329 
6 25 12 166 24 63 4329 
11 26 0 17 7 18 20 41 47 24 63 4329 
7 27 0 18 24 233 63 4329 
4 28 6 85 6148 
6 29 6 98 419 1199 2107 
7 30 1 17 6 103 63 4329 
6 31 47 24 265 63 4329 
9 32 1 18 25 12 172 24 63 4329 
8 33 0 19 7 20 47 63 4329 
5 34 0 20 63 4329 
9 35 0 21 6 105 12 202 85 3143 
8 36 1 19 8 6 119 85 8194 
5 37 12 212 75 2507 
7 38 1 20 65 47 63 4329 
6 39 1 24 277 63 4329 
7 40 0 22 6 120 85 9604 
3 41 63 4329 
6 42 0 24 282 63 4329 
7 43 0 1 25 20 75 3116 
4 44 20 85 9895 
7 45 0 25 24 283 63 4329 
7 46 6 121 12 224 75 4131 
3 47 75 4275 
8 48 1 28 7 24 340 63 4329 
7 49 0 28 10 31 63 4329 
5 50 6 124 233 519 
9 51 1 29 10 37 20 98 470 3227 
8 52 1 31 65 24 341 63 4329 
9 53 0 29 11 20 103 75 5885 2107 
7 54 1 37 24 362 63 4329 
7 55 1 41 65 24 63 4329 
7 56 1 44 24 368 63 4329 
8 57 1 46 7 25 31 75 6422 
5 58 1 47 85 3143 
7 59 1 50 10 41 75 6491 
7 60 0 30 6 126 85 3227 
5 61 0 31 85 4087 
9 62 0 32 6 127 24 371 63 4329 
2 63 4329 
6 64 1 6 145 75 7264 
3 65 63 4329 
4 66 1 63 4329 
5 67 1 65 75 7414 
7 68 0 36 6 166 63 4329 
6 69 0 37 31 98 519 
8 70 1 72 6 172 24 411 63 
4 71 1 75 7527 
6 72 7 29 12 233 85 
10 73 0 38 6 181 12 240 24 63 4329 
8 74 1 77 20 12 24 419 63 
2 75 7641 
9 76 1 79 20 12 24 447 63 4329 
5 77 24 451 63 4329 
10 78 0 39 6 192 12 24 470 63 4329 
5 79 24 496 63 4329 
4 80 1 85 6148 
5 81 0 41 85 8194 
7 82 0 44 31 103 85 9604 
8 83 1 88 12 265 75 8618 2107 
10 84 1 97 6 196 12 277 75 8696 7264 
2 85 9895 
5 86 1 98 582 3227 
9 87 1 100 6 197 12 282 75 9154 
5 88 20 119 98 592 
8 89 0 46 10 44 41 98 647 
6 90 0 47 98 722 2436 
7 91 0 48 6 202 233 63 
7 92 1 103 98 960 1199 2107 
9 93 0 50 11 6 205 47 63 4329 
7 94 0 51 6 212 85 3143 
10 95 1 104 6 218 12 283 75 9478 2107 
8 96 1 105 20 12 287 63 4329 
7 97 7 31 119 124 411 1445 
2 98 969 
7 99 1 113 12 321 63 4329 
7 100 7 37 41 103 63 4329 
7 101 1 114 6 224 85 3227 
6 102 0 52 6 233 411 
6 103 119 126 98 973 3227 
8 104 7 6 235 12 340 63 4329 
5 105 24 503 63 4329 
9 106 1 118 6 240 24 511 63 4329 
6 107 1 119 202 411 592 
9 108 0 54 6 251 12 341 75 592 
5 109 1 120 98 1154 
8 110 1 121 20 12 362 75 647 
10 111 1 122 6 253 12 24 518 63 4329 
5 112 1 124 419 63 
7 113 20 120 119 212 98 63 
7 114 10 47 103 24 63 4329 
6 115 1 126 124 470 63 
6 116 1 127 47 63 4329 
9 117 1 129 6 262 12 368 63 4329 
4 118 10 63 4329 
4 119 224 63 4329 
3 120 124 519 
3 121 24 519 
8 122 7 41 119 233 470 2254 3227 
7 123 1 136 6 265 85 4087 
4 124 531 1199 2107 
7 125 1 137 6 277 85 6148 
4 126 202 63 4329 
3 127 63 4329 
7 128 0 55 6 282 85 8194 
5 129 10 65 85 9604 
7 130 0 56 6 283 85 9895 
8 131 1 139 6 287 75 1627 2107 
8 132 0 57 6 321 75 1766 2107 
7 133 1 142 6 340 75 2107 
6 134 0 1 145 85 3143 
7 135 1 146 6 341 85 3227 
5 136 10 75 2504 2107 
9 137 10 77 31 120 126 212 63 4329 
9 138 0 58 6 344 12 371 75 2507 
7 139 10 79 31 124 582 63 
7 140 1 148 6 362 85 4087 
8 141 1 149 12 378 24 63 4329 
4 142 10 85 6148 
7 143 1 151 6 368 75 3116 
7 144 0 59 6 371 85 8194 
4 145 98 1199 2107 
6 146 10 88 24 531 63 
4 147 0 63 4329 
8 148 7 44 47 119 265 98 63 
4 149 20 124 592 
9 150 1 154 6 378 24 537 63 4329 
4 151 10 98 1289 
8 152 0 64 6 390 24 63 4329 
9 153 1 155 6 396 24 556 63 4329 
8 154 7 47 120 202 419 1199 2107 
7 155 10 103 120 212 124 647 
6 156 0 65 98 1363 592 
10 157 1 160 6 399 12 390 24 63 4329 
6 158 0 66 6 411 85 
10 159 0 67 6 415 12 24 561 63 4329 
8 160 10 105 31 126 224 63 4329 
6 161 1 162 6 419 592 
7 162 10 113 24 578 63 4329 
9 163 0 70 6 426 12 24 582 3227 
8 164 0 71 6 427 12 24 592 
8 165 6 439 12 24 624 63 4329 
3 166 75 4131 
9 167 0 72 8 11 24 637 63 4329 
10 168 1 165 7 6 442 12 396 24 647 
5 169 1 166 85 9604 
7 170 0 74 6 447 85 9895 
4 171 0 75 4275 
5 172 47 24 63 4329 
6 173 0 1 172 63 4329 
8 174 1 176 6 448 24 63 4329 
7 175 0 76 6 451 63 4329 
6 176 7 50 12 411 419 
10 177 1 179 6 453 12 24 655 63 4329 
9 178 1 180 6 455 12 419 1199 7264 
4 179 7 63 4329 
8 180 6 464 12 447 124 63 4329 
6 181 20 12 448 63 4329 
8 182 0 77 41 120 224 98 1445 
5 183 1 181 24 694 
9 184 0 1 186 6 467 24 63 4329 
8 185 0 79 41 24 696 63 4329 
6 186 12 451 75 5885 2107 
9 187 0 80 1 192 24 697 63 4329 
6 188 0 83 6 470 592 
10 189 1 195 6 480 12 24 711 63 4329 
6 190 1 196 24 722 973 
9 191 0 84 6 485 12 467 63 4329 
6 192 31 127 24 63 4329 
6 193 1 197 12 470 694 
10 194 1 201 6 486 12 491 24 63 4329 
5 195 12 496 98 1445 
7 196 31 145 119 277 98 63 
5 197 20 126 233 519 
5 198 1 202 470 2107 
5 199 1 205 63 4329 
7 200 1 206 6 491 63 4329 
6 201 7 6 496 124 63 
2 202 519 
9 203 1 211 6 497 24 764 63 4329 
6 204 1 212 233 531 63 
3 205 75 6422 
6 206 10 119 283 63 4329 
4 207 0 85 3143 
8 208 0 86 6 501 24 63 4329 
8 209 0 1 217 6 503 75 6491 
10 210 1 218 20 127 65 24 788 63 4329 
8 211 6 509 12 497 24 63 4329 
3 212 411 592 
6 213 1 224 124 63 4329 
7 214 1 226 6 511 75 7264 
9 215 0 87 6 516 24 819 63 4329 
7 216 0 88 31 166 98 1445 
6 217 10 120 233 582 3227 
5 218 24 824 63 4329 
4 219 1 233 592 
9 220 0 92 6 517 12 501 63 4329 
7 221 0 95 6 518 75 7414 
9 222 1 235 20 12 24 825 63 4329 
7 223 1 240 47 24 63 4329 
3 224 202 63 
5 225 1 241 6 519 
5 226 6 531 470 3227 
7 227 0 96 6 537 75 7527 
9 228 1 242 6 547 12 24 836 63 
7 229 0 97 8 6 556 63 
7 230 1 244 6 561 75 7641 
9 231 1 246 6 566 12 503 85 3227 
5 232 0 98 1627 63 
2 233 647 
9 234 1 247 6 573 12 24 845 63 
4 235 24 849 63 
7 236 0 99 6 574 24 63 
8 237 1 248 6 575 24 852 63 
8 238 0 100 8 12 511 85 4087 
8 239 1 251 20 12 24 869 63 
2 240 63 
6 241 7 65 103 24 63 
7 242 10 121 31 172 24 63 
6 243 1 253 24 870 63 
5 244 7 75 8696 2107 
7 245 1 260 6 578 75 9154 
6 246 7 77 47 124 694 
7 247 6 581 12 516 24 63 
7 248 7 79 47 126 277 63 
8 249 1 262 20 12 518 85 6148 
7 250 0 1 265 124 711 3227 
4 251 24 900 63 
6 252 1 267 6 582 4087 
5 253 31 202 531 3227 
7 254 1 268 6 587 24 63 
4 255 1 6 592 
7 256 0 101 6 614 12 519 
8 257 1 269 6 616 12 531 592 
7 258 1 272 6 617 24 63 
6 259 1 277 124 722 2436 
8 260 7 6 621 12 537 85 8194 
6 261 1 279 6 624 63 
4 262 24 936 63 
6 263 1 282 98 1635 63 
5 264 1 283 98 1648 
3 265 212 63 
10 266 1 284 6 634 12 556 75 9478 2107 
5 267 10 124 819 2436 
4 268 7 85 9604 
5 269 10 126 283 63 
6 270 1 285 6 637 63 
6 271 0 103 124 900 63 
7 272 7 88 41 124 960 2107 
7 273 0 104 10 127 75 592 
5 274 1 287 85 9895 
7 275 0 105 41 126 362 63 
9 276 0 106 6 638 12 24 937 63 
3 277 233 694 
9 278 1 293 6 640 12 561 85 3143 
5 279 7 98 1651 63 
11 280 0 107 1 296 6 641 12 24 946 63 
5 281 0 109 6 647 
3 282 124 969 
4 283 124 973 3227 
5 284 10 145 124 1154 
6 285 7 103 126 411 647 
8 286 0 110 6 651 12 574 63 
4 287 98 1766 2107 
8 288 0 111 6 652 12 575 63 
7 289 0 112 6 655 75 647 
9 290 1 298 6 661 12 578 85 3227 
8 291 0 113 25 12 582 4659 7414 
8 292 1 302 6 677 24 950 63 
6 293 10 149 24 951 63 
9 294 0 114 11 6 692 12 587 63 
5 295 0 115 6 694 
6 296 10 166 119 341 63 
8 297 1 303 6 696 75 1627 2107 
7 298 10 172 65 24 953 63 
5 299 1 6 697 592 
6 300 1 307 6 711 85 
7 301 1 312 6 714 12 592 
6 302 6 717 12 617 63 
5 303 6 722 2497 3227 
10 304 0 116 6 730 12 624 75 1766 2107 
9 305 1 315 6 731 12 24 960 3227 
11 306 0 117 1 316 6 732 12 637 75 2107 
8 307 7 105 47 145 126 419 2107 
8 308 0 1 317 6 737 12 647 
10 309 0 118 11 25 41 145 202 582 4964 
5 310 1 321 85 4087 
9 311 1 324 6 749 12 24 966 63 
5 312 12 655 85 6148 
7 313 1 325 6 754 12 694 
6 314 0 119 362 98 1851 
7 315 10 181 31 205 24 63 
7 316 10 6 12 696 85 8194 
6 317 10 192 41 24 63 
8 318 1 326 6 764 75 2504 2107 
7 319 0 120 265 233 697 63 
7 320 0 121 41 166 24 63 
4 321 98 1911 592 
7 322 1 329 6 769 24 63 
5 323 1 340 85 9604 
7 324 6 787 12 697 722 3227 
7 325 7 113 31 212 419 3227 
7 326 7 114 12 711 233 63 
9 327 0 122 10 195 12 722 3143 3227 
7 328 0 123 6 788 75 2507 
6 329 7 6 796 24 969 
5 330 0 124 1177 3227 
5 331 1 341 98 2084 
9 332 1 342 6 806 12 24 973 4087 
9 333 0 125 6 809 12 764 85 9895 
8 334 1 344 20 145 212 447 63 
7 335 1 6 814 12 769 63 
6 336 0 126 447 233 63 
9 337 1 346 6 818 12 788 85 3143 
5 338 0 127 85 3227 
6 339 1 347 6 819 411 
4 340 98 2103 3143 
4 341 124 1185 6091 
7 342 7 118 12 796 24 63 
9 343 0 129 11 31 224 233 722 973 
4 344 24 977 63 
7 345 1 348 6 824 75 3116 
6 346 10 196 41 24 63 
6 347 7 6 825 75 4131 
6 348 7 119 411 1363 2107 
5 349 6 836 75 4275 
