2 299 189 
3 298 98 10 
1 297 
4 296 195 83 2 
3 295 118 51 
3 294 191 115 
1 293 
1 292 
2 291 20 
2 290 178 
1 289 
1 288 
2 287 9 
2 286 192 
4 285 172 146 135 
2 284 141 
2 283 52 
2 282 145 
4 281 147 76 55 
1 280 
1 279 
1 278 
2 277 151 
2 276 183 
3 275 212 194 
1 274 
2 273 175 
1 272 
2 271 106 
1 270 
2 269 71 
3 268 119 37 
3 267 163 84 
1 266 
1 265 
1 264 
2 263 173 
1 262 
3 261 166 155 
5 260 185 121 117 97 
4 259 187 170 94 
3 258 101 49 
1 257 
1 256 
1 255 
2 254 123 
2 253 112 
1 252 
1 251 
1 250 
3 249 193 176 
1 248 
1 247 
3 246 190 69 
5 245 160 89 70 47 
3 244 131 45 
2 243 100 
1 242 
2 241 132 
1 240 
2 239 126 
1 238 
2 237 78 
2 236 104 
2 235 46 
1 233 
3 232 158 120 
1 231 
2 230 149 
1 229 
1 228 
4 227 177 90 66 
2 226 154 
2 225 181 
4 224 157 124 30 
1 223 
3 222 140 77 
2 220 182 
1 219 
3 218 174 142 
3 217 138 17 
3 216 213 153 
1 215 
2 214 143 
1 211 
3 210 188 152 
4 209 109 93 59 
1 208 
3 207 114 67 
1 206 
2 205 1 
3 204 139 31 
2 203 186 
2 202 130 
2 201 16 
2 200 169 
2 199 12 
2 198 165 
3 197 81 43 
1 196 
