5 9999 7806 7185 6613 4013 
12 9998 9365 8765 8623 8186 7991 7509 7395 6586 5848 5111 3819 
3 9997 7526 7058 
3 9996 9575 9536 
8 9995 8867 8096 7898 7029 6104 3069 2318 
7 9994 9355 9296 7996 6869 5542 3978 
4 9993 6828 6291 4047 
7 9992 9421 9323 8974 8847 4484 2818 
6 9991 8920 8880 8500 8210 4243 
2 9990 4972 
6 9989 8949 8165 7789 5416 20 
6 9988 9317 6330 5264 3950 2606 
7 9987 9386 9108 8939 6368 4760 3484 
5 9986 7973 7424 7161 4700 
7 9985 9552 7615 7024 6242 4803 4354 
6 9984 8345 7772 6461 5652 562 
10 9983 9376 9308 8777 8455 8365 7980 7152 5661 3128 
4 9982 8924 8490 4600 
8 9981 9495 9467 7803 7184 6715 5760 4757 
6 9980 9425 9120 7533 4795 4292 
7 9979 9590 8577 8528 8222 8043 7223 
6 9978 9221 9129 7375 4473 1881 
4 9977 6955 5935 3588 
8 9976 9594 9135 9008 8581 6795 4156 142 
10 9975 9473 9448 8969 8866 8199 7824 6177 5244 2427 
3 9974 9574 9380 
5 9973 8778 8517 5274 4133 
4 9972 9492 9468 8850 
9 9971 8090 7596 7215 6701 5499 4203 3275 480 
3 9970 4319 2563 
11 9969 9091 8986 8569 8483 8169 8012 7845 7714 5361 3110 
8 9968 9379 9330 9285 8910 8070 6019 4242 
8 9967 9247 9200 8333 8061 7084 6569 5841 
7 9966 8959 6723 6390 5854 5596 4341 
4 9965 9568 8171 4488 
6 9964 9422 9063 8770 5707 1375 
5 9963 9457 9437 8947 2138 
10 9962 9470 9230 9073 9006 8877 7617 7289 6518 1374 
4 9961 8966 8870 3922 
4 9960 7568 7239 1680 
7 9959 9017 8929 7181 6148 4501 1202 
7 9958 9110 9041 8895 8279 7069 5669 
9 9957 9142 9059 8927 8752 8467 8371 7681 7441 
4 9956 8163 5599 3402 
7 9955 9307 7290 6317 5726 5175 3380 
1 9954 
8 9953 8473 8162 7625 7054 6153 5127 3954 
5 9952 9456 9097 4955 2103 
9 9951 9543 9526 9433 9387 7089 6230 4308 1244 
10 9950 9441 9413 8680 8452 7589 6585 5876 4883 3115 
10 9949 9501 8781 8723 8417 8082 7436 6045 5512 4662 
2 9948 9472 
8 9947 9553 9390 8107 7402 7057 5647 4269 
7 9946 9148 9004 6339 5435 3035 124 
5 9945 9094 8690 6096 5020 
9 9944 9557 9531 9025 7001 6295 5629 4186 2813 
5 9943 9240 9146 6170 452 
3 9942 8535 3838 
6 9941 9348 9257 8066 7881 5950 
3 9940 6675 5776 
4 9939 9243 8433 1691 
4 9938 6278 5446 3928 
6 9937 6233 5456 5065 4018 1425 
4 9936 7591 6323 4592 
4 9935 9583 9311 6152 
7 9934 9385 9310 8812 8606 5538 4023 
13 9933 9086 9064 8944 8769 8706 8491 8398 8152 7744 6690 5884 4416 
6 9932 8858 7606 7035 6354 5362 
4 9931 8541 7017 5618 
6 9930 9215 7163 6507 5454 3987 
7 9929 9095 7221 7052 5978 4951 3812 
5 9928 9469 9442 9241 6889 
1 9927 
5 9926 9560 6492 6022 5190 
1 9925 
7 9924 8811 8689 8474 8299 8001 5412 
10 9923 9505 9449 8678 8354 8139 6935 5253 4750 431 
7 9922 8295 7969 7577 6631 5333 3781 
8 9921 8124 7718 7192 5688 4531 3664 1547 
7 9920 9571 9259 6782 5266 4909 2704 
4 9919 9300 9266 8054 
4 9918 5974 5753 3237 
7 9917 9331 9196 7667 6995 5044 1740 
2 9916 2764 
2 9915 4057 
5 9914 6384 4348 3369 925 
10 9913 9562 9537 9502 8636 7427 6878 6273 5953 3569 
7 9912 9439 8265 6568 5865 4650 2625 
8 9911 9431 9132 9067 8114 7641 4178 939 
1 9910 
6 9909 7038 5855 4446 2770 1288 
7 9908 9356 8839 8558 8424 5973 4077 
6 9907 8861 7888 7496 6676 5334 
2 9906 3897 
6 9905 8714 8519 6084 5474 1120 
6 9904 8741 8507 8095 7450 6441 
9 9903 8744 8647 7476 6364 5931 4922 4129 2848 
6 9902 9218 9113 9024 6477 4554 
9 9901 9588 8853 8598 8286 7906 7044 5988 4315 
9 9900 9481 9446 7642 7083 6693 6351 5607 4157 
4 9899 9061 7519 4766 
5 9898 8380 7863 7307 6479 
12 9897 9471 8963 8859 8604 8554 8305 8195 7814 7393 5467 2210 
10 9896 9427 8041 7660 7371 6944 6419 5399 5035 1254 
7 9895 8810 8572 8048 6667 5731 4509 
6 9894 9245 8654 6210 5443 4189 
4 9893 8891 7983 7252 
5 9892 8887 8701 5682 4091 
6 9891 8404 7261 6612 5697 4192 
4 9890 9558 5555 4961 
7 9889 9491 8724 7917 7368 5459 4193 
7 9888 9597 9123 7079 6073 5046 2868 
2 9887 8217 
5 9886 9235 9014 7410 4640 
3 9885 8441 7986 
2 9884 9360 
10 9883 8908 8393 8151 7954 7002 6246 5524 4729 4041 
6 9882 9383 7391 6539 5551 2408 
4 9881 9418 7601 2878 
14 9880 9250 9185 9122 9040 8780 8234 8126 7539 7283 6637 5874 5410 3665 
4 9879 9328 9304 3286 
3 9878 6616 4095 
3 9877 9227 4324 
2 9876 7036 
5 9875 8405 8097 7460 3412 
9 9874 9561 9463 9400 9154 7951 7302 6978 5859 
5 9873 8429 7011 5825 3522 
9 9872 9518 9034 8912 8863 8734 8533 8430 5176 
7 9871 9534 9337 9261 8941 5633 3863 
9 9870 9201 8964 8525 8216 7834 7204 6453 3185 
10 9869 9554 9302 9244 9147 8156 6827 5964 5150 3631 
1 9868 
5 9867 9279 8756 8543 1336 
10 9866 9115 8871 8738 8638 8515 8363 6522 5696 4268 
5 9865 8975 8622 6191 4310 
1 9864 
3 9863 9214 6342 
6 9862 9124 8674 6271 5414 2650 
4 9861 8044 6032 868 
3 9860 4923 3971 
3 9859 9430 1898 
11 9858 9482 9420 9378 9351 9318 9170 8983 8580 7408 4996 
8 9857 8754 8589 7989 7530 6545 5269 4741 
4 9856 8825 8098 5461 
8 9855 8971 8797 7981 7822 7459 5460 3969 
6 9854 8387 8106 5939 5476 4983 
8 9853 9083 8885 8626 8396 6685 5960 4614 
7 9852 9582 8836 7968 6917 5471 626 
5 9851 9577 5937 4374 2321 
5 9850 7349 7189 5311 3698 
9 9849 9398 8712 8666 7938 7201 6445 5030 644 
11 9848 9208 9193 9080 9009 8923 7844 6358 6294 5224 587 
11 9847 9595 9579 9455 8899 8592 8267 7985 6867 5918 4691 
4 9846 9486 7676 7093 
3 9845 9556 9530 
10 9844 9438 9410 9353 9298 9222 9198 7527 5029 3218 
4 9843 9334 5390 3934 
5 9842 9493 7839 7404 3153 
6 9841 8602 8002 7705 5961 4116 
4 9840 8230 7719 7049 
8 9839 8897 7126 6533 5987 4841 4631 3107 
10 9838 9381 9269 9231 8992 8888 7426 6314 5144 2786 
4 9837 9428 9271 8556 
4 9836 9451 6349 3586 
7 9835 9163 9058 8168 7688 6289 5840 
2 9834 5404 
7 9833 9465 8311 7168 6080 5286 1662 
6 9832 9511 9494 7235 5857 4929 
3 9831 5788 4538 
6 9830 9549 9525 8648 7783 4723 
2 9829 4220 
5 9828 9204 9027 8957 2253 
2 9827 5232 
5 9826 9338 8358 8131 2117 
6 9825 9074 8980 6534 5536 2170 
1 9824 
7 9823 9419 9388 9361 9340 8185 5493 
3 9822 9392 9326 
10 9821 9233 9157 9050 8942 8594 5745 4445 1653 757 
5 9820 9585 7771 6285 4747 
11 9819 9513 9366 9293 9126 8743 8454 8255 8174 7953 7472 
3 9818 6766 5571 
6 9817 9397 9301 7733 4305 2628 
7 9816 9335 9234 9173 8907 8775 8700 
7 9815 9548 9056 8904 8704 8256 8119 
7 9814 8352 8141 7742 6731 5504 2816 
6 9813 9567 7878 6770 6016 5174 
6 9812 9462 9277 6890 6400 5842 
3 9811 6494 758 
9 9810 9372 8911 8809 8249 7151 6606 5547 3711 
12 9809 9478 9404 8755 8461 8392 8320 7696 7303 6458 5563 1107 
5 9808 8409 8206 7767 5225 
6 9807 8958 8683 7997 6911 4298 
6 9806 9565 9032 8884 5817 4931 
9 9805 9566 9453 8849 8006 7175 6500 6051 4779 
7 9804 9521 8386 8211 6388 4296 3545 
1 9803 
5 9802 9001 8898 5798 5376 
5 9801 9069 8480 3857 2909 
12 9800 9375 9333 9268 9188 9062 8919 8270 7669 6559 5293 2617 
13 9799 9593 9342 8972 8900 8570 8389 7257 6933 5894 4378 2252 1507 
10 9798 9258 8875 8607 7281 7100 5778 5068 3871 3021 
2 9797 7700 
2 9796 3386 
3 9795 9532 4124 
8 9794 8561 8215 7487 6792 5364 3886 1293 
6 9793 7604 7154 5592 5354 2185 
5 9792 7489 7105 6621 5877 
8 9791 8846 8696 8053 7623 6487 5659 4901 
3 9790 9374 4239 
5 9789 9417 8579 8319 5003 
5 9788 8943 7943 6260 2322 
7 9787 7751 6981 6079 5588 4383 2862 
6 9786 9051 8460 8226 6768 4542 
5 9785 9369 7034 6229 4649 
5 9784 9332 8818 8582 4145 
8 9783 9357 9295 9057 8223 8123 5836 3723 
3 9782 7032 6127 
4 9781 7722 7042 5586 
4 9780 9260 8331 3048 
7 9779 9343 8709 8574 8443 8218 7713 
4 9778 9358 9294 8330 
9 9777 8391 7702 7238 7008 6434 5666 4695 3514 
3 9776 5275 4197 
4 9775 7756 7146 4716 
2 9774 9287 
8 9773 8084 7976 7739 7123 6258 5485 2554 
7 9772 8423 8232 7517 6872 6212 4891 
4 9771 8166 8057 5198 
2 9770 3120 
5 9769 9555 7964 7597 6467 
8 9768 9578 8676 8488 7836 6895 5631 4040 
3 9767 9329 1038 
2 9766 4120 
4 9765 6687 4277 3745 
5 9764 6819 5273 3931 3224 
9 9763 8753 8537 8384 7752 7131 6074 4474 3480 
10 9762 9016 8685 8235 7959 7288 6524 6093 4790 3617 
4 9761 9497 9479 9359 
4 9760 8526 8120 5173 
4 9759 8364 8122 3712 
6 9758 9344 8982 7228 6300 1452 
5 9757 9540 8137 6257 4817 
5 9756 8776 8726 5944 5108 
5 9755 9029 8893 8019 1950 
6 9754 9336 7831 7315 6626 1157 
3 9753 6124 790 
8 9752 9598 9013 8251 7559 6918 6185 391 
5 9751 9496 9454 7304 6111 
7 9750 8264 8046 7833 7335 6315 5294 
5 9749 7437 6010 3780 2746 
4 9748 9107 8874 1185 
4 9747 7565 6288 4968 
6 9746 8281 7946 7358 6158 3644 
2 9745 8618 
6 9744 9539 9477 9445 8837 8377 
6 9743 9527 9512 9461 6623 5819 
9 9742 9489 8716 8349 8130 7485 6959 5977 4556 
6 9741 9391 8451 8078 6448 5883 
3 9740 6521 1972 
6 9739 9210 7624 7111 5202 638 
7 9738 9522 9048 7590 6931 5685 5078 
3 9737 9474 9377 
3 9736 5331 2208 
7 9735 9510 9203 8385 7183 6371 3440 
6 9734 9382 9352 8879 6520 955 
5 9733 9586 9541 9281 4108 
5 9732 9007 8337 5312 3456 
8 9731 9475 9458 9423 9096 8985 8718 3762 
3 9730 9131 4490 
7 9729 9414 8707 8308 6943 6365 3941 
6 9728 8805 8655 8375 5077 3589 
6 9727 9299 9197 8527 5037 3945 
5 9726 8612 6194 5714 3618 
3 9725 9105 8921 
9 9724 9403 9021 8669 8411 7828 7051 6154 2914 
1 9723 
6 9722 9253 8702 8278 6099 3858 
2 9721 6063 
11 9720 9435 9119 9005 8503 7776 7723 7524 6112 4399 1575 
5 9719 8499 8436 8113 4158 
6 9718 9206 8641 5718 4978 2188 
3 9717 6817 5370 
10 9716 9315 8946 8634 8497 8196 8083 6113 4987 1084 
7 9715 8771 8613 7348 6919 4545 3349 
5 9714 6958 5784 5280 3727 
5 9713 8732 8625 8336 8154 
6 9712 9519 8080 7310 6350 3172 
5 9711 7350 6775 5531 1958 
6 9710 9509 8552 5749 3458 2658 
7 9709 9312 9076 8717 7673 6322 4392 
7 9708 9081 8865 6573 5508 4393 3346 
6 9707 9596 7955 7766 5125 2579 
10 9706 9327 9125 8759 8468 7851 7338 6840 5775 4641 
6 9705 9546 9499 7136 5723 144 
9 9704 9212 9181 9085 8999 8089 7896 7115 2152 
3 9703 8091 7467 
5 9702 9517 5270 4271 3500 
9 9701 9432 8269 8142 7820 7758 5395 4726 1510 
3 9700 5587 4671 
6 9699 9010 7974 7586 5850 3543 
5 9698 9589 6853 5439 3064 
8 9697 9211 8905 8815 8202 7720 6650 5010 
3 9696 9564 9483 
8 9695 8913 8138 7160 6266 5720 5149 4540 
7 9694 9395 9184 7918 7202 6087 4799 
1 9693 
3 9692 8350 1658 
8 9691 9576 9485 9460 9290 7753 6226 2853 
6 9690 8100 7842 7133 5606 2508 
3 9689 8280 8069 
5 9688 9092 8931 8740 1829 
7 9687 9371 7382 6993 5926 4918 749 
5 9686 9053 8822 8453 4846 
9 9685 9580 8479 8322 7995 7725 7039 6136 5248 
8 9684 9490 9320 9309 8327 6761 4865 3883 
7 9683 9161 8838 7214 6470 3626 1718 
4 9682 9176 5047 2130 
10 9681 9516 9426 8457 8321 8036 7708 7390 6514 44 
5 9680 9545 6011 5545 4160 
8 9679 9599 8487 7566 7251 6250 4861 2618 
7 9678 9508 9367 8935 8608 8369 8022 
1 9677 
6 9676 8132 7540 7053 5758 2307 
7 9675 9591 9036 8611 8313 7825 3080 
10 9674 9178 8619 8304 7374 6992 6702 5896 4425 1207 
2 9673 3884 
6 9672 8663 8374 5895 2363 729 
3 9671 9324 9252 
11 9670 9584 9405 9384 9248 9232 9028 8914 8722 5159 1403 
7 9669 6964 6193 5575 3956 2521 60 
3 9668 7899 5501 
11 9667 9415 8802 8522 8238 8008 6624 5398 4732 3517 623 
3 9666 9573 479 
2 9665 9117 
2 9664 8994 
8 9663 8860 8657 8015 7300 6976 5665 1892 
4 9662 8794 8710 4755 
8 9661 9236 8834 8282 7670 6999 5544 4363 
5 9660 8397 5791 4962 2873 
9 9659 9368 9350 9145 8463 6444 5415 4719 3032 
10 9658 9239 9143 8961 8925 7832 7518 6595 5432 2671 
7 9657 9529 8729 8482 7242 5790 4622 
6 9656 7818 7343 6227 5423 3656 
2 9655 9476 
10 9654 9535 8757 8565 8110 7611 7356 5873 4568 840 
10 9653 9047 8828 8523 8260 7639 7087 6241 4103 2450 
9 9652 9436 9237 9174 8894 8540 8340 7359 6665 
6 9651 9162 9088 8790 7795 2961 
4 9650 6997 4350 2659 
7 9649 9581 9570 9484 7784 6348 3350 
6 9648 8076 7801 7166 6750 5543 
7 9647 9480 9280 8087 5434 4424 1247 
2 9646 7600 
3 9645 9488 9049 
8 9644 9373 8372 6700 5814 5438 4908 3914 
8 9643 9275 9183 9077 8977 8862 3713 2169 
6 9642 7821 7593 7182 2090 980 
8 9641 9443 8639 8538 7337 5735 5265 2055 
4 9640 9551 8808 5561 
6 9639 9416 9169 7537 6721 5179 
2 9638 3880 
3 9637 6991 5653 
4 9636 9542 9251 5597 
2 9635 6060 
7 9634 9533 9223 7992 7219 6505 5828 
4 9633 9559 9538 9515 
6 9632 9440 9396 6490 5916 4683 
8 9631 9547 9217 8532 8332 6302 4916 4332 
8 9630 9242 9149 8746 8658 8472 8147 913 
8 9629 9168 7781 7074 6748 5407 5055 3562 
3 9628 9563 9520 
3 9627 9569 1823 
8 9626 9587 8845 8276 7813 6644 4338 2273 
6 9625 9528 8478 8178 5063 900 
13 9624 9408 9407 9363 9177 9066 8764 8684 8381 7978 7264 6465 3836 
9 9623 9434 8183 8013 7869 7481 7244 6355 4759 
8 9622 8317 8197 7950 7826 7268 6311 2038 
10 9621 8998 8633 8275 7979 7295 5449 5110 4185 2824 
7 9620 9524 9500 8751 8495 8301 3087 
12 9619 9592 9399 8829 8501 8180 7977 7721 7416 6405 4778 3000 
5 9618 8948 6439 3860 86 
7 9617 9506 9189 7800 7112 6789 6221 
10 9616 9155 8997 8936 8677 8508 7241 6433 5408 4577 
9 9615 8567 8427 8341 7904 6994 3984 3033 797 
4 9614 6417 5130 1136 
3 9613 9507 6870 
9 9612 9444 9322 9220 6934 6717 4783 4725 2276 
6 9611 9424 9389 9098 8735 7173 
10 9610 9498 9339 8442 8356 7748 7311 6603 5230 3274 
3 9609 7059 3797 
5 9608 7405 7157 5616 3238 
4 9607 9354 4886 616 
3 9606 8414 2238 
7 9605 9093 8934 8221 7855 7731 5048 
6 9604 9487 9447 9172 3378 2224 
1 9603 
9 9602 9572 9099 8762 8201 7649 6632 5942 5672 
3 9601 7937 3097 
7 9600 8058 7603 7138 6844 6423 5549 
